<?xml version="1.0" encoding="UTF-8"?>
<TestRun id="72969bcc-849d-45ae-b34f-8021dbd2c461" name="Iliyan@ILIYAN 2018-09-06 13:18:34" runUser="ILIYAN\Iliyan" xmlns="http://microsoft.com/schemas/VisualStudio/TeamTest/2010">
  <TestSettings name="Local" id="71777822-dd7c-4c22-8564-916f74d40ac4">
    <Description>These are default test settings for a local test run.</Description>
    <Deployment runDeploymentRoot="Iliyan_ILIYAN 2018-09-06 13_18_34">
      <DeploymentItem filename="F:\favorita\c#\Visual Studio 2015\MVC-Projects\OnlineShoeKing\OnlineShoeKing\bin\OnlineShoeKing.dll" />
    </Deployment>
    <Execution hostProcessPlatform="MSIL">
      <TestTypeSpecific>
        <UnitTestRunConfig testTypeId="13cdc9d9-ddb5-4fa4-a97d-d965ccfc6d4b">
          <AssemblyResolution>
            <TestDirectory useLoadContext="true" />
          </AssemblyResolution>
        </UnitTestRunConfig>
        <WebTestRunConfiguration testTypeId="4e7599fa-5ecb-43e9-a887-cd63cf72d207">
          <Browser name="Internet Explorer 9.0" MaxConnections="6">
            <Headers>
              <Header name="User-Agent" value="Mozilla/5.0 (compatible; MSIE 9.0; Windows NT 6.1; Trident/5.0)" />
              <Header name="Accept" value="*/*" />
              <Header name="Accept-Language" value="{{$IEAcceptLanguage}}" />
              <Header name="Accept-Encoding" value="GZIP" />
            </Headers>
          </Browser>
        </WebTestRunConfiguration>
      </TestTypeSpecific>
      <AgentRule name="LocalMachineDefaultRole">
      </AgentRule>
    </Execution>
    <Properties>
      <Property name="TestSettingsUIType" value="UnitTest" />
    </Properties>
  </TestSettings>
  <Times creation="2018-09-06T13:18:34.9168638+03:00" queuing="2018-09-06T13:18:35.3915696+03:00" start="2018-09-06T13:18:35.5334805+03:00" finish="2018-09-06T13:18:57.0461881+03:00" />
  <ResultSummary outcome="Failed">
    <Counters total="1" executed="1" error="0" failed="1" timeout="0" aborted="0" inconclusive="0" passedButRunAborted="0" notRunnable="0" notExecuted="0" disconnected="0" warning="0" passed="0" completed="0" inProgress="0" pending="0" />
  </ResultSummary>
  <TestDefinitions>
    <WebTest name="WebTest2" storage="f:\favorita\c#\visual studio 2015\mvc-projects\onlineshoeking\shoeking.test\webtest2.webtest" id="3d742aef-e631-4067-bde6-e0ea927e6537" persistedWebTest="77u/PD94bWwgdmVyc2lvbj0iMS4wIiBlbmNvZGluZz0iVVRGLTgiIHN0YW5kYWxvbmU9InllcyI/Pg0KPFdlYlRlc3QgTmFtZT0iV2ViVGVzdDIiIElkPSIzZDc0MmFlZi1lNjMxLTQwNjctYmRlNi1lMGVhOTI3ZTY1MzciIE93bmVyPSIiIFByaW9yaXR5PSIyMTQ3NDgzNjQ3IiBFbmFibGVkPSJUcnVlIiBDc3NQcm9qZWN0U3RydWN0dXJlPSIiIENzc0l0ZXJhdGlvbj0iIiBUaW1lb3V0PSIwIiBXb3JrSXRlbUlkcz0iIiB4bWxucz0iaHR0cDovL21pY3Jvc29mdC5jb20vc2NoZW1hcy9WaXN1YWxTdHVkaW8vVGVhbVRlc3QvMjAxMCIgRGVzY3JpcHRpb249IiIgQ3JlZGVudGlhbFVzZXJOYW1lPSIiIENyZWRlbnRpYWxQYXNzd29yZD0iIiBQcmVBdXRoZW50aWNhdGU9IlRydWUiIFByb3h5PSJkZWZhdWx0IiBTdG9wT25FcnJvcj0iRmFsc2UiIFJlY29yZGVkUmVzdWx0RmlsZT0iV2ViVGVzdDIuYTEzM2VkMjctMGQxZS00ZTUwLThmMDktMzBjMzdjMzQ1OGUyLnJlYy53ZWJ0ZXN0cmVzdWx0IiBSZXN1bHRzTG9jYWxlPSIiPg0KICA8SXRlbXM+DQogICAgPFJlcXVlc3QgTWV0aG9kPSJHRVQiIEd1aWQ9Ijg2N2E4MzkxLTY5NzktNGI1NC04N2QxLTNkYzU4ZDc2NjA0MSIgVmVyc2lvbj0iMS4xIiBVcmw9Imh0dHA6Ly9hcGkuYmluZy5jb20vcXNtbC5hc3B4IiBUaGlua1RpbWU9IjAiIFRpbWVvdXQ9IjMwMCIgUGFyc2VEZXBlbmRlbnRSZXF1ZXN0cz0iVHJ1ZSIgRm9sbG93UmVkaXJlY3RzPSJUcnVlIiBSZWNvcmRSZXN1bHQ9IlRydWUiIENhY2hlPSJGYWxzZSIgUmVzcG9uc2VUaW1lR29hbD0iMCIgRW5jb2Rpbmc9InV0Zi04IiBFeHBlY3RlZEh0dHBTdGF0dXNDb2RlPSIwIiBFeHBlY3RlZFJlc3BvbnNlVXJsPSJodHRwczovL2FwaS5iaW5nLmNvbS9xc21sLmFzcHg/cXVlcnk9aSZhbXA7bWF4d2lkdGg9MzI3NjUmYW1wO3Jvd2hlaWdodD0yMCZhbXA7c2VjdGlvbkhlaWdodD0xNjAmYW1wO0ZPUk09SUVTUzRBJmFtcDttYXJrZXQ9ZW4tVVMmYW1wO3BjPUVVUFBfIiBSZXBvcnRpbmdOYW1lPSIiIElnbm9yZUh0dHBTdGF0dXNDb2RlPSJGYWxzZSI+DQogICAgICA8UXVlcnlTdHJpbmdQYXJhbWV0ZXJzPg0KICAgICAgICA8UXVlcnlTdHJpbmdQYXJhbWV0ZXIgTmFtZT0icXVlcnkiIFZhbHVlPSJpIiBSZWNvcmRlZFZhbHVlPSJpIiBDb3JyZWxhdGlvbkJpbmRpbmc9IiIgVXJsRW5jb2RlPSJGYWxzZSIgVXNlVG9Hcm91cFJlc3VsdHM9IkZhbHNlIiAvPg0KICAgICAgICA8UXVlcnlTdHJpbmdQYXJhbWV0ZXIgTmFtZT0ibWF4d2lkdGgiIFZhbHVlPSIzMjc2NSIgUmVjb3JkZWRWYWx1ZT0iMzI3NjUiIENvcnJlbGF0aW9uQmluZGluZz0iIiBVcmxFbmNvZGU9IkZhbHNlIiBVc2VUb0dyb3VwUmVzdWx0cz0iRmFsc2UiIC8+DQogICAgICAgIDxRdWVyeVN0cmluZ1BhcmFtZXRlciBOYW1lPSJyb3doZWlnaHQiIFZhbHVlPSIyMCIgUmVjb3JkZWRWYWx1ZT0iMjAiIENvcnJlbGF0aW9uQmluZGluZz0iIiBVcmxFbmNvZGU9IkZhbHNlIiBVc2VUb0dyb3VwUmVzdWx0cz0iRmFsc2UiIC8+DQogICAgICAgIDxRdWVyeVN0cmluZ1BhcmFtZXRlciBOYW1lPSJzZWN0aW9uSGVpZ2h0IiBWYWx1ZT0iMTYwIiBSZWNvcmRlZFZhbHVlPSIxNjAiIENvcnJlbGF0aW9uQmluZGluZz0iIiBVcmxFbmNvZGU9IkZhbHNlIiBVc2VUb0dyb3VwUmVzdWx0cz0iRmFsc2UiIC8+DQogICAgICAgIDxRdWVyeVN0cmluZ1BhcmFtZXRlciBOYW1lPSJGT1JNIiBWYWx1ZT0iSUVTUzRBIiBSZWNvcmRlZFZhbHVlPSJJRVNTNEEiIENvcnJlbGF0aW9uQmluZGluZz0iIiBVcmxFbmNvZGU9IkZhbHNlIiBVc2VUb0dyb3VwUmVzdWx0cz0iRmFsc2UiIC8+DQogICAgICAgIDxRdWVyeVN0cmluZ1BhcmFtZXRlciBOYW1lPSJtYXJrZXQiIFZhbHVlPSJlbi1VUyIgUmVjb3JkZWRWYWx1ZT0iZW4tVVMiIENvcnJlbGF0aW9uQmluZGluZz0iIiBVcmxFbmNvZGU9IkZhbHNlIiBVc2VUb0dyb3VwUmVzdWx0cz0iRmFsc2UiIC8+DQogICAgICAgIDxRdWVyeVN0cmluZ1BhcmFtZXRlciBOYW1lPSJwYyIgVmFsdWU9IkVVUFBfIiBSZWNvcmRlZFZhbHVlPSJFVVBQXyIgQ29ycmVsYXRpb25CaW5kaW5nPSIiIFVybEVuY29kZT0iRmFsc2UiIFVzZVRvR3JvdXBSZXN1bHRzPSJGYWxzZSIgLz4NCiAgICAgIDwvUXVlcnlTdHJpbmdQYXJhbWV0ZXJzPg0KICAgIDwvUmVxdWVzdD4NCiAgICA8UmVxdWVzdCBNZXRob2Q9IkdFVCIgR3VpZD0iMzRmNTAyZjUtNDRjZi00MGM5LTg0OWQtOTI3ZTQ0YTY5ZmE0IiBWZXJzaW9uPSIxLjEiIFVybD0iaHR0cDovL2FwaS5iaW5nLmNvbS9xc21sLmFzcHgiIFRoaW5rVGltZT0iMSIgVGltZW91dD0iMzAwIiBQYXJzZURlcGVuZGVudFJlcXVlc3RzPSJUcnVlIiBGb2xsb3dSZWRpcmVjdHM9IlRydWUiIFJlY29yZFJlc3VsdD0iVHJ1ZSIgQ2FjaGU9IkZhbHNlIiBSZXNwb25zZVRpbWVHb2FsPSIwIiBFbmNvZGluZz0idXRmLTgiIEV4cGVjdGVkSHR0cFN0YXR1c0NvZGU9IjAiIEV4cGVjdGVkUmVzcG9uc2VVcmw9Imh0dHBzOi8vYXBpLmJpbmcuY29tL3FzbWwuYXNweD9xdWVyeT1pbCZhbXA7bWF4d2lkdGg9MzI3NjUmYW1wO3Jvd2hlaWdodD0yMCZhbXA7c2VjdGlvbkhlaWdodD0xNjAmYW1wO0ZPUk09SUVTUzRBJmFtcDttYXJrZXQ9ZW4tVVMmYW1wO3BjPUVVUFBfIiBSZXBvcnRpbmdOYW1lPSIiIElnbm9yZUh0dHBTdGF0dXNDb2RlPSJGYWxzZSI+DQogICAgICA8UXVlcnlTdHJpbmdQYXJhbWV0ZXJzPg0KICAgICAgICA8UXVlcnlTdHJpbmdQYXJhbWV0ZXIgTmFtZT0icXVlcnkiIFZhbHVlPSJpbCIgUmVjb3JkZWRWYWx1ZT0iaWwiIENvcnJlbGF0aW9uQmluZGluZz0iIiBVcmxFbmNvZGU9IkZhbHNlIiBVc2VUb0dyb3VwUmVzdWx0cz0iRmFsc2UiIC8+DQogICAgICAgIDxRdWVyeVN0cmluZ1BhcmFtZXRlciBOYW1lPSJtYXh3aWR0aCIgVmFsdWU9IjMyNzY1IiBSZWNvcmRlZFZhbHVlPSIzMjc2NSIgQ29ycmVsYXRpb25CaW5kaW5nPSIiIFVybEVuY29kZT0iRmFsc2UiIFVzZVRvR3JvdXBSZXN1bHRzPSJGYWxzZSIgLz4NCiAgICAgICAgPFF1ZXJ5U3RyaW5nUGFyYW1ldGVyIE5hbWU9InJvd2hlaWdodCIgVmFsdWU9IjIwIiBSZWNvcmRlZFZhbHVlPSIyMCIgQ29ycmVsYXRpb25CaW5kaW5nPSIiIFVybEVuY29kZT0iRmFsc2UiIFVzZVRvR3JvdXBSZXN1bHRzPSJGYWxzZSIgLz4NCiAgICAgICAgPFF1ZXJ5U3RyaW5nUGFyYW1ldGVyIE5hbWU9InNlY3Rpb25IZWlnaHQiIFZhbHVlPSIxNjAiIFJlY29yZGVkVmFsdWU9IjE2MCIgQ29ycmVsYXRpb25CaW5kaW5nPSIiIFVybEVuY29kZT0iRmFsc2UiIFVzZVRvR3JvdXBSZXN1bHRzPSJGYWxzZSIgLz4NCiAgICAgICAgPFF1ZXJ5U3RyaW5nUGFyYW1ldGVyIE5hbWU9IkZPUk0iIFZhbHVlPSJJRVNTNEEiIFJlY29yZGVkVmFsdWU9IklFU1M0QSIgQ29ycmVsYXRpb25CaW5kaW5nPSIiIFVybEVuY29kZT0iRmFsc2UiIFVzZVRvR3JvdXBSZXN1bHRzPSJGYWxzZSIgLz4NCiAgICAgICAgPFF1ZXJ5U3RyaW5nUGFyYW1ldGVyIE5hbWU9Im1hcmtldCIgVmFsdWU9ImVuLVVTIiBSZWNvcmRlZFZhbHVlPSJlbi1VUyIgQ29ycmVsYXRpb25CaW5kaW5nPSIiIFVybEVuY29kZT0iRmFsc2UiIFVzZVRvR3JvdXBSZXN1bHRzPSJGYWxzZSIgLz4NCiAgICAgICAgPFF1ZXJ5U3RyaW5nUGFyYW1ldGVyIE5hbWU9InBjIiBWYWx1ZT0iRVVQUF8iIFJlY29yZGVkVmFsdWU9IkVVUFBfIiBDb3JyZWxhdGlvbkJpbmRpbmc9IiIgVXJsRW5jb2RlPSJGYWxzZSIgVXNlVG9Hcm91cFJlc3VsdHM9IkZhbHNlIiAvPg0KICAgICAgPC9RdWVyeVN0cmluZ1BhcmFtZXRlcnM+DQogICAgPC9SZXF1ZXN0Pg0KICAgIDxSZXF1ZXN0IE1ldGhvZD0iR0VUIiBHdWlkPSI2NzNhMzEzMS1iOTRmLTQxZGYtYmI1My1mMDg5ZWQzZWQzZjgiIFZlcnNpb249IjEuMSIgVXJsPSJodHRwOi8vaWxpeWFubmJ1LTAwMS1zaXRlMS5kdGVtcHVybC5jb20vIiBUaGlua1RpbWU9IjEiIFRpbWVvdXQ9IjMwMCIgUGFyc2VEZXBlbmRlbnRSZXF1ZXN0cz0iVHJ1ZSIgRm9sbG93UmVkaXJlY3RzPSJUcnVlIiBSZWNvcmRSZXN1bHQ9IlRydWUiIENhY2hlPSJGYWxzZSIgUmVzcG9uc2VUaW1lR29hbD0iMCIgRW5jb2Rpbmc9InV0Zi04IiBFeHBlY3RlZEh0dHBTdGF0dXNDb2RlPSIwIiBFeHBlY3RlZFJlc3BvbnNlVXJsPSIiIFJlcG9ydGluZ05hbWU9IiIgSWdub3JlSHR0cFN0YXR1c0NvZGU9IkZhbHNlIj4NCiAgICAgIDxEZXBlbmRlbnRSZXF1ZXN0cz4NCiAgICAgICAgPFJlcXVlc3QgTWV0aG9kPSJHRVQiIEd1aWQ9IjQ3OWRiNTNkLTcyMjAtNDRhOS1iYmJiLWU5MjkzZWRlODQwOSIgVmVyc2lvbj0iMS4xIiBVcmw9Imh0dHA6Ly9mb250cy5nc3RhdGljLmNvbS9zL2xhdG8vdjE0L1M2dTh3NEJNVVRQSGgzMEFYQy1zLndvZmYiIFRoaW5rVGltZT0iMCIgVGltZW91dD0iMzAwIiBQYXJzZURlcGVuZGVudFJlcXVlc3RzPSJUcnVlIiBGb2xsb3dSZWRpcmVjdHM9IlRydWUiIFJlY29yZFJlc3VsdD0iVHJ1ZSIgQ2FjaGU9IkZhbHNlIiBSZXNwb25zZVRpbWVHb2FsPSIwIiBFbmNvZGluZz0idXRmLTgiIEV4cGVjdGVkSHR0cFN0YXR1c0NvZGU9IjAiIEV4cGVjdGVkUmVzcG9uc2VVcmw9IiIgUmVwb3J0aW5nTmFtZT0iIiBJZ25vcmVIdHRwU3RhdHVzQ29kZT0iRmFsc2UiPg0KICAgICAgICAgIDxIZWFkZXJzPg0KICAgICAgICAgICAgPEhlYWRlciBOYW1lPSJSZWZlcmVyIiBWYWx1ZT0iaHR0cDovL2lsaXlhbm5idS0wMDEtc2l0ZTEuZHRlbXB1cmwuY29tLyIgLz4NCiAgICAgICAgICA8L0hlYWRlcnM+DQogICAgICAgIDwvUmVxdWVzdD4NCiAgICAgICAgPFJlcXVlc3QgTWV0aG9kPSJHRVQiIEd1aWQ9Ijc4MTdlNmRlLTEyYzktNDAxZS04MGZhLTMyZGE2YTk1OGI0MyIgVmVyc2lvbj0iMS4xIiBVcmw9Imh0dHA6Ly9mb250cy5nc3RhdGljLmNvbS9zL2xhdG8vdjE0L1M2dTl3NEJNVVRQSGg3VVNTd2lQSHcud29mZiIgVGhpbmtUaW1lPSIwIiBUaW1lb3V0PSIzMDAiIFBhcnNlRGVwZW5kZW50UmVxdWVzdHM9IlRydWUiIEZvbGxvd1JlZGlyZWN0cz0iVHJ1ZSIgUmVjb3JkUmVzdWx0PSJUcnVlIiBDYWNoZT0iRmFsc2UiIFJlc3BvbnNlVGltZUdvYWw9IjAiIEVuY29kaW5nPSJ1dGYtOCIgRXhwZWN0ZWRIdHRwU3RhdHVzQ29kZT0iMCIgRXhwZWN0ZWRSZXNwb25zZVVybD0iIiBSZXBvcnRpbmdOYW1lPSIiIElnbm9yZUh0dHBTdGF0dXNDb2RlPSJGYWxzZSI+DQogICAgICAgICAgPEhlYWRlcnM+DQogICAgICAgICAgICA8SGVhZGVyIE5hbWU9IlJlZmVyZXIiIFZhbHVlPSJodHRwOi8vaWxpeWFubmJ1LTAwMS1zaXRlMS5kdGVtcHVybC5jb20vIiAvPg0KICAgICAgICAgIDwvSGVhZGVycz4NCiAgICAgICAgPC9SZXF1ZXN0Pg0KICAgICAgICA8UmVxdWVzdCBNZXRob2Q9IkdFVCIgR3VpZD0iNjE1NzQ1NjEtZmY0MC00MWE4LTk4OGEtYWQ2NzJhNGNjNGU1IiBWZXJzaW9uPSIxLjEiIFVybD0iaHR0cDovL2ZvbnRzLmdzdGF0aWMuY29tL3MvbGF0by92MTQvUzZ1eXc0Qk1VVFBIang0d1dBLndvZmYiIFRoaW5rVGltZT0iMCIgVGltZW91dD0iMzAwIiBQYXJzZURlcGVuZGVudFJlcXVlc3RzPSJUcnVlIiBGb2xsb3dSZWRpcmVjdHM9IlRydWUiIFJlY29yZFJlc3VsdD0iVHJ1ZSIgQ2FjaGU9IkZhbHNlIiBSZXNwb25zZVRpbWVHb2FsPSIwIiBFbmNvZGluZz0idXRmLTgiIEV4cGVjdGVkSHR0cFN0YXR1c0NvZGU9IjAiIEV4cGVjdGVkUmVzcG9uc2VVcmw9IiIgUmVwb3J0aW5nTmFtZT0iIiBJZ25vcmVIdHRwU3RhdHVzQ29kZT0iRmFsc2UiPg0KICAgICAgICAgIDxIZWFkZXJzPg0KICAgICAgICAgICAgPEhlYWRlciBOYW1lPSJSZWZlcmVyIiBWYWx1ZT0iaHR0cDovL2lsaXlhbm5idS0wMDEtc2l0ZTEuZHRlbXB1cmwuY29tLyIgLz4NCiAgICAgICAgICA8L0hlYWRlcnM+DQogICAgICAgIDwvUmVxdWVzdD4NCiAgICAgICAgPFJlcXVlc3QgTWV0aG9kPSJHRVQiIEd1aWQ9IjM3YWVmNTk5LTlhOWQtNDkxNC1iYzM1LTE2YjdmNDdkY2QxOCIgVmVyc2lvbj0iMS4xIiBVcmw9Imh0dHA6Ly9mb250cy5nc3RhdGljLmNvbS9zL2xhdG8vdjE0L1M2dTl3NEJNVVRQSGg2VVZTd2lQSHcud29mZiIgVGhpbmtUaW1lPSIwIiBUaW1lb3V0PSIzMDAiIFBhcnNlRGVwZW5kZW50UmVxdWVzdHM9IlRydWUiIEZvbGxvd1JlZGlyZWN0cz0iVHJ1ZSIgUmVjb3JkUmVzdWx0PSJUcnVlIiBDYWNoZT0iRmFsc2UiIFJlc3BvbnNlVGltZUdvYWw9IjAiIEVuY29kaW5nPSJ1dGYtOCIgRXhwZWN0ZWRIdHRwU3RhdHVzQ29kZT0iMCIgRXhwZWN0ZWRSZXNwb25zZVVybD0iIiBSZXBvcnRpbmdOYW1lPSIiIElnbm9yZUh0dHBTdGF0dXNDb2RlPSJGYWxzZSI+DQogICAgICAgICAgPEhlYWRlcnM+DQogICAgICAgICAgICA8SGVhZGVyIE5hbWU9IlJlZmVyZXIiIFZhbHVlPSJodHRwOi8vaWxpeWFubmJ1LTAwMS1zaXRlMS5kdGVtcHVybC5jb20vIiAvPg0KICAgICAgICAgIDwvSGVhZGVycz4NCiAgICAgICAgPC9SZXF1ZXN0Pg0KICAgICAgICA8UmVxdWVzdCBNZXRob2Q9IkdFVCIgR3VpZD0iNGIzNDVmODYtYjRmMC00NDVkLTk1MDAtZGIxYzI3MTA2MDgzIiBWZXJzaW9uPSIxLjEiIFVybD0iaHR0cDovL2ZvbnRzLmdzdGF0aWMuY29tL3MvbGF0by92MTQvUzZ1OXc0Qk1VVFBIaDUwWFN3aVBIdy53b2ZmIiBUaGlua1RpbWU9IjAiIFRpbWVvdXQ9IjMwMCIgUGFyc2VEZXBlbmRlbnRSZXF1ZXN0cz0iVHJ1ZSIgRm9sbG93UmVkaXJlY3RzPSJUcnVlIiBSZWNvcmRSZXN1bHQ9IlRydWUiIENhY2hlPSJGYWxzZSIgUmVzcG9uc2VUaW1lR29hbD0iMCIgRW5jb2Rpbmc9InV0Zi04IiBFeHBlY3RlZEh0dHBTdGF0dXNDb2RlPSIwIiBFeHBlY3RlZFJlc3BvbnNlVXJsPSIiIFJlcG9ydGluZ05hbWU9IiIgSWdub3JlSHR0cFN0YXR1c0NvZGU9IkZhbHNlIj4NCiAgICAgICAgICA8SGVhZGVycz4NCiAgICAgICAgICAgIDxIZWFkZXIgTmFtZT0iUmVmZXJlciIgVmFsdWU9Imh0dHA6Ly9pbGl5YW5uYnUtMDAxLXNpdGUxLmR0ZW1wdXJsLmNvbS8iIC8+DQogICAgICAgICAgPC9IZWFkZXJzPg0KICAgICAgICA8L1JlcXVlc3Q+DQogICAgICAgIDxSZXF1ZXN0IE1ldGhvZD0iR0VUIiBHdWlkPSJhMmIxNTE3ZS0wMTI4LTRhNWUtYjQ3ZS0wZTYyZGY3NGNmNjQiIFZlcnNpb249IjEuMSIgVXJsPSJodHRwOi8vaWxpeWFubmJ1LTAwMS1zaXRlMS5kdGVtcHVybC5jb20vZm9udHMvZ2x5cGhpY29ucy1oYWxmbGluZ3MtcmVndWxhci5lb3QiIFRoaW5rVGltZT0iMCIgVGltZW91dD0iMzAwIiBQYXJzZURlcGVuZGVudFJlcXVlc3RzPSJUcnVlIiBGb2xsb3dSZWRpcmVjdHM9IlRydWUiIFJlY29yZFJlc3VsdD0iVHJ1ZSIgQ2FjaGU9IkZhbHNlIiBSZXNwb25zZVRpbWVHb2FsPSIwIiBFbmNvZGluZz0idXRmLTgiIEV4cGVjdGVkSHR0cFN0YXR1c0NvZGU9IjAiIEV4cGVjdGVkUmVzcG9uc2VVcmw9IiIgUmVwb3J0aW5nTmFtZT0iIiBJZ25vcmVIdHRwU3RhdHVzQ29kZT0iRmFsc2UiPg0KICAgICAgICAgIDxIZWFkZXJzPg0KICAgICAgICAgICAgPEhlYWRlciBOYW1lPSJSZWZlcmVyIiBWYWx1ZT0iaHR0cDovL2lsaXlhbm5idS0wMDEtc2l0ZTEuZHRlbXB1cmwuY29tLyIgLz4NCiAgICAgICAgICA8L0hlYWRlcnM+DQogICAgICAgICAgPFF1ZXJ5U3RyaW5nUGFyYW1ldGVycz4NCiAgICAgICAgICAgIDxRdWVyeVN0cmluZ1BhcmFtZXRlciBOYW1lPSIiIFZhbHVlPSIiIFJlY29yZGVkVmFsdWU9IiIgQ29ycmVsYXRpb25CaW5kaW5nPSIiIFVybEVuY29kZT0iRmFsc2UiIFVzZVRvR3JvdXBSZXN1bHRzPSJGYWxzZSIgLz4NCiAgICAgICAgICA8L1F1ZXJ5U3RyaW5nUGFyYW1ldGVycz4NCiAgICAgICAgPC9SZXF1ZXN0Pg0KICAgICAgICA8UmVxdWVzdCBNZXRob2Q9IkdFVCIgR3VpZD0iZmM3OTQ2NDAtNzE4NC00YWE5LWJkMjgtYmE1NmMzZjFhMzI4IiBWZXJzaW9uPSIxLjEiIFVybD0iaHR0cDovL2lsaXlhbm5idS0wMDEtc2l0ZTEuZHRlbXB1cmwuY29tL0hvbWUvR2V0T3JkZXJNZXNzYWdlc0NvdW50IiBUaGlua1RpbWU9IjAiIFRpbWVvdXQ9IjMwMCIgUGFyc2VEZXBlbmRlbnRSZXF1ZXN0cz0iVHJ1ZSIgRm9sbG93UmVkaXJlY3RzPSJUcnVlIiBSZWNvcmRSZXN1bHQ9IlRydWUiIENhY2hlPSJGYWxzZSIgUmVzcG9uc2VUaW1lR29hbD0iMCIgRW5jb2Rpbmc9InV0Zi04IiBFeHBlY3RlZEh0dHBTdGF0dXNDb2RlPSIwIiBFeHBlY3RlZFJlc3BvbnNlVXJsPSIiIFJlcG9ydGluZ05hbWU9IiIgSWdub3JlSHR0cFN0YXR1c0NvZGU9IkZhbHNlIj4NCiAgICAgICAgICA8SGVhZGVycz4NCiAgICAgICAgICAgIDxIZWFkZXIgTmFtZT0iQWNjZXB0IiBWYWx1ZT0iYXBwbGljYXRpb24vanNvbiwgdGV4dC9qYXZhc2NyaXB0LCAqLyo7IHE9MC4wMSIgLz4NCiAgICAgICAgICAgIDxIZWFkZXIgTmFtZT0iWC1SZXF1ZXN0ZWQtV2l0aCIgVmFsdWU9IlhNTEh0dHBSZXF1ZXN0IiAvPg0KICAgICAgICAgICAgPEhlYWRlciBOYW1lPSJSZWZlcmVyIiBWYWx1ZT0iaHR0cDovL2lsaXlhbm5idS0wMDEtc2l0ZTEuZHRlbXB1cmwuY29tLyIgLz4NCiAgICAgICAgICA8L0hlYWRlcnM+DQogICAgICAgIDwvUmVxdWVzdD4NCiAgICAgICAgPFJlcXVlc3QgTWV0aG9kPSJHRVQiIEd1aWQ9IjExZWJkMjExLTI0YjgtNGNlZi04MGFiLWQ1ZDg2NTI4ZmNkMCIgVmVyc2lvbj0iMS4xIiBVcmw9Imh0dHA6Ly9pbGl5YW5uYnUtMDAxLXNpdGUxLmR0ZW1wdXJsLmNvbS9Ib21lL0dldENhcnRQcm9kdWN0cyIgVGhpbmtUaW1lPSIwIiBUaW1lb3V0PSIzMDAiIFBhcnNlRGVwZW5kZW50UmVxdWVzdHM9IlRydWUiIEZvbGxvd1JlZGlyZWN0cz0iVHJ1ZSIgUmVjb3JkUmVzdWx0PSJUcnVlIiBDYWNoZT0iRmFsc2UiIFJlc3BvbnNlVGltZUdvYWw9IjAiIEVuY29kaW5nPSJ1dGYtOCIgRXhwZWN0ZWRIdHRwU3RhdHVzQ29kZT0iMCIgRXhwZWN0ZWRSZXNwb25zZVVybD0iIiBSZXBvcnRpbmdOYW1lPSIiIElnbm9yZUh0dHBTdGF0dXNDb2RlPSJGYWxzZSI+DQogICAgICAgICAgPEhlYWRlcnM+DQogICAgICAgICAgICA8SGVhZGVyIE5hbWU9IkFjY2VwdCIgVmFsdWU9ImFwcGxpY2F0aW9uL2pzb24sIHRleHQvamF2YXNjcmlwdCwgKi8qOyBxPTAuMDEiIC8+DQogICAgICAgICAgICA8SGVhZGVyIE5hbWU9IlgtUmVxdWVzdGVkLVdpdGgiIFZhbHVlPSJYTUxIdHRwUmVxdWVzdCIgLz4NCiAgICAgICAgICAgIDxIZWFkZXIgTmFtZT0iUmVmZXJlciIgVmFsdWU9Imh0dHA6Ly9pbGl5YW5uYnUtMDAxLXNpdGUxLmR0ZW1wdXJsLmNvbS8iIC8+DQogICAgICAgICAgPC9IZWFkZXJzPg0KICAgICAgICA8L1JlcXVlc3Q+DQogICAgICAgIDxSZXF1ZXN0IE1ldGhvZD0iR0VUIiBHdWlkPSI1Yzk3NTA5Zi0zZGNlLTQ1Y2YtODQyZS0zODQyYTQ0ZmIwMmMiIFZlcnNpb249IjEuMSIgVXJsPSJodHRwOi8vaWxpeWFubmJ1LTAwMS1zaXRlMS5kdGVtcHVybC5jb20vSG9tZS9HZXRIb21lUGFnZSIgVGhpbmtUaW1lPSIwIiBUaW1lb3V0PSIzMDAiIFBhcnNlRGVwZW5kZW50UmVxdWVzdHM9IlRydWUiIEZvbGxvd1JlZGlyZWN0cz0iVHJ1ZSIgUmVjb3JkUmVzdWx0PSJUcnVlIiBDYWNoZT0iRmFsc2UiIFJlc3BvbnNlVGltZUdvYWw9IjAiIEVuY29kaW5nPSJ1dGYtOCIgRXhwZWN0ZWRIdHRwU3RhdHVzQ29kZT0iMCIgRXhwZWN0ZWRSZXNwb25zZVVybD0iIiBSZXBvcnRpbmdOYW1lPSIiIElnbm9yZUh0dHBTdGF0dXNDb2RlPSJGYWxzZSI+DQogICAgICAgICAgPEhlYWRlcnM+DQogICAgICAgICAgICA8SGVhZGVyIE5hbWU9IkFjY2VwdCIgVmFsdWU9ImFwcGxpY2F0aW9uL2pzb24sIHRleHQvamF2YXNjcmlwdCwgKi8qOyBxPTAuMDEiIC8+DQogICAgICAgICAgICA8SGVhZGVyIE5hbWU9IlgtUmVxdWVzdGVkLVdpdGgiIFZhbHVlPSJYTUxIdHRwUmVxdWVzdCIgLz4NCiAgICAgICAgICAgIDxIZWFkZXIgTmFtZT0iUmVmZXJlciIgVmFsdWU9Imh0dHA6Ly9pbGl5YW5uYnUtMDAxLXNpdGUxLmR0ZW1wdXJsLmNvbS8iIC8+DQogICAgICAgICAgPC9IZWFkZXJzPg0KICAgICAgICA8L1JlcXVlc3Q+DQogICAgICAgIDxSZXF1ZXN0IE1ldGhvZD0iR0VUIiBHdWlkPSI5YWM2NDRkMC05NmNjLTRkMTMtYTZiZi01MjQ5NDRkMTMyNDgiIFZlcnNpb249IjEuMSIgVXJsPSJodHRwOi8vaWxpeWFubmJ1LTAwMS1zaXRlMS5kdGVtcHVybC5jb20vSG9tZS9HZXRGb290ZXIiIFRoaW5rVGltZT0iMCIgVGltZW91dD0iMzAwIiBQYXJzZURlcGVuZGVudFJlcXVlc3RzPSJUcnVlIiBGb2xsb3dSZWRpcmVjdHM9IlRydWUiIFJlY29yZFJlc3VsdD0iVHJ1ZSIgQ2FjaGU9IkZhbHNlIiBSZXNwb25zZVRpbWVHb2FsPSIwIiBFbmNvZGluZz0idXRmLTgiIEV4cGVjdGVkSHR0cFN0YXR1c0NvZGU9IjAiIEV4cGVjdGVkUmVzcG9uc2VVcmw9IiIgUmVwb3J0aW5nTmFtZT0iIiBJZ25vcmVIdHRwU3RhdHVzQ29kZT0iRmFsc2UiPg0KICAgICAgICAgIDxIZWFkZXJzPg0KICAgICAgICAgICAgPEhlYWRlciBOYW1lPSJBY2NlcHQiIFZhbHVlPSIqLyoiIC8+DQogICAgICAgICAgICA8SGVhZGVyIE5hbWU9IlgtUmVxdWVzdGVkLVdpdGgiIFZhbHVlPSJYTUxIdHRwUmVxdWVzdCIgLz4NCiAgICAgICAgICAgIDxIZWFkZXIgTmFtZT0iUmVmZXJlciIgVmFsdWU9Imh0dHA6Ly9pbGl5YW5uYnUtMDAxLXNpdGUxLmR0ZW1wdXJsLmNvbS8iIC8+DQogICAgICAgICAgPC9IZWFkZXJzPg0KICAgICAgICA8L1JlcXVlc3Q+DQogICAgICAgIDxSZXF1ZXN0IE1ldGhvZD0iR0VUIiBHdWlkPSJmYThjMmMzNC0wODhiLTQ2ODEtYjY1MC02YzM1NWE5NGQ1MjQiIFZlcnNpb249IjEuMSIgVXJsPSJodHRwOi8vaWxpeWFubmJ1LTAwMS1zaXRlMS5kdGVtcHVybC5jb20vUHJvZHVjdHMvR2V0RmF2b3JpdGVzQ291bnQiIFRoaW5rVGltZT0iMCIgVGltZW91dD0iMzAwIiBQYXJzZURlcGVuZGVudFJlcXVlc3RzPSJUcnVlIiBGb2xsb3dSZWRpcmVjdHM9IlRydWUiIFJlY29yZFJlc3VsdD0iVHJ1ZSIgQ2FjaGU9IkZhbHNlIiBSZXNwb25zZVRpbWVHb2FsPSIwIiBFbmNvZGluZz0idXRmLTgiIEV4cGVjdGVkSHR0cFN0YXR1c0NvZGU9IjAiIEV4cGVjdGVkUmVzcG9uc2VVcmw9IiIgUmVwb3J0aW5nTmFtZT0iIiBJZ25vcmVIdHRwU3RhdHVzQ29kZT0iRmFsc2UiPg0KICAgICAgICAgIDxIZWFkZXJzPg0KICAgICAgICAgICAgPEhlYWRlciBOYW1lPSJBY2NlcHQiIFZhbHVlPSIqLyoiIC8+DQogICAgICAgICAgICA8SGVhZGVyIE5hbWU9IlgtUmVxdWVzdGVkLVdpdGgiIFZhbHVlPSJYTUxIdHRwUmVxdWVzdCIgLz4NCiAgICAgICAgICAgIDxIZWFkZXIgTmFtZT0iUmVmZXJlciIgVmFsdWU9Imh0dHA6Ly9pbGl5YW5uYnUtMDAxLXNpdGUxLmR0ZW1wdXJsLmNvbS8iIC8+DQogICAgICAgICAgPC9IZWFkZXJzPg0KICAgICAgICA8L1JlcXVlc3Q+DQogICAgICAgIDxSZXF1ZXN0IE1ldGhvZD0iR0VUIiBHdWlkPSI4MTk2MWY4NS1lMTUyLTRlYTItODBmOS04NjM1NWY1MWY5ZGMiIFZlcnNpb249IjEuMSIgVXJsPSJodHRwOi8vaWxpeWFubmJ1LTAwMS1zaXRlMS5kdGVtcHVybC5jb20vUHJvZHVjdHMvR2V0RmF2b3JpdGVzIiBUaGlua1RpbWU9IjAiIFRpbWVvdXQ9IjMwMCIgUGFyc2VEZXBlbmRlbnRSZXF1ZXN0cz0iVHJ1ZSIgRm9sbG93UmVkaXJlY3RzPSJUcnVlIiBSZWNvcmRSZXN1bHQ9IlRydWUiIENhY2hlPSJGYWxzZSIgUmVzcG9uc2VUaW1lR29hbD0iMCIgRW5jb2Rpbmc9InV0Zi04IiBFeHBlY3RlZEh0dHBTdGF0dXNDb2RlPSIwIiBFeHBlY3RlZFJlc3BvbnNlVXJsPSIiIFJlcG9ydGluZ05hbWU9IiIgSWdub3JlSHR0cFN0YXR1c0NvZGU9IkZhbHNlIj4NCiAgICAgICAgICA8SGVhZGVycz4NCiAgICAgICAgICAgIDxIZWFkZXIgTmFtZT0iQWNjZXB0IiBWYWx1ZT0iKi8qIiAvPg0KICAgICAgICAgICAgPEhlYWRlciBOYW1lPSJYLVJlcXVlc3RlZC1XaXRoIiBWYWx1ZT0iWE1MSHR0cFJlcXVlc3QiIC8+DQogICAgICAgICAgICA8SGVhZGVyIE5hbWU9IlJlZmVyZXIiIFZhbHVlPSJodHRwOi8vaWxpeWFubmJ1LTAwMS1zaXRlMS5kdGVtcHVybC5jb20vIiAvPg0KICAgICAgICAgIDwvSGVhZGVycz4NCiAgICAgICAgPC9SZXF1ZXN0Pg0KICAgICAgICA8UmVxdWVzdCBNZXRob2Q9IkdFVCIgR3VpZD0iODJlNTk2OWYtYzJlNi00ZWY0LWJjOTUtNzIxOWFjYzY2MmE5IiBWZXJzaW9uPSIxLjEiIFVybD0iaHR0cDovL2lsaXlhbm5idS0wMDEtc2l0ZTEuZHRlbXB1cmwuY29tL0hvbWUvTGFuZ3VhZ2UiIFRoaW5rVGltZT0iMCIgVGltZW91dD0iMzAwIiBQYXJzZURlcGVuZGVudFJlcXVlc3RzPSJUcnVlIiBGb2xsb3dSZWRpcmVjdHM9IlRydWUiIFJlY29yZFJlc3VsdD0iVHJ1ZSIgQ2FjaGU9IkZhbHNlIiBSZXNwb25zZVRpbWVHb2FsPSIwIiBFbmNvZGluZz0idXRmLTgiIEV4cGVjdGVkSHR0cFN0YXR1c0NvZGU9IjAiIEV4cGVjdGVkUmVzcG9uc2VVcmw9IiIgUmVwb3J0aW5nTmFtZT0iIiBJZ25vcmVIdHRwU3RhdHVzQ29kZT0iRmFsc2UiPg0KICAgICAgICAgIDxIZWFkZXJzPg0KICAgICAgICAgICAgPEhlYWRlciBOYW1lPSJBY2NlcHQiIFZhbHVlPSJhcHBsaWNhdGlvbi9qc29uLCB0ZXh0L2phdmFzY3JpcHQsICovKjsgcT0wLjAxIiAvPg0KICAgICAgICAgICAgPEhlYWRlciBOYW1lPSJYLVJlcXVlc3RlZC1XaXRoIiBWYWx1ZT0iWE1MSHR0cFJlcXVlc3QiIC8+DQogICAgICAgICAgICA8SGVhZGVyIE5hbWU9IlJlZmVyZXIiIFZhbHVlPSJodHRwOi8vaWxpeWFubmJ1LTAwMS1zaXRlMS5kdGVtcHVybC5jb20vIiAvPg0KICAgICAgICAgIDwvSGVhZGVycz4NCiAgICAgICAgPC9SZXF1ZXN0Pg0KICAgICAgICA8UmVxdWVzdCBNZXRob2Q9IkdFVCIgR3VpZD0iYThmOTQwNzAtNTk3Ni00MTg2LTg4NTktYTg5OGRmZTVjYzI1IiBWZXJzaW9uPSIxLjEiIFVybD0iaHR0cDovL2lsaXlhbm5idS0wMDEtc2l0ZTEuZHRlbXB1cmwuY29tL0hvbWUvR2V0TmV3QXJyaXZhbHMiIFRoaW5rVGltZT0iMCIgVGltZW91dD0iMzAwIiBQYXJzZURlcGVuZGVudFJlcXVlc3RzPSJUcnVlIiBGb2xsb3dSZWRpcmVjdHM9IlRydWUiIFJlY29yZFJlc3VsdD0iVHJ1ZSIgQ2FjaGU9IkZhbHNlIiBSZXNwb25zZVRpbWVHb2FsPSIwIiBFbmNvZGluZz0idXRmLTgiIEV4cGVjdGVkSHR0cFN0YXR1c0NvZGU9IjAiIEV4cGVjdGVkUmVzcG9uc2VVcmw9IiIgUmVwb3J0aW5nTmFtZT0iIiBJZ25vcmVIdHRwU3RhdHVzQ29kZT0iRmFsc2UiPg0KICAgICAgICAgIDxIZWFkZXJzPg0KICAgICAgICAgICAgPEhlYWRlciBOYW1lPSJBY2NlcHQiIFZhbHVlPSJhcHBsaWNhdGlvbi9qc29uLCB0ZXh0L2phdmFzY3JpcHQsICovKjsgcT0wLjAxIiAvPg0KICAgICAgICAgICAgPEhlYWRlciBOYW1lPSJYLVJlcXVlc3RlZC1XaXRoIiBWYWx1ZT0iWE1MSHR0cFJlcXVlc3QiIC8+DQogICAgICAgICAgICA8SGVhZGVyIE5hbWU9IlJlZmVyZXIiIFZhbHVlPSJodHRwOi8vaWxpeWFubmJ1LTAwMS1zaXRlMS5kdGVtcHVybC5jb20vIiAvPg0KICAgICAgICAgIDwvSGVhZGVycz4NCiAgICAgICAgPC9SZXF1ZXN0Pg0KICAgICAgICA8UmVxdWVzdCBNZXRob2Q9IkdFVCIgR3VpZD0iMmUyNjFmYjItNzI5Ni00ODJhLWI3ZTktYmViOWQ5ZTRhNmVjIiBWZXJzaW9uPSIxLjEiIFVybD0iaHR0cDovL2lsaXlhbm5idS0wMDEtc2l0ZTEuZHRlbXB1cmwuY29tL0hvbWUvR2V0TW9zdEJvdWdodCIgVGhpbmtUaW1lPSIwIiBUaW1lb3V0PSIzMDAiIFBhcnNlRGVwZW5kZW50UmVxdWVzdHM9IlRydWUiIEZvbGxvd1JlZGlyZWN0cz0iVHJ1ZSIgUmVjb3JkUmVzdWx0PSJUcnVlIiBDYWNoZT0iRmFsc2UiIFJlc3BvbnNlVGltZUdvYWw9IjAiIEVuY29kaW5nPSJ1dGYtOCIgRXhwZWN0ZWRIdHRwU3RhdHVzQ29kZT0iMCIgRXhwZWN0ZWRSZXNwb25zZVVybD0iIiBSZXBvcnRpbmdOYW1lPSIiIElnbm9yZUh0dHBTdGF0dXNDb2RlPSJGYWxzZSI+DQogICAgICAgICAgPEhlYWRlcnM+DQogICAgICAgICAgICA8SGVhZGVyIE5hbWU9IkFjY2VwdCIgVmFsdWU9ImFwcGxpY2F0aW9uL2pzb24sIHRleHQvamF2YXNjcmlwdCwgKi8qOyBxPTAuMDEiIC8+DQogICAgICAgICAgICA8SGVhZGVyIE5hbWU9IlgtUmVxdWVzdGVkLVdpdGgiIFZhbHVlPSJYTUxIdHRwUmVxdWVzdCIgLz4NCiAgICAgICAgICAgIDxIZWFkZXIgTmFtZT0iUmVmZXJlciIgVmFsdWU9Imh0dHA6Ly9pbGl5YW5uYnUtMDAxLXNpdGUxLmR0ZW1wdXJsLmNvbS8iIC8+DQogICAgICAgICAgPC9IZWFkZXJzPg0KICAgICAgICA8L1JlcXVlc3Q+DQogICAgICA8L0RlcGVuZGVudFJlcXVlc3RzPg0KICAgIDwvUmVxdWVzdD4NCiAgICA8UmVxdWVzdCBNZXRob2Q9IkdFVCIgR3VpZD0iY2MwZjM3YzUtOTg1ZS00N2M0LTlmMjktZTEyMjE4ZTU0Zjk1IiBWZXJzaW9uPSIxLjEiIFVybD0iaHR0cDovL2lsaXlhbm5idS0wMDEtc2l0ZTEuZHRlbXB1cmwuY29tL3NpZ25hbHIvbmVnb3RpYXRlIiBUaGlua1RpbWU9IjAiIFRpbWVvdXQ9IjMwMCIgUGFyc2VEZXBlbmRlbnRSZXF1ZXN0cz0iVHJ1ZSIgRm9sbG93UmVkaXJlY3RzPSJUcnVlIiBSZWNvcmRSZXN1bHQ9IlRydWUiIENhY2hlPSJGYWxzZSIgUmVzcG9uc2VUaW1lR29hbD0iMCIgRW5jb2Rpbmc9InV0Zi04IiBFeHBlY3RlZEh0dHBTdGF0dXNDb2RlPSIwIiBFeHBlY3RlZFJlc3BvbnNlVXJsPSIiIFJlcG9ydGluZ05hbWU9IiIgSWdub3JlSHR0cFN0YXR1c0NvZGU9IkZhbHNlIj4NCiAgICAgIDxIZWFkZXJzPg0KICAgICAgICA8SGVhZGVyIE5hbWU9IkNvbnRlbnQtVHlwZSIgVmFsdWU9ImFwcGxpY2F0aW9uL2pzb247IGNoYXJzZXQ9VVRGLTgiIC8+DQogICAgICAgIDxIZWFkZXIgTmFtZT0iQWNjZXB0IiBWYWx1ZT0idGV4dC9wbGFpbiwgKi8qOyBxPTAuMDEiIC8+DQogICAgICAgIDxIZWFkZXIgTmFtZT0iWC1SZXF1ZXN0ZWQtV2l0aCIgVmFsdWU9IlhNTEh0dHBSZXF1ZXN0IiAvPg0KICAgICAgICA8SGVhZGVyIE5hbWU9IlJlZmVyZXIiIFZhbHVlPSJodHRwOi8vaWxpeWFubmJ1LTAwMS1zaXRlMS5kdGVtcHVybC5jb20vIiAvPg0KICAgICAgPC9IZWFkZXJzPg0KICAgICAgPFF1ZXJ5U3RyaW5nUGFyYW1ldGVycz4NCiAgICAgICAgPFF1ZXJ5U3RyaW5nUGFyYW1ldGVyIE5hbWU9ImNsaWVudFByb3RvY29sIiBWYWx1ZT0iMS41IiBSZWNvcmRlZFZhbHVlPSIxLjUiIENvcnJlbGF0aW9uQmluZGluZz0iIiBVcmxFbmNvZGU9IkZhbHNlIiBVc2VUb0dyb3VwUmVzdWx0cz0iRmFsc2UiIC8+DQogICAgICAgIDxRdWVyeVN0cmluZ1BhcmFtZXRlciBOYW1lPSJjb25uZWN0aW9uRGF0YSIgVmFsdWU9IiU1QiU1RCIgUmVjb3JkZWRWYWx1ZT0iJTVCJTVEIiBDb3JyZWxhdGlvbkJpbmRpbmc9IiIgVXJsRW5jb2RlPSJGYWxzZSIgVXNlVG9Hcm91cFJlc3VsdHM9IkZhbHNlIiAvPg0KICAgICAgICA8UXVlcnlTdHJpbmdQYXJhbWV0ZXIgTmFtZT0iXyIgVmFsdWU9IjE1MzYyMjkwNDY5OTciIFJlY29yZGVkVmFsdWU9IjE1MzYyMjkwNDY5OTciIENvcnJlbGF0aW9uQmluZGluZz0iIiBVcmxFbmNvZGU9IkZhbHNlIiBVc2VUb0dyb3VwUmVzdWx0cz0iRmFsc2UiIC8+DQogICAgICA8L1F1ZXJ5U3RyaW5nUGFyYW1ldGVycz4NCiAgICA8L1JlcXVlc3Q+DQogICAgPFJlcXVlc3QgTWV0aG9kPSJHRVQiIEd1aWQ9ImQ0NjAxMTZmLTYxYWMtNDgyNS1hY2QzLWRjNzUyOTY1MTdiOSIgVmVyc2lvbj0iMS4xIiBVcmw9Imh0dHA6Ly9pbGl5YW5uYnUtMDAxLXNpdGUxLmR0ZW1wdXJsLmNvbS9zaWduYWxyL25lZ290aWF0ZSIgVGhpbmtUaW1lPSIwIiBUaW1lb3V0PSIzMDAiIFBhcnNlRGVwZW5kZW50UmVxdWVzdHM9IlRydWUiIEZvbGxvd1JlZGlyZWN0cz0iVHJ1ZSIgUmVjb3JkUmVzdWx0PSJUcnVlIiBDYWNoZT0iRmFsc2UiIFJlc3BvbnNlVGltZUdvYWw9IjAiIEVuY29kaW5nPSJ1dGYtOCIgRXhwZWN0ZWRIdHRwU3RhdHVzQ29kZT0iMCIgRXhwZWN0ZWRSZXNwb25zZVVybD0iIiBSZXBvcnRpbmdOYW1lPSIiIElnbm9yZUh0dHBTdGF0dXNDb2RlPSJGYWxzZSI+DQogICAgICA8SGVhZGVycz4NCiAgICAgICAgPEhlYWRlciBOYW1lPSJDb250ZW50LVR5cGUiIFZhbHVlPSJhcHBsaWNhdGlvbi9qc29uOyBjaGFyc2V0PVVURi04IiAvPg0KICAgICAgICA8SGVhZGVyIE5hbWU9IkFjY2VwdCIgVmFsdWU9InRleHQvcGxhaW4sICovKjsgcT0wLjAxIiAvPg0KICAgICAgICA8SGVhZGVyIE5hbWU9IlgtUmVxdWVzdGVkLVdpdGgiIFZhbHVlPSJYTUxIdHRwUmVxdWVzdCIgLz4NCiAgICAgICAgPEhlYWRlciBOYW1lPSJSZWZlcmVyIiBWYWx1ZT0iaHR0cDovL2lsaXlhbm5idS0wMDEtc2l0ZTEuZHRlbXB1cmwuY29tLyIgLz4NCiAgICAgIDwvSGVhZGVycz4NCiAgICAgIDxRdWVyeVN0cmluZ1BhcmFtZXRlcnM+DQogICAgICAgIDxRdWVyeVN0cmluZ1BhcmFtZXRlciBOYW1lPSJjbGllbnRQcm90b2NvbCIgVmFsdWU9IjEuNSIgUmVjb3JkZWRWYWx1ZT0iMS41IiBDb3JyZWxhdGlvbkJpbmRpbmc9IiIgVXJsRW5jb2RlPSJGYWxzZSIgVXNlVG9Hcm91cFJlc3VsdHM9IkZhbHNlIiAvPg0KICAgICAgICA8UXVlcnlTdHJpbmdQYXJhbWV0ZXIgTmFtZT0iY29ubmVjdGlvbkRhdGEiIFZhbHVlPSIlNUIlN0IlMjJuYW1lJTIyJTNBJTIybm90aWZpY2F0aW9ucyUyMiU3RCU1RCIgUmVjb3JkZWRWYWx1ZT0iJTVCJTdCJTIybmFtZSUyMiUzQSUyMm5vdGlmaWNhdGlvbnMlMjIlN0QlNUQiIENvcnJlbGF0aW9uQmluZGluZz0iIiBVcmxFbmNvZGU9IkZhbHNlIiBVc2VUb0dyb3VwUmVzdWx0cz0iRmFsc2UiIC8+DQogICAgICAgIDxRdWVyeVN0cmluZ1BhcmFtZXRlciBOYW1lPSJfIiBWYWx1ZT0iMTUzNjIyOTA0Njk5OCIgUmVjb3JkZWRWYWx1ZT0iMTUzNjIyOTA0Njk5OCIgQ29ycmVsYXRpb25CaW5kaW5nPSIiIFVybEVuY29kZT0iRmFsc2UiIFVzZVRvR3JvdXBSZXN1bHRzPSJGYWxzZSIgLz4NCiAgICAgIDwvUXVlcnlTdHJpbmdQYXJhbWV0ZXJzPg0KICAgIDwvUmVxdWVzdD4NCiAgICA8UmVxdWVzdCBNZXRob2Q9IkdFVCIgR3VpZD0iMzZhZTM2YjAtMzA5MS00ZWYwLTg4NzEtNjhmYWY3YWI1MzYyIiBWZXJzaW9uPSIxLjEiIFVybD0iaHR0cDovL2lsaXlhbm5idS0wMDEtc2l0ZTEuZHRlbXB1cmwuY29tL3NpZ25hbHIvbmVnb3RpYXRlIiBUaGlua1RpbWU9IjM3IiBUaW1lb3V0PSIzMDAiIFBhcnNlRGVwZW5kZW50UmVxdWVzdHM9IlRydWUiIEZvbGxvd1JlZGlyZWN0cz0iVHJ1ZSIgUmVjb3JkUmVzdWx0PSJUcnVlIiBDYWNoZT0iRmFsc2UiIFJlc3BvbnNlVGltZUdvYWw9IjAiIEVuY29kaW5nPSJ1dGYtOCIgRXhwZWN0ZWRIdHRwU3RhdHVzQ29kZT0iMCIgRXhwZWN0ZWRSZXNwb25zZVVybD0iIiBSZXBvcnRpbmdOYW1lPSIiIElnbm9yZUh0dHBTdGF0dXNDb2RlPSJGYWxzZSI+DQogICAgICA8SGVhZGVycz4NCiAgICAgICAgPEhlYWRlciBOYW1lPSJDb250ZW50LVR5cGUiIFZhbHVlPSJhcHBsaWNhdGlvbi9qc29uOyBjaGFyc2V0PVVURi04IiAvPg0KICAgICAgICA8SGVhZGVyIE5hbWU9IkFjY2VwdCIgVmFsdWU9InRleHQvcGxhaW4sICovKjsgcT0wLjAxIiAvPg0KICAgICAgICA8SGVhZGVyIE5hbWU9IlgtUmVxdWVzdGVkLVdpdGgiIFZhbHVlPSJYTUxIdHRwUmVxdWVzdCIgLz4NCiAgICAgICAgPEhlYWRlciBOYW1lPSJSZWZlcmVyIiBWYWx1ZT0iaHR0cDovL2lsaXlhbm5idS0wMDEtc2l0ZTEuZHRlbXB1cmwuY29tLyIgLz4NCiAgICAgIDwvSGVhZGVycz4NCiAgICAgIDxRdWVyeVN0cmluZ1BhcmFtZXRlcnM+DQogICAgICAgIDxRdWVyeVN0cmluZ1BhcmFtZXRlciBOYW1lPSJjbGllbnRQcm90b2NvbCIgVmFsdWU9IjEuNSIgUmVjb3JkZWRWYWx1ZT0iMS41IiBDb3JyZWxhdGlvbkJpbmRpbmc9IiIgVXJsRW5jb2RlPSJGYWxzZSIgVXNlVG9Hcm91cFJlc3VsdHM9IkZhbHNlIiAvPg0KICAgICAgICA8UXVlcnlTdHJpbmdQYXJhbWV0ZXIgTmFtZT0iY29ubmVjdGlvbkRhdGEiIFZhbHVlPSIlNUIlN0IlMjJuYW1lJTIyJTNBJTIybm90aWZpY2F0aW9ucyUyMiU3RCU1RCIgUmVjb3JkZWRWYWx1ZT0iJTVCJTdCJTIybmFtZSUyMiUzQSUyMm5vdGlmaWNhdGlvbnMlMjIlN0QlNUQiIENvcnJlbGF0aW9uQmluZGluZz0iIiBVcmxFbmNvZGU9IkZhbHNlIiBVc2VUb0dyb3VwUmVzdWx0cz0iRmFsc2UiIC8+DQogICAgICAgIDxRdWVyeVN0cmluZ1BhcmFtZXRlciBOYW1lPSJfIiBWYWx1ZT0iMTUzNjIyOTA0Njk5OSIgUmVjb3JkZWRWYWx1ZT0iMTUzNjIyOTA0Njk5OSIgQ29ycmVsYXRpb25CaW5kaW5nPSIiIFVybEVuY29kZT0iRmFsc2UiIFVzZVRvR3JvdXBSZXN1bHRzPSJGYWxzZSIgLz4NCiAgICAgIDwvUXVlcnlTdHJpbmdQYXJhbWV0ZXJzPg0KICAgIDwvUmVxdWVzdD4NCiAgICA8UmVxdWVzdCBNZXRob2Q9IkdFVCIgR3VpZD0iZWNmNGI2NTQtNDViZC00ZDVjLTg0MWUtOGMyMTExODg0N2E2IiBWZXJzaW9uPSIxLjEiIFVybD0iaHR0cHM6Ly93d3cuZ29vZ2xlLmNvbS9tYXBzL2VtYmVkIiBUaGlua1RpbWU9IjAiIFRpbWVvdXQ9IjMwMCIgUGFyc2VEZXBlbmRlbnRSZXF1ZXN0cz0iVHJ1ZSIgRm9sbG93UmVkaXJlY3RzPSJUcnVlIiBSZWNvcmRSZXN1bHQ9IlRydWUiIENhY2hlPSJGYWxzZSIgUmVzcG9uc2VUaW1lR29hbD0iMCIgRW5jb2Rpbmc9InV0Zi04IiBFeHBlY3RlZEh0dHBTdGF0dXNDb2RlPSIwIiBFeHBlY3RlZFJlc3BvbnNlVXJsPSIiIFJlcG9ydGluZ05hbWU9IiIgSWdub3JlSHR0cFN0YXR1c0NvZGU9IkZhbHNlIj4NCiAgICAgIDxIZWFkZXJzPg0KICAgICAgICA8SGVhZGVyIE5hbWU9IlJlZmVyZXIiIFZhbHVlPSJodHRwOi8vaWxpeWFubmJ1LTAwMS1zaXRlMS5kdGVtcHVybC5jb20vQ3VzdG9tZXJzL1Byb2ZpbGU/ZW1haWw9Zm91bmRlcjE5OTBAYWJ2LmJnIiAvPg0KICAgICAgPC9IZWFkZXJzPg0KICAgICAgPENvcnJlbGF0aW9uRXh0cmFjdGlvblJ1bGVzPg0KICAgICAgICA8RXh0cmFjdGlvblJ1bGUgQ2xhc3NuYW1lPSJNaWNyb3NvZnQuVmlzdWFsU3R1ZGlvLlRlc3RUb29scy5XZWJUZXN0aW5nLlJ1bGVzLkV4dHJhY3RUZXh0LCBNaWNyb3NvZnQuVmlzdWFsU3R1ZGlvLlF1YWxpdHlUb29scy5XZWJUZXN0RnJhbWV3b3JrLCBWZXJzaW9uPTEwLjAuMC4wLCBDdWx0dXJlPW5ldXRyYWwsIFB1YmxpY0tleVRva2VuPWIwM2Y1ZjdmMTFkNTBhM2EiIFZhcmlhYmxlTmFtZT0iUXVlcnlTdHJpbmdQYXJhbTI2MC5jbGllbnQiIERpc3BsYXlOYW1lPSIiIERlc2NyaXB0aW9uPSIiPg0KICAgICAgICAgIDxSdWxlUGFyYW1ldGVycz4NCiAgICAgICAgICAgIDxSdWxlUGFyYW1ldGVyIE5hbWU9IlN0YXJ0c1dpdGgiIFZhbHVlPSI/Y2xpZW50PSIgLz4NCiAgICAgICAgICAgIDxSdWxlUGFyYW1ldGVyIE5hbWU9IkVuZHNXaXRoIiBWYWx1ZT0iJmFtcDsiIC8+DQogICAgICAgICAgICA8UnVsZVBhcmFtZXRlciBOYW1lPSJJbmRleCIgVmFsdWU9IjAiIC8+DQogICAgICAgICAgICA8UnVsZVBhcmFtZXRlciBOYW1lPSJJZ25vcmVDYXNlIiBWYWx1ZT0iRmFsc2UiIC8+DQogICAgICAgICAgICA8UnVsZVBhcmFtZXRlciBOYW1lPSJVc2VSZWd1bGFyRXhwcmVzc2lvbiIgVmFsdWU9IkZhbHNlIiAvPg0KICAgICAgICAgICAgPFJ1bGVQYXJhbWV0ZXIgTmFtZT0iSHRtbERlY29kZSIgVmFsdWU9IlRydWUiIC8+DQogICAgICAgICAgICA8UnVsZVBhcmFtZXRlciBOYW1lPSJSZXF1aXJlZCIgVmFsdWU9IkZhbHNlIiAvPg0KICAgICAgICAgIDwvUnVsZVBhcmFtZXRlcnM+DQogICAgICAgIDwvRXh0cmFjdGlvblJ1bGU+DQogICAgICAgIDxFeHRyYWN0aW9uUnVsZSBDbGFzc25hbWU9Ik1pY3Jvc29mdC5WaXN1YWxTdHVkaW8uVGVzdFRvb2xzLldlYlRlc3RpbmcuUnVsZXMuRXh0cmFjdFRleHQsIE1pY3Jvc29mdC5WaXN1YWxTdHVkaW8uUXVhbGl0eVRvb2xzLldlYlRlc3RGcmFtZXdvcmssIFZlcnNpb249MTAuMC4wLjAsIEN1bHR1cmU9bmV1dHJhbCwgUHVibGljS2V5VG9rZW49YjAzZjVmN2YxMWQ1MGEzYSIgVmFyaWFibGVOYW1lPSJRdWVyeVN0cmluZ1BhcmFtNzg4LmNsaWVudCIgRGlzcGxheU5hbWU9IiIgRGVzY3JpcHRpb249IiI+DQogICAgICAgICAgPFJ1bGVQYXJhbWV0ZXJzPg0KICAgICAgICAgICAgPFJ1bGVQYXJhbWV0ZXIgTmFtZT0iU3RhcnRzV2l0aCIgVmFsdWU9Ij9jbGllbnQ9IiAvPg0KICAgICAgICAgICAgPFJ1bGVQYXJhbWV0ZXIgTmFtZT0iRW5kc1dpdGgiIFZhbHVlPSImYW1wOyIgLz4NCiAgICAgICAgICAgIDxSdWxlUGFyYW1ldGVyIE5hbWU9IkluZGV4IiBWYWx1ZT0iMCIgLz4NCiAgICAgICAgICAgIDxSdWxlUGFyYW1ldGVyIE5hbWU9Iklnbm9yZUNhc2UiIFZhbHVlPSJGYWxzZSIgLz4NCiAgICAgICAgICAgIDxSdWxlUGFyYW1ldGVyIE5hbWU9IlVzZVJlZ3VsYXJFeHByZXNzaW9uIiBWYWx1ZT0iRmFsc2UiIC8+DQogICAgICAgICAgICA8UnVsZVBhcmFtZXRlciBOYW1lPSJIdG1sRGVjb2RlIiBWYWx1ZT0iVHJ1ZSIgLz4NCiAgICAgICAgICAgIDxSdWxlUGFyYW1ldGVyIE5hbWU9IlJlcXVpcmVkIiBWYWx1ZT0iRmFsc2UiIC8+DQogICAgICAgICAgPC9SdWxlUGFyYW1ldGVycz4NCiAgICAgICAgPC9FeHRyYWN0aW9uUnVsZT4NCiAgICAgIDwvQ29ycmVsYXRpb25FeHRyYWN0aW9uUnVsZXM+DQogICAgICA8UXVlcnlTdHJpbmdQYXJhbWV0ZXJzPg0KICAgICAgICA8UXVlcnlTdHJpbmdQYXJhbWV0ZXIgTmFtZT0icGIiIFZhbHVlPSIhMW0xOCExbTEyITFtMyExZDI5MzQuNzI4NjU5NTExNzQwNyEyZDIzLjM0NzQ3Mzk1MDg5ODM3NiEzZDQyLjY0NTkxMTk3OTA2NjU1ITJtMyExZjAhMmYwITNmMCEzbTIhMWkxMDI0ITJpNzY4ITRmMTMuMSEzbTMhMW0yITFzMHg0MGFhODQxZjIzNGU2ZmQxJTNBMHhjZjE3NTExNjMzZmRjOGFkITJ6MEozUXNOR0cwTGpRdnRDOTBMRFF1OUM5MExBZzBLSFF2OUMtMFlEUmd0QzkwTEFnMEpEUXV0Q3cwTFRRdGRDODBMalJqeURpZ0o3UWt0Q3cwWUhRdU5DN0lOQ2IwTFhRc3RHQjBMclF1T0tBbkEhNWUwITNtMiExc2JnITJzYmchNHYxNDg4NDAxNTkyNDgyIiBSZWNvcmRlZFZhbHVlPSIhMW0xOCExbTEyITFtMyExZDI5MzQuNzI4NjU5NTExNzQwNyEyZDIzLjM0NzQ3Mzk1MDg5ODM3NiEzZDQyLjY0NTkxMTk3OTA2NjU1ITJtMyExZjAhMmYwITNmMCEzbTIhMWkxMDI0ITJpNzY4ITRmMTMuMSEzbTMhMW0yITFzMHg0MGFhODQxZjIzNGU2ZmQxJTNBMHhjZjE3NTExNjMzZmRjOGFkITJ6MEozUXNOR0cwTGpRdnRDOTBMRFF1OUM5MExBZzBLSFF2OUMtMFlEUmd0QzkwTEFnMEpEUXV0Q3cwTFRRdGRDODBMalJqeURpZ0o3UWt0Q3cwWUhRdU5DN0lOQ2IwTFhRc3RHQjBMclF1T0tBbkEhNWUwITNtMiExc2JnITJzYmchNHYxNDg4NDAxNTkyNDgyIiBDb3JyZWxhdGlvbkJpbmRpbmc9IiIgVXJsRW5jb2RlPSJGYWxzZSIgVXNlVG9Hcm91cFJlc3VsdHM9IkZhbHNlIiAvPg0KICAgICAgPC9RdWVyeVN0cmluZ1BhcmFtZXRlcnM+DQogICAgPC9SZXF1ZXN0Pg0KICAgIDxSZXF1ZXN0IE1ldGhvZD0iR0VUIiBHdWlkPSIwOGFiOTVhYy1lMmI4LTQ4Y2ItODQ2My1hYTUzNmEwZjcyOGUiIFZlcnNpb249IjEuMSIgVXJsPSJodHRwOi8vaWxpeWFubmJ1LTAwMS1zaXRlMS5kdGVtcHVybC5jb20vZm9udC9mb250YXdlc29tZS13ZWJmb250LndvZmYiIFRoaW5rVGltZT0iMCIgVGltZW91dD0iMzAwIiBQYXJzZURlcGVuZGVudFJlcXVlc3RzPSJUcnVlIiBGb2xsb3dSZWRpcmVjdHM9IlRydWUiIFJlY29yZFJlc3VsdD0iVHJ1ZSIgQ2FjaGU9IkZhbHNlIiBSZXNwb25zZVRpbWVHb2FsPSIwIiBFbmNvZGluZz0idXRmLTgiIEV4cGVjdGVkSHR0cFN0YXR1c0NvZGU9IjAiIEV4cGVjdGVkUmVzcG9uc2VVcmw9IiIgUmVwb3J0aW5nTmFtZT0iIiBJZ25vcmVIdHRwU3RhdHVzQ29kZT0iRmFsc2UiPg0KICAgICAgPEhlYWRlcnM+DQogICAgICAgIDxIZWFkZXIgTmFtZT0iUmVmZXJlciIgVmFsdWU9Imh0dHA6Ly9pbGl5YW5uYnUtMDAxLXNpdGUxLmR0ZW1wdXJsLmNvbS8iIC8+DQogICAgICA8L0hlYWRlcnM+DQogICAgPC9SZXF1ZXN0Pg0KICAgIDxSZXF1ZXN0IE1ldGhvZD0iR0VUIiBHdWlkPSIwYTdkMjZmYi1kNzIwLTRiYzMtYWNkOS1jZjE0Yjk4NmE4MWIiIFZlcnNpb249IjEuMSIgVXJsPSJodHRwOi8vaWxpeWFubmJ1LTAwMS1zaXRlMS5kdGVtcHVybC5jb20vZm9udDIvZm9udGF3ZXNvbWUtd2ViZm9udC53b2ZmIiBUaGlua1RpbWU9IjAiIFRpbWVvdXQ9IjMwMCIgUGFyc2VEZXBlbmRlbnRSZXF1ZXN0cz0iVHJ1ZSIgRm9sbG93UmVkaXJlY3RzPSJUcnVlIiBSZWNvcmRSZXN1bHQ9IlRydWUiIENhY2hlPSJGYWxzZSIgUmVzcG9uc2VUaW1lR29hbD0iMCIgRW5jb2Rpbmc9InV0Zi04IiBFeHBlY3RlZEh0dHBTdGF0dXNDb2RlPSIwIiBFeHBlY3RlZFJlc3BvbnNlVXJsPSIiIFJlcG9ydGluZ05hbWU9IiIgSWdub3JlSHR0cFN0YXR1c0NvZGU9IkZhbHNlIj4NCiAgICAgIDxIZWFkZXJzPg0KICAgICAgICA8SGVhZGVyIE5hbWU9IlJlZmVyZXIiIFZhbHVlPSJodHRwOi8vaWxpeWFubmJ1LTAwMS1zaXRlMS5kdGVtcHVybC5jb20vIiAvPg0KICAgICAgPC9IZWFkZXJzPg0KICAgIDwvUmVxdWVzdD4NCiAgICA8UmVxdWVzdCBNZXRob2Q9IkdFVCIgR3VpZD0iNDdhMmU0ZGItMjFhMy00OTRlLWI5ZjgtOWY3ZmY1OTNlZTYxIiBWZXJzaW9uPSIxLjEiIFVybD0iaHR0cDovL2lsaXlhbm5idS0wMDEtc2l0ZTEuZHRlbXB1cmwuY29tL2ZvbnRzL2ZvbnRMb2dPdXRGb250L2ZvbnRhd2Vzb21lLXdlYmZvbnQud29mZiIgVGhpbmtUaW1lPSIwIiBUaW1lb3V0PSIzMDAiIFBhcnNlRGVwZW5kZW50UmVxdWVzdHM9IlRydWUiIEZvbGxvd1JlZGlyZWN0cz0iVHJ1ZSIgUmVjb3JkUmVzdWx0PSJUcnVlIiBDYWNoZT0iRmFsc2UiIFJlc3BvbnNlVGltZUdvYWw9IjAiIEVuY29kaW5nPSJ1dGYtOCIgRXhwZWN0ZWRIdHRwU3RhdHVzQ29kZT0iMCIgRXhwZWN0ZWRSZXNwb25zZVVybD0iIiBSZXBvcnRpbmdOYW1lPSIiIElnbm9yZUh0dHBTdGF0dXNDb2RlPSJGYWxzZSI+DQogICAgICA8SGVhZGVycz4NCiAgICAgICAgPEhlYWRlciBOYW1lPSJSZWZlcmVyIiBWYWx1ZT0iaHR0cDovL2lsaXlhbm5idS0wMDEtc2l0ZTEuZHRlbXB1cmwuY29tLyIgLz4NCiAgICAgIDwvSGVhZGVycz4NCiAgICA8L1JlcXVlc3Q+DQogICAgPFJlcXVlc3QgTWV0aG9kPSJHRVQiIEd1aWQ9IjA1YmI5OTdlLTIxODctNGFjOC1hMDY0LTEwYTg2MGJiMTA3YSIgVmVyc2lvbj0iMS4xIiBVcmw9Imh0dHA6Ly9mb250cy5nc3RhdGljLmNvbS9zL2xvcmEvdjEwLzUtQVlWaUV4cHR5cElkRm9MS0F4VEEud29mZiIgVGhpbmtUaW1lPSIwIiBUaW1lb3V0PSIzMDAiIFBhcnNlRGVwZW5kZW50UmVxdWVzdHM9IlRydWUiIEZvbGxvd1JlZGlyZWN0cz0iVHJ1ZSIgUmVjb3JkUmVzdWx0PSJUcnVlIiBDYWNoZT0iRmFsc2UiIFJlc3BvbnNlVGltZUdvYWw9IjAiIEVuY29kaW5nPSJ1dGYtOCIgRXhwZWN0ZWRIdHRwU3RhdHVzQ29kZT0iMCIgRXhwZWN0ZWRSZXNwb25zZVVybD0iIiBSZXBvcnRpbmdOYW1lPSIiIElnbm9yZUh0dHBTdGF0dXNDb2RlPSJGYWxzZSI+DQogICAgICA8SGVhZGVycz4NCiAgICAgICAgPEhlYWRlciBOYW1lPSJSZWZlcmVyIiBWYWx1ZT0iaHR0cDovL2lsaXlhbm5idS0wMDEtc2l0ZTEuZHRlbXB1cmwuY29tLyIgLz4NCiAgICAgIDwvSGVhZGVycz4NCiAgICA8L1JlcXVlc3Q+DQogICAgPFJlcXVlc3QgTWV0aG9kPSJHRVQiIEd1aWQ9IjkzMTNkM2ExLTFkMmMtNDRiZi04OGRlLWRjYjgxMjQ2ZDFmZCIgVmVyc2lvbj0iMS4xIiBVcmw9Imh0dHA6Ly9mb250cy5nc3RhdGljLmNvbS9zL2xvcmEvdjEwL1hwYWVwV0hjb29RSFNSbnpvb2hVbmcud29mZiIgVGhpbmtUaW1lPSIwIiBUaW1lb3V0PSIzMDAiIFBhcnNlRGVwZW5kZW50UmVxdWVzdHM9IlRydWUiIEZvbGxvd1JlZGlyZWN0cz0iVHJ1ZSIgUmVjb3JkUmVzdWx0PSJUcnVlIiBDYWNoZT0iRmFsc2UiIFJlc3BvbnNlVGltZUdvYWw9IjAiIEVuY29kaW5nPSJ1dGYtOCIgRXhwZWN0ZWRIdHRwU3RhdHVzQ29kZT0iMCIgRXhwZWN0ZWRSZXNwb25zZVVybD0iIiBSZXBvcnRpbmdOYW1lPSIiIElnbm9yZUh0dHBTdGF0dXNDb2RlPSJGYWxzZSI+DQogICAgICA8SGVhZGVycz4NCiAgICAgICAgPEhlYWRlciBOYW1lPSJSZWZlcmVyIiBWYWx1ZT0iaHR0cDovL2lsaXlhbm5idS0wMDEtc2l0ZTEuZHRlbXB1cmwuY29tLyIgLz4NCiAgICAgIDwvSGVhZGVycz4NCiAgICA8L1JlcXVlc3Q+DQogICAgPFJlcXVlc3QgTWV0aG9kPSJHRVQiIEd1aWQ9ImFiY2I0NWE3LWIzODYtNDU2ZS04NzEyLTE3OTVmZTc2NTBmYSIgVmVyc2lvbj0iMS4xIiBVcmw9Imh0dHA6Ly9pbGl5YW5uYnUtMDAxLXNpdGUxLmR0ZW1wdXJsLmNvbS9zaWduYWxyL3N0YXJ0IiBUaGlua1RpbWU9IjAiIFRpbWVvdXQ9IjMwMCIgUGFyc2VEZXBlbmRlbnRSZXF1ZXN0cz0iVHJ1ZSIgRm9sbG93UmVkaXJlY3RzPSJUcnVlIiBSZWNvcmRSZXN1bHQ9IlRydWUiIENhY2hlPSJGYWxzZSIgUmVzcG9uc2VUaW1lR29hbD0iMCIgRW5jb2Rpbmc9InV0Zi04IiBFeHBlY3RlZEh0dHBTdGF0dXNDb2RlPSIwIiBFeHBlY3RlZFJlc3BvbnNlVXJsPSIiIFJlcG9ydGluZ05hbWU9IiIgSWdub3JlSHR0cFN0YXR1c0NvZGU9IkZhbHNlIj4NCiAgICAgIDxIZWFkZXJzPg0KICAgICAgICA8SGVhZGVyIE5hbWU9IkNvbnRlbnQtVHlwZSIgVmFsdWU9ImFwcGxpY2F0aW9uL2pzb247IGNoYXJzZXQ9VVRGLTgiIC8+DQogICAgICAgIDxIZWFkZXIgTmFtZT0iQWNjZXB0IiBWYWx1ZT0idGV4dC9wbGFpbiwgKi8qOyBxPTAuMDEiIC8+DQogICAgICAgIDxIZWFkZXIgTmFtZT0iWC1SZXF1ZXN0ZWQtV2l0aCIgVmFsdWU9IlhNTEh0dHBSZXF1ZXN0IiAvPg0KICAgICAgICA8SGVhZGVyIE5hbWU9IlJlZmVyZXIiIFZhbHVlPSJodHRwOi8vaWxpeWFubmJ1LTAwMS1zaXRlMS5kdGVtcHVybC5jb20vIiAvPg0KICAgICAgPC9IZWFkZXJzPg0KICAgICAgPFF1ZXJ5U3RyaW5nUGFyYW1ldGVycz4NCiAgICAgICAgPFF1ZXJ5U3RyaW5nUGFyYW1ldGVyIE5hbWU9InRyYW5zcG9ydCIgVmFsdWU9IndlYlNvY2tldHMiIFJlY29yZGVkVmFsdWU9IndlYlNvY2tldHMiIENvcnJlbGF0aW9uQmluZGluZz0iIiBVcmxFbmNvZGU9IkZhbHNlIiBVc2VUb0dyb3VwUmVzdWx0cz0iRmFsc2UiIC8+DQogICAgICAgIDxRdWVyeVN0cmluZ1BhcmFtZXRlciBOYW1lPSJjbGllbnRQcm90b2NvbCIgVmFsdWU9IjEuNSIgUmVjb3JkZWRWYWx1ZT0iMS41IiBDb3JyZWxhdGlvbkJpbmRpbmc9IiIgVXJsRW5jb2RlPSJGYWxzZSIgVXNlVG9Hcm91cFJlc3VsdHM9IkZhbHNlIiAvPg0KICAgICAgICA8UXVlcnlTdHJpbmdQYXJhbWV0ZXIgTmFtZT0iY29ubmVjdGlvblRva2VuIiBWYWx1ZT0iUk5MYjExRGtTZzdBbkFpUjhwcWdDVXBSNzMxNFlrZ0tLWEk1TVpTcEZzNk1OMkpxUE9iaFh6UE5rSnJEYlozZlpiV2NZdGEzQjliaWlZWHJqd0Zhc2V5SWtDNGNXTFUlMkY5SWphMVFIZUQzWWNuVWJHbm12NktjJTJGNHgyVFFyNWFwIiBSZWNvcmRlZFZhbHVlPSJSTkxiMTFEa1NnN0FuQWlSOHBxZ0NVcFI3MzE0WWtnS0tYSTVNWlNwRnM2TU4ySnFQT2JoWHpQTmtKckRiWjNmWmJXY1l0YTNCOWJpaVlYcmp3RmFzZXlJa0M0Y1dMVSUyRjlJamExUUhlRDNZY25VYkdubXY2S2MlMkY0eDJUUXI1YXAiIENvcnJlbGF0aW9uQmluZGluZz0iIiBVcmxFbmNvZGU9IkZhbHNlIiBVc2VUb0dyb3VwUmVzdWx0cz0iRmFsc2UiIC8+DQogICAgICAgIDxRdWVyeVN0cmluZ1BhcmFtZXRlciBOYW1lPSJjb25uZWN0aW9uRGF0YSIgVmFsdWU9IiU1QiU1RCIgUmVjb3JkZWRWYWx1ZT0iJTVCJTVEIiBDb3JyZWxhdGlvbkJpbmRpbmc9IiIgVXJsRW5jb2RlPSJGYWxzZSIgVXNlVG9Hcm91cFJlc3VsdHM9IkZhbHNlIiAvPg0KICAgICAgICA8UXVlcnlTdHJpbmdQYXJhbWV0ZXIgTmFtZT0iXyIgVmFsdWU9IjE1MzYyMjkwNDcwMDAiIFJlY29yZGVkVmFsdWU9IjE1MzYyMjkwNDcwMDAiIENvcnJlbGF0aW9uQmluZGluZz0iIiBVcmxFbmNvZGU9IkZhbHNlIiBVc2VUb0dyb3VwUmVzdWx0cz0iRmFsc2UiIC8+DQogICAgICA8L1F1ZXJ5U3RyaW5nUGFyYW1ldGVycz4NCiAgICA8L1JlcXVlc3Q+DQogICAgPFJlcXVlc3QgTWV0aG9kPSJHRVQiIEd1aWQ9IjZkOTc3MDljLTVjNWMtNGU0Yy05MTBkLTY2MDhkM2RiMWMyNSIgVmVyc2lvbj0iMS4xIiBVcmw9Imh0dHA6Ly9pbGl5YW5uYnUtMDAxLXNpdGUxLmR0ZW1wdXJsLmNvbS9zaWduYWxyL3N0YXJ0IiBUaGlua1RpbWU9IjAiIFRpbWVvdXQ9IjMwMCIgUGFyc2VEZXBlbmRlbnRSZXF1ZXN0cz0iVHJ1ZSIgRm9sbG93UmVkaXJlY3RzPSJUcnVlIiBSZWNvcmRSZXN1bHQ9IlRydWUiIENhY2hlPSJGYWxzZSIgUmVzcG9uc2VUaW1lR29hbD0iMCIgRW5jb2Rpbmc9InV0Zi04IiBFeHBlY3RlZEh0dHBTdGF0dXNDb2RlPSIwIiBFeHBlY3RlZFJlc3BvbnNlVXJsPSIiIFJlcG9ydGluZ05hbWU9IiIgSWdub3JlSHR0cFN0YXR1c0NvZGU9IkZhbHNlIj4NCiAgICAgIDxIZWFkZXJzPg0KICAgICAgICA8SGVhZGVyIE5hbWU9IkNvbnRlbnQtVHlwZSIgVmFsdWU9ImFwcGxpY2F0aW9uL2pzb247IGNoYXJzZXQ9VVRGLTgiIC8+DQogICAgICAgIDxIZWFkZXIgTmFtZT0iQWNjZXB0IiBWYWx1ZT0idGV4dC9wbGFpbiwgKi8qOyBxPTAuMDEiIC8+DQogICAgICAgIDxIZWFkZXIgTmFtZT0iWC1SZXF1ZXN0ZWQtV2l0aCIgVmFsdWU9IlhNTEh0dHBSZXF1ZXN0IiAvPg0KICAgICAgICA8SGVhZGVyIE5hbWU9IlJlZmVyZXIiIFZhbHVlPSJodHRwOi8vaWxpeWFubmJ1LTAwMS1zaXRlMS5kdGVtcHVybC5jb20vIiAvPg0KICAgICAgPC9IZWFkZXJzPg0KICAgICAgPFF1ZXJ5U3RyaW5nUGFyYW1ldGVycz4NCiAgICAgICAgPFF1ZXJ5U3RyaW5nUGFyYW1ldGVyIE5hbWU9InRyYW5zcG9ydCIgVmFsdWU9IndlYlNvY2tldHMiIFJlY29yZGVkVmFsdWU9IndlYlNvY2tldHMiIENvcnJlbGF0aW9uQmluZGluZz0iIiBVcmxFbmNvZGU9IkZhbHNlIiBVc2VUb0dyb3VwUmVzdWx0cz0iRmFsc2UiIC8+DQogICAgICAgIDxRdWVyeVN0cmluZ1BhcmFtZXRlciBOYW1lPSJjbGllbnRQcm90b2NvbCIgVmFsdWU9IjEuNSIgUmVjb3JkZWRWYWx1ZT0iMS41IiBDb3JyZWxhdGlvbkJpbmRpbmc9IiIgVXJsRW5jb2RlPSJGYWxzZSIgVXNlVG9Hcm91cFJlc3VsdHM9IkZhbHNlIiAvPg0KICAgICAgICA8UXVlcnlTdHJpbmdQYXJhbWV0ZXIgTmFtZT0iY29ubmVjdGlvblRva2VuIiBWYWx1ZT0iVTg1SWlJdG5xT2JaemdUV3pxTzJhQWpaVGJvYTBpMnBPSWQ1ckNUMWtHUU55RThGN2pSSWJRMEIyMUM4aktObUJJVVBFRkpuJTJGc3RuZ2hybWpIcXBPMzR6SmslMkY3QUhRVEs3MEVuU0thaTNKWWdITnFGYVkwQm15MGxZQ2Z6Rjg4IiBSZWNvcmRlZFZhbHVlPSJVODVJaUl0bnFPYlp6Z1RXenFPMmFBalpUYm9hMGkycE9JZDVyQ1Qxa0dRTnlFOEY3alJJYlEwQjIxQzhqS05tQklVUEVGSm4lMkZzdG5naHJtakhxcE8zNHpKayUyRjdBSFFUSzcwRW5TS2FpM0pZZ0hOcUZhWTBCbXkwbFlDZnpGODgiIENvcnJlbGF0aW9uQmluZGluZz0iIiBVcmxFbmNvZGU9IkZhbHNlIiBVc2VUb0dyb3VwUmVzdWx0cz0iRmFsc2UiIC8+DQogICAgICAgIDxRdWVyeVN0cmluZ1BhcmFtZXRlciBOYW1lPSJjb25uZWN0aW9uRGF0YSIgVmFsdWU9IiU1QiU3QiUyMm5hbWUlMjIlM0ElMjJub3RpZmljYXRpb25zJTIyJTdEJTVEIiBSZWNvcmRlZFZhbHVlPSIlNUIlN0IlMjJuYW1lJTIyJTNBJTIybm90aWZpY2F0aW9ucyUyMiU3RCU1RCIgQ29ycmVsYXRpb25CaW5kaW5nPSIiIFVybEVuY29kZT0iRmFsc2UiIFVzZVRvR3JvdXBSZXN1bHRzPSJGYWxzZSIgLz4NCiAgICAgICAgPFF1ZXJ5U3RyaW5nUGFyYW1ldGVyIE5hbWU9Il8iIFZhbHVlPSIxNTM2MjI5MDQ3MDAxIiBSZWNvcmRlZFZhbHVlPSIxNTM2MjI5MDQ3MDAxIiBDb3JyZWxhdGlvbkJpbmRpbmc9IiIgVXJsRW5jb2RlPSJGYWxzZSIgVXNlVG9Hcm91cFJlc3VsdHM9IkZhbHNlIiAvPg0KICAgICAgPC9RdWVyeVN0cmluZ1BhcmFtZXRlcnM+DQogICAgPC9SZXF1ZXN0Pg0KICAgIDxSZXF1ZXN0IE1ldGhvZD0iR0VUIiBHdWlkPSI2ZWFiNGZiZS1jNDJjLTQ5MTMtYjFjNi0xMTUyMTM0ODI4YzkiIFZlcnNpb249IjEuMSIgVXJsPSJodHRwOi8vaWxpeWFubmJ1LTAwMS1zaXRlMS5kdGVtcHVybC5jb20vZm9udC9mb250YXdlc29tZS13ZWJmb250LnR0ZiIgVGhpbmtUaW1lPSIwIiBUaW1lb3V0PSIzMDAiIFBhcnNlRGVwZW5kZW50UmVxdWVzdHM9IlRydWUiIEZvbGxvd1JlZGlyZWN0cz0iVHJ1ZSIgUmVjb3JkUmVzdWx0PSJUcnVlIiBDYWNoZT0iRmFsc2UiIFJlc3BvbnNlVGltZUdvYWw9IjAiIEVuY29kaW5nPSJ1dGYtOCIgRXhwZWN0ZWRIdHRwU3RhdHVzQ29kZT0iMCIgRXhwZWN0ZWRSZXNwb25zZVVybD0iIiBSZXBvcnRpbmdOYW1lPSIiIElnbm9yZUh0dHBTdGF0dXNDb2RlPSJGYWxzZSI+DQogICAgICA8SGVhZGVycz4NCiAgICAgICAgPEhlYWRlciBOYW1lPSJSZWZlcmVyIiBWYWx1ZT0iaHR0cDovL2lsaXlhbm5idS0wMDEtc2l0ZTEuZHRlbXB1cmwuY29tLyIgLz4NCiAgICAgIDwvSGVhZGVycz4NCiAgICA8L1JlcXVlc3Q+DQogICAgPFJlcXVlc3QgTWV0aG9kPSJHRVQiIEd1aWQ9ImExOTc2MjI5LTMyZWQtNGQwZi1iNjc2LWEyN2UyNGY0YTI4YiIgVmVyc2lvbj0iMS4xIiBVcmw9Imh0dHA6Ly9pbGl5YW5uYnUtMDAxLXNpdGUxLmR0ZW1wdXJsLmNvbS9mb250Mi9mb250YXdlc29tZS13ZWJmb250LnR0ZiIgVGhpbmtUaW1lPSIwIiBUaW1lb3V0PSIzMDAiIFBhcnNlRGVwZW5kZW50UmVxdWVzdHM9IlRydWUiIEZvbGxvd1JlZGlyZWN0cz0iVHJ1ZSIgUmVjb3JkUmVzdWx0PSJUcnVlIiBDYWNoZT0iRmFsc2UiIFJlc3BvbnNlVGltZUdvYWw9IjAiIEVuY29kaW5nPSJ1dGYtOCIgRXhwZWN0ZWRIdHRwU3RhdHVzQ29kZT0iMCIgRXhwZWN0ZWRSZXNwb25zZVVybD0iIiBSZXBvcnRpbmdOYW1lPSIiIElnbm9yZUh0dHBTdGF0dXNDb2RlPSJGYWxzZSI+DQogICAgICA8SGVhZGVycz4NCiAgICAgICAgPEhlYWRlciBOYW1lPSJSZWZlcmVyIiBWYWx1ZT0iaHR0cDovL2lsaXlhbm5idS0wMDEtc2l0ZTEuZHRlbXB1cmwuY29tLyIgLz4NCiAgICAgIDwvSGVhZGVycz4NCiAgICA8L1JlcXVlc3Q+DQogICAgPFJlcXVlc3QgTWV0aG9kPSJHRVQiIEd1aWQ9IjVlOWIxM2Q2LTQ3ZTYtNDZjYi04M2I5LWVkYzkwMTdhZmRjZSIgVmVyc2lvbj0iMS4xIiBVcmw9Imh0dHA6Ly9pbGl5YW5uYnUtMDAxLXNpdGUxLmR0ZW1wdXJsLmNvbS9zaWduYWxyL3N0YXJ0IiBUaGlua1RpbWU9IjIiIFRpbWVvdXQ9IjMwMCIgUGFyc2VEZXBlbmRlbnRSZXF1ZXN0cz0iVHJ1ZSIgRm9sbG93UmVkaXJlY3RzPSJUcnVlIiBSZWNvcmRSZXN1bHQ9IlRydWUiIENhY2hlPSJGYWxzZSIgUmVzcG9uc2VUaW1lR29hbD0iMCIgRW5jb2Rpbmc9InV0Zi04IiBFeHBlY3RlZEh0dHBTdGF0dXNDb2RlPSIwIiBFeHBlY3RlZFJlc3BvbnNlVXJsPSIiIFJlcG9ydGluZ05hbWU9IiIgSWdub3JlSHR0cFN0YXR1c0NvZGU9IkZhbHNlIj4NCiAgICAgIDxIZWFkZXJzPg0KICAgICAgICA8SGVhZGVyIE5hbWU9IkNvbnRlbnQtVHlwZSIgVmFsdWU9ImFwcGxpY2F0aW9uL2pzb247IGNoYXJzZXQ9VVRGLTgiIC8+DQogICAgICAgIDxIZWFkZXIgTmFtZT0iQWNjZXB0IiBWYWx1ZT0idGV4dC9wbGFpbiwgKi8qOyBxPTAuMDEiIC8+DQogICAgICAgIDxIZWFkZXIgTmFtZT0iWC1SZXF1ZXN0ZWQtV2l0aCIgVmFsdWU9IlhNTEh0dHBSZXF1ZXN0IiAvPg0KICAgICAgICA8SGVhZGVyIE5hbWU9IlJlZmVyZXIiIFZhbHVlPSJodHRwOi8vaWxpeWFubmJ1LTAwMS1zaXRlMS5kdGVtcHVybC5jb20vIiAvPg0KICAgICAgPC9IZWFkZXJzPg0KICAgICAgPFF1ZXJ5U3RyaW5nUGFyYW1ldGVycz4NCiAgICAgICAgPFF1ZXJ5U3RyaW5nUGFyYW1ldGVyIE5hbWU9InRyYW5zcG9ydCIgVmFsdWU9IndlYlNvY2tldHMiIFJlY29yZGVkVmFsdWU9IndlYlNvY2tldHMiIENvcnJlbGF0aW9uQmluZGluZz0iIiBVcmxFbmNvZGU9IkZhbHNlIiBVc2VUb0dyb3VwUmVzdWx0cz0iRmFsc2UiIC8+DQogICAgICAgIDxRdWVyeVN0cmluZ1BhcmFtZXRlciBOYW1lPSJjbGllbnRQcm90b2NvbCIgVmFsdWU9IjEuNSIgUmVjb3JkZWRWYWx1ZT0iMS41IiBDb3JyZWxhdGlvbkJpbmRpbmc9IiIgVXJsRW5jb2RlPSJGYWxzZSIgVXNlVG9Hcm91cFJlc3VsdHM9IkZhbHNlIiAvPg0KICAgICAgICA8UXVlcnlTdHJpbmdQYXJhbWV0ZXIgTmFtZT0iY29ubmVjdGlvblRva2VuIiBWYWx1ZT0iNVdtUlYxeW1TY3ZuJTJCZ3hndnNVUnpkMWF4T2hOeWJucW9VUGltbzllcEQ4TTRpM0hKandFcnRHdGRqY0IxZG0wcER6RiUyQlBFMENYblViZXNVWGZYTms4OHQ4VXAxNEN3WVhadVFlMWtxbjkwWENqV1FRcFdvbTljSk40QTFhS1RjIiBSZWNvcmRlZFZhbHVlPSI1V21SVjF5bVNjdm4lMkJneGd2c1VSemQxYXhPaE55Ym5xb1VQaW1vOWVwRDhNNGkzSEpqd0VydEd0ZGpjQjFkbTBwRHpGJTJCUEUwQ1huVWJlc1VYZlhOazg4dDhVcDE0Q3dZWFp1UWUxa3FuOTBYQ2pXUVFwV29tOWNKTjRBMWFLVGMiIENvcnJlbGF0aW9uQmluZGluZz0iIiBVcmxFbmNvZGU9IkZhbHNlIiBVc2VUb0dyb3VwUmVzdWx0cz0iRmFsc2UiIC8+DQogICAgICAgIDxRdWVyeVN0cmluZ1BhcmFtZXRlciBOYW1lPSJjb25uZWN0aW9uRGF0YSIgVmFsdWU9IiU1QiU3QiUyMm5hbWUlMjIlM0ElMjJub3RpZmljYXRpb25zJTIyJTdEJTVEIiBSZWNvcmRlZFZhbHVlPSIlNUIlN0IlMjJuYW1lJTIyJTNBJTIybm90aWZpY2F0aW9ucyUyMiU3RCU1RCIgQ29ycmVsYXRpb25CaW5kaW5nPSIiIFVybEVuY29kZT0iRmFsc2UiIFVzZVRvR3JvdXBSZXN1bHRzPSJGYWxzZSIgLz4NCiAgICAgICAgPFF1ZXJ5U3RyaW5nUGFyYW1ldGVyIE5hbWU9Il8iIFZhbHVlPSIxNTM2MjI5MDQ3MDAyIiBSZWNvcmRlZFZhbHVlPSIxNTM2MjI5MDQ3MDAyIiBDb3JyZWxhdGlvbkJpbmRpbmc9IiIgVXJsRW5jb2RlPSJGYWxzZSIgVXNlVG9Hcm91cFJlc3VsdHM9IkZhbHNlIiAvPg0KICAgICAgPC9RdWVyeVN0cmluZ1BhcmFtZXRlcnM+DQogICAgPC9SZXF1ZXN0Pg0KICAgIDxSZXF1ZXN0IE1ldGhvZD0iR0VUIiBHdWlkPSI1ODY2YWZmOC1jNTk3LTQzZDYtOWQwNS01MWI1NTY0ZDhhZjYiIFZlcnNpb249IjEuMSIgVXJsPSJodHRwOi8vaWxpeWFubmJ1LTAwMS1zaXRlMS5kdGVtcHVybC5jb20vQ29udGVudC9mb250cy9nbHlwaHMvV2ViQ29tcG9uZW50c0ljb25zLmVvdCIgVGhpbmtUaW1lPSIwIiBUaW1lb3V0PSIzMDAiIFBhcnNlRGVwZW5kZW50UmVxdWVzdHM9IlRydWUiIEZvbGxvd1JlZGlyZWN0cz0iVHJ1ZSIgUmVjb3JkUmVzdWx0PSJUcnVlIiBDYWNoZT0iRmFsc2UiIFJlc3BvbnNlVGltZUdvYWw9IjAiIEVuY29kaW5nPSJ1dGYtOCIgRXhwZWN0ZWRIdHRwU3RhdHVzQ29kZT0iMCIgRXhwZWN0ZWRSZXNwb25zZVVybD0iIiBSZXBvcnRpbmdOYW1lPSIiIElnbm9yZUh0dHBTdGF0dXNDb2RlPSJGYWxzZSI+DQogICAgICA8SGVhZGVycz4NCiAgICAgICAgPEhlYWRlciBOYW1lPSJSZWZlcmVyIiBWYWx1ZT0iaHR0cDovL2lsaXlhbm5idS0wMDEtc2l0ZTEuZHRlbXB1cmwuY29tLyIgLz4NCiAgICAgIDwvSGVhZGVycz4NCiAgICAgIDxRdWVyeVN0cmluZ1BhcmFtZXRlcnM+DQogICAgICAgIDxRdWVyeVN0cmluZ1BhcmFtZXRlciBOYW1lPSIiIFZhbHVlPSJnZWR4ZW8iIFJlY29yZGVkVmFsdWU9ImdlZHhlbyIgQ29ycmVsYXRpb25CaW5kaW5nPSIiIFVybEVuY29kZT0iRmFsc2UiIFVzZVRvR3JvdXBSZXN1bHRzPSJGYWxzZSIgLz4NCiAgICAgIDwvUXVlcnlTdHJpbmdQYXJhbWV0ZXJzPg0KICAgIDwvUmVxdWVzdD4NCiAgICA8UmVxdWVzdCBNZXRob2Q9IkdFVCIgR3VpZD0iYTZiZGZlOGEtZTE5Ny00ZDQzLTk2MTQtMjUwMDQ1OWI1MjY3IiBWZXJzaW9uPSIxLjEiIFVybD0iaHR0cDovL2lsaXlhbm5idS0wMDEtc2l0ZTEuZHRlbXB1cmwuY29tL1Byb2R1Y3RzL1dvbWVuUGFydGlhbCIgVGhpbmtUaW1lPSI1IiBUaW1lb3V0PSIzMDAiIFBhcnNlRGVwZW5kZW50UmVxdWVzdHM9IlRydWUiIEZvbGxvd1JlZGlyZWN0cz0iVHJ1ZSIgUmVjb3JkUmVzdWx0PSJUcnVlIiBDYWNoZT0iRmFsc2UiIFJlc3BvbnNlVGltZUdvYWw9IjAiIEVuY29kaW5nPSJ1dGYtOCIgRXhwZWN0ZWRIdHRwU3RhdHVzQ29kZT0iMCIgRXhwZWN0ZWRSZXNwb25zZVVybD0iIiBSZXBvcnRpbmdOYW1lPSIiIElnbm9yZUh0dHBTdGF0dXNDb2RlPSJGYWxzZSI+DQogICAgICA8SGVhZGVycz4NCiAgICAgICAgPEhlYWRlciBOYW1lPSJBY2NlcHQiIFZhbHVlPSIqLyoiIC8+DQogICAgICAgIDxIZWFkZXIgTmFtZT0iWC1SZXF1ZXN0ZWQtV2l0aCIgVmFsdWU9IlhNTEh0dHBSZXF1ZXN0IiAvPg0KICAgICAgICA8SGVhZGVyIE5hbWU9IlJlZmVyZXIiIFZhbHVlPSJodHRwOi8vaWxpeWFubmJ1LTAwMS1zaXRlMS5kdGVtcHVybC5jb20vIiAvPg0KICAgICAgPC9IZWFkZXJzPg0KICAgICAgPENvcnJlbGF0aW9uRXh0cmFjdGlvblJ1bGVzPg0KICAgICAgICA8RXh0cmFjdGlvblJ1bGUgQ2xhc3NuYW1lPSJNaWNyb3NvZnQuVmlzdWFsU3R1ZGlvLlRlc3RUb29scy5XZWJUZXN0aW5nLlJ1bGVzLkV4dHJhY3RUZXh0LCBNaWNyb3NvZnQuVmlzdWFsU3R1ZGlvLlF1YWxpdHlUb29scy5XZWJUZXN0RnJhbWV3b3JrLCBWZXJzaW9uPTEwLjAuMC4wLCBDdWx0dXJlPW5ldXRyYWwsIFB1YmxpY0tleVRva2VuPWIwM2Y1ZjdmMTFkNTBhM2EiIFZhcmlhYmxlTmFtZT0iRm9ybVBvc3RQYXJhbTEuY2F0ZWdvcnlJZCIgRGlzcGxheU5hbWU9IiIgRGVzY3JpcHRpb249IiI+DQogICAgICAgICAgPFJ1bGVQYXJhbWV0ZXJzPg0KICAgICAgICAgICAgPFJ1bGVQYXJhbWV0ZXIgTmFtZT0iU3RhcnRzV2l0aCIgVmFsdWU9Imx1ZT0mcXVvdDsiIC8+DQogICAgICAgICAgICA8UnVsZVBhcmFtZXRlciBOYW1lPSJFbmRzV2l0aCIgVmFsdWU9IiZxdW90OyZndDtOYW0iIC8+DQogICAgICAgICAgICA8UnVsZVBhcmFtZXRlciBOYW1lPSJJbmRleCIgVmFsdWU9IjMiIC8+DQogICAgICAgICAgICA8UnVsZVBhcmFtZXRlciBOYW1lPSJJZ25vcmVDYXNlIiBWYWx1ZT0iRmFsc2UiIC8+DQogICAgICAgICAgICA8UnVsZVBhcmFtZXRlciBOYW1lPSJVc2VSZWd1bGFyRXhwcmVzc2lvbiIgVmFsdWU9IkZhbHNlIiAvPg0KICAgICAgICAgICAgPFJ1bGVQYXJhbWV0ZXIgTmFtZT0iSHRtbERlY29kZSIgVmFsdWU9IlRydWUiIC8+DQogICAgICAgICAgICA8UnVsZVBhcmFtZXRlciBOYW1lPSJSZXF1aXJlZCIgVmFsdWU9IkZhbHNlIiAvPg0KICAgICAgICAgIDwvUnVsZVBhcmFtZXRlcnM+DQogICAgICAgIDwvRXh0cmFjdGlvblJ1bGU+DQogICAgICA8L0NvcnJlbGF0aW9uRXh0cmFjdGlvblJ1bGVzPg0KICAgIDwvUmVxdWVzdD4NCiAgICA8UmVxdWVzdCBNZXRob2Q9IlBPU1QiIEd1aWQ9IjNlNzM0Mjg3LWI5MTYtNDVmZC05ODg4LThkNzgyZWU3NGI5NCIgVmVyc2lvbj0iMS4xIiBVcmw9Imh0dHA6Ly9pbGl5YW5uYnUtMDAxLXNpdGUxLmR0ZW1wdXJsLmNvbS9Qcm9kdWN0cy9DYXRlZ29yeVBhcnRpYWwiIFRoaW5rVGltZT0iMSIgVGltZW91dD0iMzAwIiBQYXJzZURlcGVuZGVudFJlcXVlc3RzPSJUcnVlIiBGb2xsb3dSZWRpcmVjdHM9IlRydWUiIFJlY29yZFJlc3VsdD0iVHJ1ZSIgQ2FjaGU9IkZhbHNlIiBSZXNwb25zZVRpbWVHb2FsPSIwIiBFbmNvZGluZz0idXRmLTgiIEV4cGVjdGVkSHR0cFN0YXR1c0NvZGU9IjAiIEV4cGVjdGVkUmVzcG9uc2VVcmw9IiIgUmVwb3J0aW5nTmFtZT0iIiBJZ25vcmVIdHRwU3RhdHVzQ29kZT0iRmFsc2UiPg0KICAgICAgPEhlYWRlcnM+DQogICAgICAgIDxIZWFkZXIgTmFtZT0iQWNjZXB0IiBWYWx1ZT0idGV4dC9odG1sLCAqLyo7IHE9MC4wMSIgLz4NCiAgICAgICAgPEhlYWRlciBOYW1lPSJYLVJlcXVlc3RlZC1XaXRoIiBWYWx1ZT0iWE1MSHR0cFJlcXVlc3QiIC8+DQogICAgICAgIDxIZWFkZXIgTmFtZT0iUmVmZXJlciIgVmFsdWU9Imh0dHA6Ly9pbGl5YW5uYnUtMDAxLXNpdGUxLmR0ZW1wdXJsLmNvbS9Qcm9kdWN0cy9Xb21lbiIgLz4NCiAgICAgIDwvSGVhZGVycz4NCiAgICAgIDxDb3JyZWxhdGlvbkV4dHJhY3Rpb25SdWxlcz4NCiAgICAgICAgPEV4dHJhY3Rpb25SdWxlIENsYXNzbmFtZT0iTWljcm9zb2Z0LlZpc3VhbFN0dWRpby5UZXN0VG9vbHMuV2ViVGVzdGluZy5SdWxlcy5FeHRyYWN0VGV4dCwgTWljcm9zb2Z0LlZpc3VhbFN0dWRpby5RdWFsaXR5VG9vbHMuV2ViVGVzdEZyYW1ld29yaywgVmVyc2lvbj0xMC4wLjAuMCwgQ3VsdHVyZT1uZXV0cmFsLCBQdWJsaWNLZXlUb2tlbj1iMDNmNWY3ZjExZDUwYTNhIiBWYXJpYWJsZU5hbWU9IkZvcm1Qb3N0UGFyYW0yLnByb2R1Y3RJZCIgRGlzcGxheU5hbWU9IiIgRGVzY3JpcHRpb249IiI+DQogICAgICAgICAgPFJ1bGVQYXJhbWV0ZXJzPg0KICAgICAgICAgICAgPFJ1bGVQYXJhbWV0ZXIgTmFtZT0iU3RhcnRzV2l0aCIgVmFsdWU9Imx1ZT0mcXVvdDsiIC8+DQogICAgICAgICAgICA8UnVsZVBhcmFtZXRlciBOYW1lPSJFbmRzV2l0aCIgVmFsdWU9IiZxdW90OyZndDtOYW0iIC8+DQogICAgICAgICAgICA8UnVsZVBhcmFtZXRlciBOYW1lPSJJbmRleCIgVmFsdWU9IjMiIC8+DQogICAgICAgICAgICA8UnVsZVBhcmFtZXRlciBOYW1lPSJJZ25vcmVDYXNlIiBWYWx1ZT0iRmFsc2UiIC8+DQogICAgICAgICAgICA8UnVsZVBhcmFtZXRlciBOYW1lPSJVc2VSZWd1bGFyRXhwcmVzc2lvbiIgVmFsdWU9IkZhbHNlIiAvPg0KICAgICAgICAgICAgPFJ1bGVQYXJhbWV0ZXIgTmFtZT0iSHRtbERlY29kZSIgVmFsdWU9IlRydWUiIC8+DQogICAgICAgICAgICA8UnVsZVBhcmFtZXRlciBOYW1lPSJSZXF1aXJlZCIgVmFsdWU9IkZhbHNlIiAvPg0KICAgICAgICAgIDwvUnVsZVBhcmFtZXRlcnM+DQogICAgICAgIDwvRXh0cmFjdGlvblJ1bGU+DQogICAgICAgIDxFeHRyYWN0aW9uUnVsZSBDbGFzc25hbWU9Ik1pY3Jvc29mdC5WaXN1YWxTdHVkaW8uVGVzdFRvb2xzLldlYlRlc3RpbmcuUnVsZXMuRXh0cmFjdFRleHQsIE1pY3Jvc29mdC5WaXN1YWxTdHVkaW8uUXVhbGl0eVRvb2xzLldlYlRlc3RGcmFtZXdvcmssIFZlcnNpb249MTAuMC4wLjAsIEN1bHR1cmU9bmV1dHJhbCwgUHVibGljS2V5VG9rZW49YjAzZjVmN2YxMWQ1MGEzYSIgVmFyaWFibGVOYW1lPSJGb3JtUG9zdFBhcmFtMy5wcm9kdWN0SWQiIERpc3BsYXlOYW1lPSIiIERlc2NyaXB0aW9uPSIiPg0KICAgICAgICAgIDxSdWxlUGFyYW1ldGVycz4NCiAgICAgICAgICAgIDxSdWxlUGFyYW1ldGVyIE5hbWU9IlN0YXJ0c1dpdGgiIFZhbHVlPSJsdWU9JnF1b3Q7IiAvPg0KICAgICAgICAgICAgPFJ1bGVQYXJhbWV0ZXIgTmFtZT0iRW5kc1dpdGgiIFZhbHVlPSImcXVvdDsmZ3Q7TmFtIiAvPg0KICAgICAgICAgICAgPFJ1bGVQYXJhbWV0ZXIgTmFtZT0iSW5kZXgiIFZhbHVlPSIzIiAvPg0KICAgICAgICAgICAgPFJ1bGVQYXJhbWV0ZXIgTmFtZT0iSWdub3JlQ2FzZSIgVmFsdWU9IkZhbHNlIiAvPg0KICAgICAgICAgICAgPFJ1bGVQYXJhbWV0ZXIgTmFtZT0iVXNlUmVndWxhckV4cHJlc3Npb24iIFZhbHVlPSJGYWxzZSIgLz4NCiAgICAgICAgICAgIDxSdWxlUGFyYW1ldGVyIE5hbWU9Ikh0bWxEZWNvZGUiIFZhbHVlPSJUcnVlIiAvPg0KICAgICAgICAgICAgPFJ1bGVQYXJhbWV0ZXIgTmFtZT0iUmVxdWlyZWQiIFZhbHVlPSJGYWxzZSIgLz4NCiAgICAgICAgICA8L1J1bGVQYXJhbWV0ZXJzPg0KICAgICAgICA8L0V4dHJhY3Rpb25SdWxlPg0KICAgICAgICA8RXh0cmFjdGlvblJ1bGUgQ2xhc3NuYW1lPSJNaWNyb3NvZnQuVmlzdWFsU3R1ZGlvLlRlc3RUb29scy5XZWJUZXN0aW5nLlJ1bGVzLkV4dHJhY3RUZXh0LCBNaWNyb3NvZnQuVmlzdWFsU3R1ZGlvLlF1YWxpdHlUb29scy5XZWJUZXN0RnJhbWV3b3JrLCBWZXJzaW9uPTEwLjAuMC4wLCBDdWx0dXJlPW5ldXRyYWwsIFB1YmxpY0tleVRva2VuPWIwM2Y1ZjdmMTFkNTBhM2EiIFZhcmlhYmxlTmFtZT0iRm9ybVBvc3RQYXJhbTQucHJvZHVjdElkIiBEaXNwbGF5TmFtZT0iIiBEZXNjcmlwdGlvbj0iIj4NCiAgICAgICAgICA8UnVsZVBhcmFtZXRlcnM+DQogICAgICAgICAgICA8UnVsZVBhcmFtZXRlciBOYW1lPSJTdGFydHNXaXRoIiBWYWx1ZT0ibHVlPSZxdW90OyIgLz4NCiAgICAgICAgICAgIDxSdWxlUGFyYW1ldGVyIE5hbWU9IkVuZHNXaXRoIiBWYWx1ZT0iJnF1b3Q7Jmd0O05hbSIgLz4NCiAgICAgICAgICAgIDxSdWxlUGFyYW1ldGVyIE5hbWU9IkluZGV4IiBWYWx1ZT0iMyIgLz4NCiAgICAgICAgICAgIDxSdWxlUGFyYW1ldGVyIE5hbWU9Iklnbm9yZUNhc2UiIFZhbHVlPSJGYWxzZSIgLz4NCiAgICAgICAgICAgIDxSdWxlUGFyYW1ldGVyIE5hbWU9IlVzZVJlZ3VsYXJFeHByZXNzaW9uIiBWYWx1ZT0iRmFsc2UiIC8+DQogICAgICAgICAgICA8UnVsZVBhcmFtZXRlciBOYW1lPSJIdG1sRGVjb2RlIiBWYWx1ZT0iVHJ1ZSIgLz4NCiAgICAgICAgICAgIDxSdWxlUGFyYW1ldGVyIE5hbWU9IlJlcXVpcmVkIiBWYWx1ZT0iRmFsc2UiIC8+DQogICAgICAgICAgPC9SdWxlUGFyYW1ldGVycz4NCiAgICAgICAgPC9FeHRyYWN0aW9uUnVsZT4NCiAgICAgICAgPEV4dHJhY3Rpb25SdWxlIENsYXNzbmFtZT0iTWljcm9zb2Z0LlZpc3VhbFN0dWRpby5UZXN0VG9vbHMuV2ViVGVzdGluZy5SdWxlcy5FeHRyYWN0VGV4dCwgTWljcm9zb2Z0LlZpc3VhbFN0dWRpby5RdWFsaXR5VG9vbHMuV2ViVGVzdEZyYW1ld29yaywgVmVyc2lvbj0xMC4wLjAuMCwgQ3VsdHVyZT1uZXV0cmFsLCBQdWJsaWNLZXlUb2tlbj1iMDNmNWY3ZjExZDUwYTNhIiBWYXJpYWJsZU5hbWU9IkZvcm1Qb3N0UGFyYW01LnByb2R1Y3RJZCIgRGlzcGxheU5hbWU9IiIgRGVzY3JpcHRpb249IiI+DQogICAgICAgICAgPFJ1bGVQYXJhbWV0ZXJzPg0KICAgICAgICAgICAgPFJ1bGVQYXJhbWV0ZXIgTmFtZT0iU3RhcnRzV2l0aCIgVmFsdWU9Imx1ZT0mcXVvdDsiIC8+DQogICAgICAgICAgICA8UnVsZVBhcmFtZXRlciBOYW1lPSJFbmRzV2l0aCIgVmFsdWU9IiZxdW90OyZndDtOYW0iIC8+DQogICAgICAgICAgICA8UnVsZVBhcmFtZXRlciBOYW1lPSJJbmRleCIgVmFsdWU9IjMiIC8+DQogICAgICAgICAgICA8UnVsZVBhcmFtZXRlciBOYW1lPSJJZ25vcmVDYXNlIiBWYWx1ZT0iRmFsc2UiIC8+DQogICAgICAgICAgICA8UnVsZVBhcmFtZXRlciBOYW1lPSJVc2VSZWd1bGFyRXhwcmVzc2lvbiIgVmFsdWU9IkZhbHNlIiAvPg0KICAgICAgICAgICAgPFJ1bGVQYXJhbWV0ZXIgTmFtZT0iSHRtbERlY29kZSIgVmFsdWU9IlRydWUiIC8+DQogICAgICAgICAgICA8UnVsZVBhcmFtZXRlciBOYW1lPSJSZXF1aXJlZCIgVmFsdWU9IkZhbHNlIiAvPg0KICAgICAgICAgIDwvUnVsZVBhcmFtZXRlcnM+DQogICAgICAgIDwvRXh0cmFjdGlvblJ1bGU+DQogICAgICAgIDxFeHRyYWN0aW9uUnVsZSBDbGFzc25hbWU9Ik1pY3Jvc29mdC5WaXN1YWxTdHVkaW8uVGVzdFRvb2xzLldlYlRlc3RpbmcuUnVsZXMuRXh0cmFjdFRleHQsIE1pY3Jvc29mdC5WaXN1YWxTdHVkaW8uUXVhbGl0eVRvb2xzLldlYlRlc3RGcmFtZXdvcmssIFZlcnNpb249MTAuMC4wLjAsIEN1bHR1cmU9bmV1dHJhbCwgUHVibGljS2V5VG9rZW49YjAzZjVmN2YxMWQ1MGEzYSIgVmFyaWFibGVOYW1lPSJGb3JtUG9zdFBhcmFtNi5wcm9kdWN0SWQiIERpc3BsYXlOYW1lPSIiIERlc2NyaXB0aW9uPSIiPg0KICAgICAgICAgIDxSdWxlUGFyYW1ldGVycz4NCiAgICAgICAgICAgIDxSdWxlUGFyYW1ldGVyIE5hbWU9IlN0YXJ0c1dpdGgiIFZhbHVlPSJsdWU9JnF1b3Q7IiAvPg0KICAgICAgICAgICAgPFJ1bGVQYXJhbWV0ZXIgTmFtZT0iRW5kc1dpdGgiIFZhbHVlPSImcXVvdDsmZ3Q7TmFtIiAvPg0KICAgICAgICAgICAgPFJ1bGVQYXJhbWV0ZXIgTmFtZT0iSW5kZXgiIFZhbHVlPSIzIiAvPg0KICAgICAgICAgICAgPFJ1bGVQYXJhbWV0ZXIgTmFtZT0iSWdub3JlQ2FzZSIgVmFsdWU9IkZhbHNlIiAvPg0KICAgICAgICAgICAgPFJ1bGVQYXJhbWV0ZXIgTmFtZT0iVXNlUmVndWxhckV4cHJlc3Npb24iIFZhbHVlPSJGYWxzZSIgLz4NCiAgICAgICAgICAgIDxSdWxlUGFyYW1ldGVyIE5hbWU9Ikh0bWxEZWNvZGUiIFZhbHVlPSJUcnVlIiAvPg0KICAgICAgICAgICAgPFJ1bGVQYXJhbWV0ZXIgTmFtZT0iUmVxdWlyZWQiIFZhbHVlPSJGYWxzZSIgLz4NCiAgICAgICAgICA8L1J1bGVQYXJhbWV0ZXJzPg0KICAgICAgICA8L0V4dHJhY3Rpb25SdWxlPg0KICAgICAgPC9Db3JyZWxhdGlvbkV4dHJhY3Rpb25SdWxlcz4NCiAgICAgIDxGb3JtUG9zdEh0dHBCb2R5Pg0KICAgICAgICA8Rm9ybVBvc3RQYXJhbWV0ZXIgTmFtZT0iY2F0ZWdvcnlJZCIgVmFsdWU9IjMiIFJlY29yZGVkVmFsdWU9IjMiIENvcnJlbGF0aW9uQmluZGluZz0ie3tGb3JtUG9zdFBhcmFtMS5jYXRlZ29yeUlkfX0iIFVybEVuY29kZT0iVHJ1ZSIgLz4NCiAgICAgIDwvRm9ybVBvc3RIdHRwQm9keT4NCiAgICA8L1JlcXVlc3Q+DQogICAgPFJlcXVlc3QgTWV0aG9kPSJQT1NUIiBHdWlkPSI1MWQ3YmIyNC0wYjI1LTQwZjItOGRkOS0zOWNlZWExNjRhMmEiIFZlcnNpb249IjEuMSIgVXJsPSJodHRwOi8vaWxpeWFubmJ1LTAwMS1zaXRlMS5kdGVtcHVybC5jb20vUHJvZHVjdHMvUHJvZHVjdFBhcnRpYWwiIFRoaW5rVGltZT0iMCIgVGltZW91dD0iMzAwIiBQYXJzZURlcGVuZGVudFJlcXVlc3RzPSJUcnVlIiBGb2xsb3dSZWRpcmVjdHM9IlRydWUiIFJlY29yZFJlc3VsdD0iVHJ1ZSIgQ2FjaGU9IkZhbHNlIiBSZXNwb25zZVRpbWVHb2FsPSIwIiBFbmNvZGluZz0idXRmLTgiIEV4cGVjdGVkSHR0cFN0YXR1c0NvZGU9IjAiIEV4cGVjdGVkUmVzcG9uc2VVcmw9IiIgUmVwb3J0aW5nTmFtZT0iIiBJZ25vcmVIdHRwU3RhdHVzQ29kZT0iRmFsc2UiPg0KICAgICAgPEhlYWRlcnM+DQogICAgICAgIDxIZWFkZXIgTmFtZT0iQWNjZXB0IiBWYWx1ZT0idGV4dC9odG1sLCAqLyo7IHE9MC4wMSIgLz4NCiAgICAgICAgPEhlYWRlciBOYW1lPSJYLVJlcXVlc3RlZC1XaXRoIiBWYWx1ZT0iWE1MSHR0cFJlcXVlc3QiIC8+DQogICAgICAgIDxIZWFkZXIgTmFtZT0iUmVmZXJlciIgVmFsdWU9Imh0dHA6Ly9pbGl5YW5uYnUtMDAxLXNpdGUxLmR0ZW1wdXJsLmNvbS9Qcm9kdWN0cy9DYXRlZ29yeS8zIiAvPg0KICAgICAgPC9IZWFkZXJzPg0KICAgICAgPEZvcm1Qb3N0SHR0cEJvZHk+DQogICAgICAgIDxGb3JtUG9zdFBhcmFtZXRlciBOYW1lPSJwcm9kdWN0SWQiIFZhbHVlPSIzIiBSZWNvcmRlZFZhbHVlPSIzIiBDb3JyZWxhdGlvbkJpbmRpbmc9Int7Rm9ybVBvc3RQYXJhbTIucHJvZHVjdElkfX0iIFVybEVuY29kZT0iVHJ1ZSIgLz4NCiAgICAgIDwvRm9ybVBvc3RIdHRwQm9keT4NCiAgICA8L1JlcXVlc3Q+DQogICAgPFJlcXVlc3QgTWV0aG9kPSJQT1NUIiBHdWlkPSJkN2EzNTBlOS00MmUxLTQ4YTAtYTEzMi01ODQwMDIwMDAzODAiIFZlcnNpb249IjEuMSIgVXJsPSJodHRwOi8vaWxpeWFubmJ1LTAwMS1zaXRlMS5kdGVtcHVybC5jb20vUHJvZHVjdHMvR2V0TWF5TGlrZVByb2R1Y3RzIiBUaGlua1RpbWU9IjAiIFRpbWVvdXQ9IjMwMCIgUGFyc2VEZXBlbmRlbnRSZXF1ZXN0cz0iVHJ1ZSIgRm9sbG93UmVkaXJlY3RzPSJUcnVlIiBSZWNvcmRSZXN1bHQ9IlRydWUiIENhY2hlPSJGYWxzZSIgUmVzcG9uc2VUaW1lR29hbD0iMCIgRW5jb2Rpbmc9InV0Zi04IiBFeHBlY3RlZEh0dHBTdGF0dXNDb2RlPSIwIiBFeHBlY3RlZFJlc3BvbnNlVXJsPSIiIFJlcG9ydGluZ05hbWU9IiIgSWdub3JlSHR0cFN0YXR1c0NvZGU9IkZhbHNlIj4NCiAgICAgIDxIZWFkZXJzPg0KICAgICAgICA8SGVhZGVyIE5hbWU9IkFjY2VwdCIgVmFsdWU9IiovKiIgLz4NCiAgICAgICAgPEhlYWRlciBOYW1lPSJYLVJlcXVlc3RlZC1XaXRoIiBWYWx1ZT0iWE1MSHR0cFJlcXVlc3QiIC8+DQogICAgICAgIDxIZWFkZXIgTmFtZT0iUmVmZXJlciIgVmFsdWU9Imh0dHA6Ly9pbGl5YW5uYnUtMDAxLXNpdGUxLmR0ZW1wdXJsLmNvbS9Qcm9kdWN0cy9Qcm9kdWN0LzMiIC8+DQogICAgICA8L0hlYWRlcnM+DQogICAgICA8Rm9ybVBvc3RIdHRwQm9keT4NCiAgICAgICAgPEZvcm1Qb3N0UGFyYW1ldGVyIE5hbWU9InByb2R1Y3RJZCIgVmFsdWU9IjMiIFJlY29yZGVkVmFsdWU9IjMiIENvcnJlbGF0aW9uQmluZGluZz0ie3tGb3JtUG9zdFBhcmFtMy5wcm9kdWN0SWR9fSIgVXJsRW5jb2RlPSJUcnVlIiAvPg0KICAgICAgPC9Gb3JtUG9zdEh0dHBCb2R5Pg0KICAgIDwvUmVxdWVzdD4NCiAgICA8UmVxdWVzdCBNZXRob2Q9IlBPU1QiIEd1aWQ9IjJiNDFjN2M4LWQzMTItNGU2ZS1hOGJjLTE3NmYyYzllODI4NiIgVmVyc2lvbj0iMS4xIiBVcmw9Imh0dHA6Ly9pbGl5YW5uYnUtMDAxLXNpdGUxLmR0ZW1wdXJsLmNvbS9Qcm9kdWN0cy9DaGVja1Byb2R1Y3RGYXZvcml0ZXMiIFRoaW5rVGltZT0iMCIgVGltZW91dD0iMzAwIiBQYXJzZURlcGVuZGVudFJlcXVlc3RzPSJUcnVlIiBGb2xsb3dSZWRpcmVjdHM9IlRydWUiIFJlY29yZFJlc3VsdD0iVHJ1ZSIgQ2FjaGU9IkZhbHNlIiBSZXNwb25zZVRpbWVHb2FsPSIwIiBFbmNvZGluZz0idXRmLTgiIEV4cGVjdGVkSHR0cFN0YXR1c0NvZGU9IjAiIEV4cGVjdGVkUmVzcG9uc2VVcmw9IiIgUmVwb3J0aW5nTmFtZT0iIiBJZ25vcmVIdHRwU3RhdHVzQ29kZT0iRmFsc2UiPg0KICAgICAgPEhlYWRlcnM+DQogICAgICAgIDxIZWFkZXIgTmFtZT0iQWNjZXB0IiBWYWx1ZT0iKi8qIiAvPg0KICAgICAgICA8SGVhZGVyIE5hbWU9IlgtUmVxdWVzdGVkLVdpdGgiIFZhbHVlPSJYTUxIdHRwUmVxdWVzdCIgLz4NCiAgICAgICAgPEhlYWRlciBOYW1lPSJSZWZlcmVyIiBWYWx1ZT0iaHR0cDovL2lsaXlhbm5idS0wMDEtc2l0ZTEuZHRlbXB1cmwuY29tL1Byb2R1Y3RzL1Byb2R1Y3QvMyIgLz4NCiAgICAgIDwvSGVhZGVycz4NCiAgICAgIDxGb3JtUG9zdEh0dHBCb2R5Pg0KICAgICAgICA8Rm9ybVBvc3RQYXJhbWV0ZXIgTmFtZT0icHJvZHVjdElkIiBWYWx1ZT0iMyIgUmVjb3JkZWRWYWx1ZT0iMyIgQ29ycmVsYXRpb25CaW5kaW5nPSJ7e0Zvcm1Qb3N0UGFyYW00LnByb2R1Y3RJZH19IiBVcmxFbmNvZGU9IlRydWUiIC8+DQogICAgICA8L0Zvcm1Qb3N0SHR0cEJvZHk+DQogICAgPC9SZXF1ZXN0Pg0KICAgIDxSZXF1ZXN0IE1ldGhvZD0iUE9TVCIgR3VpZD0iM2YwOWY4OWQtZTU3NS00MDE0LWExNzgtZGNiNjMxZWY3MjdmIiBWZXJzaW9uPSIxLjEiIFVybD0iaHR0cDovL2lsaXlhbm5idS0wMDEtc2l0ZTEuZHRlbXB1cmwuY29tL1Byb2R1Y3RzL0dldFJhdGluZ3MiIFRoaW5rVGltZT0iMCIgVGltZW91dD0iMzAwIiBQYXJzZURlcGVuZGVudFJlcXVlc3RzPSJUcnVlIiBGb2xsb3dSZWRpcmVjdHM9IlRydWUiIFJlY29yZFJlc3VsdD0iVHJ1ZSIgQ2FjaGU9IkZhbHNlIiBSZXNwb25zZVRpbWVHb2FsPSIwIiBFbmNvZGluZz0idXRmLTgiIEV4cGVjdGVkSHR0cFN0YXR1c0NvZGU9IjAiIEV4cGVjdGVkUmVzcG9uc2VVcmw9IiIgUmVwb3J0aW5nTmFtZT0iIiBJZ25vcmVIdHRwU3RhdHVzQ29kZT0iRmFsc2UiPg0KICAgICAgPEhlYWRlcnM+DQogICAgICAgIDxIZWFkZXIgTmFtZT0iQWNjZXB0IiBWYWx1ZT0iKi8qIiAvPg0KICAgICAgICA8SGVhZGVyIE5hbWU9IlgtUmVxdWVzdGVkLVdpdGgiIFZhbHVlPSJYTUxIdHRwUmVxdWVzdCIgLz4NCiAgICAgICAgPEhlYWRlciBOYW1lPSJSZWZlcmVyIiBWYWx1ZT0iaHR0cDovL2lsaXlhbm5idS0wMDEtc2l0ZTEuZHRlbXB1cmwuY29tL1Byb2R1Y3RzL1Byb2R1Y3QvMyIgLz4NCiAgICAgIDwvSGVhZGVycz4NCiAgICAgIDxGb3JtUG9zdEh0dHBCb2R5Pg0KICAgICAgICA8Rm9ybVBvc3RQYXJhbWV0ZXIgTmFtZT0icHJvZHVjdElkIiBWYWx1ZT0iMyIgUmVjb3JkZWRWYWx1ZT0iMyIgQ29ycmVsYXRpb25CaW5kaW5nPSJ7e0Zvcm1Qb3N0UGFyYW01LnByb2R1Y3RJZH19IiBVcmxFbmNvZGU9IlRydWUiIC8+DQogICAgICA8L0Zvcm1Qb3N0SHR0cEJvZHk+DQogICAgPC9SZXF1ZXN0Pg0KICAgIDxSZXF1ZXN0IE1ldGhvZD0iUE9TVCIgR3VpZD0iYTQ2OGI3NmItYzNiYi00ZGYwLWJjMGMtNjVmMWRlNDAxZWJiIiBWZXJzaW9uPSIxLjEiIFVybD0iaHR0cDovL2lsaXlhbm5idS0wMDEtc2l0ZTEuZHRlbXB1cmwuY29tL1Byb2R1Y3RzL0dldENvbW1lbnRzIiBUaGlua1RpbWU9IjAiIFRpbWVvdXQ9IjMwMCIgUGFyc2VEZXBlbmRlbnRSZXF1ZXN0cz0iVHJ1ZSIgRm9sbG93UmVkaXJlY3RzPSJUcnVlIiBSZWNvcmRSZXN1bHQ9IlRydWUiIENhY2hlPSJGYWxzZSIgUmVzcG9uc2VUaW1lR29hbD0iMCIgRW5jb2Rpbmc9InV0Zi04IiBFeHBlY3RlZEh0dHBTdGF0dXNDb2RlPSIwIiBFeHBlY3RlZFJlc3BvbnNlVXJsPSIiIFJlcG9ydGluZ05hbWU9IiIgSWdub3JlSHR0cFN0YXR1c0NvZGU9IkZhbHNlIj4NCiAgICAgIDxIZWFkZXJzPg0KICAgICAgICA8SGVhZGVyIE5hbWU9IkFjY2VwdCIgVmFsdWU9IiovKiIgLz4NCiAgICAgICAgPEhlYWRlciBOYW1lPSJYLVJlcXVlc3RlZC1XaXRoIiBWYWx1ZT0iWE1MSHR0cFJlcXVlc3QiIC8+DQogICAgICAgIDxIZWFkZXIgTmFtZT0iUmVmZXJlciIgVmFsdWU9Imh0dHA6Ly9pbGl5YW5uYnUtMDAxLXNpdGUxLmR0ZW1wdXJsLmNvbS9Qcm9kdWN0cy9Qcm9kdWN0LzMiIC8+DQogICAgICA8L0hlYWRlcnM+DQogICAgICA8Rm9ybVBvc3RIdHRwQm9keT4NCiAgICAgICAgPEZvcm1Qb3N0UGFyYW1ldGVyIE5hbWU9InByb2R1Y3RJZCIgVmFsdWU9IjMiIFJlY29yZGVkVmFsdWU9IjMiIENvcnJlbGF0aW9uQmluZGluZz0ie3tGb3JtUG9zdFBhcmFtNi5wcm9kdWN0SWR9fSIgVXJsRW5jb2RlPSJUcnVlIiAvPg0KICAgICAgPC9Gb3JtUG9zdEh0dHBCb2R5Pg0KICAgIDwvUmVxdWVzdD4NCiAgICA8UmVxdWVzdCBNZXRob2Q9IlBPU1QiIEd1aWQ9IjhkYjc5ZjI1LTQwNDctNGE0Yy04ZGVmLTVmNmFlZmY2ZWE4YyIgVmVyc2lvbj0iMS4xIiBVcmw9Imh0dHA6Ly9pbGl5YW5uYnUtMDAxLXNpdGUxLmR0ZW1wdXJsLmNvbS9Qcm9kdWN0cy9Vc2VycyIgVGhpbmtUaW1lPSIwIiBUaW1lb3V0PSIzMDAiIFBhcnNlRGVwZW5kZW50UmVxdWVzdHM9IlRydWUiIEZvbGxvd1JlZGlyZWN0cz0iVHJ1ZSIgUmVjb3JkUmVzdWx0PSJUcnVlIiBDYWNoZT0iRmFsc2UiIFJlc3BvbnNlVGltZUdvYWw9IjAiIEVuY29kaW5nPSJ1dGYtOCIgRXhwZWN0ZWRIdHRwU3RhdHVzQ29kZT0iMCIgRXhwZWN0ZWRSZXNwb25zZVVybD0iIiBSZXBvcnRpbmdOYW1lPSIiIElnbm9yZUh0dHBTdGF0dXNDb2RlPSJGYWxzZSI+DQogICAgICA8SGVhZGVycz4NCiAgICAgICAgPEhlYWRlciBOYW1lPSJBY2NlcHQiIFZhbHVlPSIqLyoiIC8+DQogICAgICAgIDxIZWFkZXIgTmFtZT0iWC1SZXF1ZXN0ZWQtV2l0aCIgVmFsdWU9IlhNTEh0dHBSZXF1ZXN0IiAvPg0KICAgICAgICA8SGVhZGVyIE5hbWU9IlJlZmVyZXIiIFZhbHVlPSJodHRwOi8vaWxpeWFubmJ1LTAwMS1zaXRlMS5kdGVtcHVybC5jb20vUHJvZHVjdHMvUHJvZHVjdC8zIiAvPg0KICAgICAgPC9IZWFkZXJzPg0KICAgICAgPFN0cmluZ0h0dHBCb2R5IENvbnRlbnRUeXBlPSIiIEluc2VydEJ5dGVPcmRlck1hcms9IkZhbHNlIj4NCiAgICAgIDwvU3RyaW5nSHR0cEJvZHk+DQogICAgPC9SZXF1ZXN0Pg0KICAgIDxSZXF1ZXN0IE1ldGhvZD0iR0VUIiBHdWlkPSJhNmQ5ZTVjNC03MzA4LTQyMjQtODBmMi1hMjJkZDdhMjc3MjIiIFZlcnNpb249IjEuMSIgVXJsPSJodHRwOi8vaWxpeWFubmJ1LTAwMS1zaXRlMS5kdGVtcHVybC5jb20vUHJvZHVjdHMvTWVuUGFydGlhbCIgVGhpbmtUaW1lPSIxIiBUaW1lb3V0PSIzMDAiIFBhcnNlRGVwZW5kZW50UmVxdWVzdHM9IlRydWUiIEZvbGxvd1JlZGlyZWN0cz0iVHJ1ZSIgUmVjb3JkUmVzdWx0PSJUcnVlIiBDYWNoZT0iRmFsc2UiIFJlc3BvbnNlVGltZUdvYWw9IjAiIEVuY29kaW5nPSJ1dGYtOCIgRXhwZWN0ZWRIdHRwU3RhdHVzQ29kZT0iMCIgRXhwZWN0ZWRSZXNwb25zZVVybD0iIiBSZXBvcnRpbmdOYW1lPSIiIElnbm9yZUh0dHBTdGF0dXNDb2RlPSJGYWxzZSI+DQogICAgICA8SGVhZGVycz4NCiAgICAgICAgPEhlYWRlciBOYW1lPSJBY2NlcHQiIFZhbHVlPSIqLyoiIC8+DQogICAgICAgIDxIZWFkZXIgTmFtZT0iWC1SZXF1ZXN0ZWQtV2l0aCIgVmFsdWU9IlhNTEh0dHBSZXF1ZXN0IiAvPg0KICAgICAgICA8SGVhZGVyIE5hbWU9IlJlZmVyZXIiIFZhbHVlPSJodHRwOi8vaWxpeWFubmJ1LTAwMS1zaXRlMS5kdGVtcHVybC5jb20vUHJvZHVjdHMvUHJvZHVjdC8zIiAvPg0KICAgICAgPC9IZWFkZXJzPg0KICAgICAgPENvcnJlbGF0aW9uRXh0cmFjdGlvblJ1bGVzPg0KICAgICAgICA8RXh0cmFjdGlvblJ1bGUgQ2xhc3NuYW1lPSJNaWNyb3NvZnQuVmlzdWFsU3R1ZGlvLlRlc3RUb29scy5XZWJUZXN0aW5nLlJ1bGVzLkV4dHJhY3RUZXh0LCBNaWNyb3NvZnQuVmlzdWFsU3R1ZGlvLlF1YWxpdHlUb29scy5XZWJUZXN0RnJhbWV3b3JrLCBWZXJzaW9uPTEwLjAuMC4wLCBDdWx0dXJlPW5ldXRyYWwsIFB1YmxpY0tleVRva2VuPWIwM2Y1ZjdmMTFkNTBhM2EiIFZhcmlhYmxlTmFtZT0iRm9ybVBvc3RQYXJhbTcuY2F0ZWdvcnlJZCIgRGlzcGxheU5hbWU9IiIgRGVzY3JpcHRpb249IiI+DQogICAgICAgICAgPFJ1bGVQYXJhbWV0ZXJzPg0KICAgICAgICAgICAgPFJ1bGVQYXJhbWV0ZXIgTmFtZT0iU3RhcnRzV2l0aCIgVmFsdWU9Imx1ZT0mcXVvdDsiIC8+DQogICAgICAgICAgICA8UnVsZVBhcmFtZXRlciBOYW1lPSJFbmRzV2l0aCIgVmFsdWU9IiZxdW90OyZndDtBZGQiIC8+DQogICAgICAgICAgICA8UnVsZVBhcmFtZXRlciBOYW1lPSJJbmRleCIgVmFsdWU9IjEiIC8+DQogICAgICAgICAgICA8UnVsZVBhcmFtZXRlciBOYW1lPSJJZ25vcmVDYXNlIiBWYWx1ZT0iRmFsc2UiIC8+DQogICAgICAgICAgICA8UnVsZVBhcmFtZXRlciBOYW1lPSJVc2VSZWd1bGFyRXhwcmVzc2lvbiIgVmFsdWU9IkZhbHNlIiAvPg0KICAgICAgICAgICAgPFJ1bGVQYXJhbWV0ZXIgTmFtZT0iSHRtbERlY29kZSIgVmFsdWU9IlRydWUiIC8+DQogICAgICAgICAgICA8UnVsZVBhcmFtZXRlciBOYW1lPSJSZXF1aXJlZCIgVmFsdWU9IkZhbHNlIiAvPg0KICAgICAgICAgIDwvUnVsZVBhcmFtZXRlcnM+DQogICAgICAgIDwvRXh0cmFjdGlvblJ1bGU+DQogICAgICA8L0NvcnJlbGF0aW9uRXh0cmFjdGlvblJ1bGVzPg0KICAgIDwvUmVxdWVzdD4NCiAgICA8UmVxdWVzdCBNZXRob2Q9IlBPU1QiIEd1aWQ9IjU2Yjk5YTM0LTlmZDUtNDRlNy1hNGQ2LWM3YzE1NWZiMTAzNiIgVmVyc2lvbj0iMS4xIiBVcmw9Imh0dHA6Ly9pbGl5YW5uYnUtMDAxLXNpdGUxLmR0ZW1wdXJsLmNvbS9Qcm9kdWN0cy9DYXRlZ29yeVBhcnRpYWwiIFRoaW5rVGltZT0iNCIgVGltZW91dD0iMzAwIiBQYXJzZURlcGVuZGVudFJlcXVlc3RzPSJUcnVlIiBGb2xsb3dSZWRpcmVjdHM9IlRydWUiIFJlY29yZFJlc3VsdD0iVHJ1ZSIgQ2FjaGU9IkZhbHNlIiBSZXNwb25zZVRpbWVHb2FsPSIwIiBFbmNvZGluZz0idXRmLTgiIEV4cGVjdGVkSHR0cFN0YXR1c0NvZGU9IjAiIEV4cGVjdGVkUmVzcG9uc2VVcmw9IiIgUmVwb3J0aW5nTmFtZT0iIiBJZ25vcmVIdHRwU3RhdHVzQ29kZT0iRmFsc2UiPg0KICAgICAgPEhlYWRlcnM+DQogICAgICAgIDxIZWFkZXIgTmFtZT0iQWNjZXB0IiBWYWx1ZT0idGV4dC9odG1sLCAqLyo7IHE9MC4wMSIgLz4NCiAgICAgICAgPEhlYWRlciBOYW1lPSJYLVJlcXVlc3RlZC1XaXRoIiBWYWx1ZT0iWE1MSHR0cFJlcXVlc3QiIC8+DQogICAgICAgIDxIZWFkZXIgTmFtZT0iUmVmZXJlciIgVmFsdWU9Imh0dHA6Ly9pbGl5YW5uYnUtMDAxLXNpdGUxLmR0ZW1wdXJsLmNvbS9Qcm9kdWN0cy9NZW4iIC8+DQogICAgICA8L0hlYWRlcnM+DQogICAgICA8Q29ycmVsYXRpb25FeHRyYWN0aW9uUnVsZXM+DQogICAgICAgIDxFeHRyYWN0aW9uUnVsZSBDbGFzc25hbWU9Ik1pY3Jvc29mdC5WaXN1YWxTdHVkaW8uVGVzdFRvb2xzLldlYlRlc3RpbmcuUnVsZXMuRXh0cmFjdFRleHQsIE1pY3Jvc29mdC5WaXN1YWxTdHVkaW8uUXVhbGl0eVRvb2xzLldlYlRlc3RGcmFtZXdvcmssIFZlcnNpb249MTAuMC4wLjAsIEN1bHR1cmU9bmV1dHJhbCwgUHVibGljS2V5VG9rZW49YjAzZjVmN2YxMWQ1MGEzYSIgVmFyaWFibGVOYW1lPSJGb3JtUG9zdFBhcmFtOC5wcm9kdWN0SWQiIERpc3BsYXlOYW1lPSIiIERlc2NyaXB0aW9uPSIiPg0KICAgICAgICAgIDxSdWxlUGFyYW1ldGVycz4NCiAgICAgICAgICAgIDxSdWxlUGFyYW1ldGVyIE5hbWU9IlN0YXJ0c1dpdGgiIFZhbHVlPSIgaWQ9JnF1b3Q7IiAvPg0KICAgICAgICAgICAgPFJ1bGVQYXJhbWV0ZXIgTmFtZT0iRW5kc1dpdGgiIFZhbHVlPSImcXVvdDsgaHJlIiAvPg0KICAgICAgICAgICAgPFJ1bGVQYXJhbWV0ZXIgTmFtZT0iSW5kZXgiIFZhbHVlPSIxIiAvPg0KICAgICAgICAgICAgPFJ1bGVQYXJhbWV0ZXIgTmFtZT0iSWdub3JlQ2FzZSIgVmFsdWU9IkZhbHNlIiAvPg0KICAgICAgICAgICAgPFJ1bGVQYXJhbWV0ZXIgTmFtZT0iVXNlUmVndWxhckV4cHJlc3Npb24iIFZhbHVlPSJGYWxzZSIgLz4NCiAgICAgICAgICAgIDxSdWxlUGFyYW1ldGVyIE5hbWU9Ikh0bWxEZWNvZGUiIFZhbHVlPSJUcnVlIiAvPg0KICAgICAgICAgICAgPFJ1bGVQYXJhbWV0ZXIgTmFtZT0iUmVxdWlyZWQiIFZhbHVlPSJGYWxzZSIgLz4NCiAgICAgICAgICA8L1J1bGVQYXJhbWV0ZXJzPg0KICAgICAgICA8L0V4dHJhY3Rpb25SdWxlPg0KICAgICAgICA8RXh0cmFjdGlvblJ1bGUgQ2xhc3NuYW1lPSJNaWNyb3NvZnQuVmlzdWFsU3R1ZGlvLlRlc3RUb29scy5XZWJUZXN0aW5nLlJ1bGVzLkV4dHJhY3RUZXh0LCBNaWNyb3NvZnQuVmlzdWFsU3R1ZGlvLlF1YWxpdHlUb29scy5XZWJUZXN0RnJhbWV3b3JrLCBWZXJzaW9uPTEwLjAuMC4wLCBDdWx0dXJlPW5ldXRyYWwsIFB1YmxpY0tleVRva2VuPWIwM2Y1ZjdmMTFkNTBhM2EiIFZhcmlhYmxlTmFtZT0iRm9ybVBvc3RQYXJhbTkucHJvZHVjdElkIiBEaXNwbGF5TmFtZT0iIiBEZXNjcmlwdGlvbj0iIj4NCiAgICAgICAgICA8UnVsZVBhcmFtZXRlcnM+DQogICAgICAgICAgICA8UnVsZVBhcmFtZXRlciBOYW1lPSJTdGFydHNXaXRoIiBWYWx1ZT0iIGlkPSZxdW90OyIgLz4NCiAgICAgICAgICAgIDxSdWxlUGFyYW1ldGVyIE5hbWU9IkVuZHNXaXRoIiBWYWx1ZT0iJnF1b3Q7IGhyZSIgLz4NCiAgICAgICAgICAgIDxSdWxlUGFyYW1ldGVyIE5hbWU9IkluZGV4IiBWYWx1ZT0iMSIgLz4NCiAgICAgICAgICAgIDxSdWxlUGFyYW1ldGVyIE5hbWU9Iklnbm9yZUNhc2UiIFZhbHVlPSJGYWxzZSIgLz4NCiAgICAgICAgICAgIDxSdWxlUGFyYW1ldGVyIE5hbWU9IlVzZVJlZ3VsYXJFeHByZXNzaW9uIiBWYWx1ZT0iRmFsc2UiIC8+DQogICAgICAgICAgICA8UnVsZVBhcmFtZXRlciBOYW1lPSJIdG1sRGVjb2RlIiBWYWx1ZT0iVHJ1ZSIgLz4NCiAgICAgICAgICAgIDxSdWxlUGFyYW1ldGVyIE5hbWU9IlJlcXVpcmVkIiBWYWx1ZT0iRmFsc2UiIC8+DQogICAgICAgICAgPC9SdWxlUGFyYW1ldGVycz4NCiAgICAgICAgPC9FeHRyYWN0aW9uUnVsZT4NCiAgICAgICAgPEV4dHJhY3Rpb25SdWxlIENsYXNzbmFtZT0iTWljcm9zb2Z0LlZpc3VhbFN0dWRpby5UZXN0VG9vbHMuV2ViVGVzdGluZy5SdWxlcy5FeHRyYWN0VGV4dCwgTWljcm9zb2Z0LlZpc3VhbFN0dWRpby5RdWFsaXR5VG9vbHMuV2ViVGVzdEZyYW1ld29yaywgVmVyc2lvbj0xMC4wLjAuMCwgQ3VsdHVyZT1uZXV0cmFsLCBQdWJsaWNLZXlUb2tlbj1iMDNmNWY3ZjExZDUwYTNhIiBWYXJpYWJsZU5hbWU9IkZvcm1Qb3N0UGFyYW0xMC5wcm9kdWN0SWQiIERpc3BsYXlOYW1lPSIiIERlc2NyaXB0aW9uPSIiPg0KICAgICAgICAgIDxSdWxlUGFyYW1ldGVycz4NCiAgICAgICAgICAgIDxSdWxlUGFyYW1ldGVyIE5hbWU9IlN0YXJ0c1dpdGgiIFZhbHVlPSIgaWQ9JnF1b3Q7IiAvPg0KICAgICAgICAgICAgPFJ1bGVQYXJhbWV0ZXIgTmFtZT0iRW5kc1dpdGgiIFZhbHVlPSImcXVvdDsgaHJlIiAvPg0KICAgICAgICAgICAgPFJ1bGVQYXJhbWV0ZXIgTmFtZT0iSW5kZXgiIFZhbHVlPSIxIiAvPg0KICAgICAgICAgICAgPFJ1bGVQYXJhbWV0ZXIgTmFtZT0iSWdub3JlQ2FzZSIgVmFsdWU9IkZhbHNlIiAvPg0KICAgICAgICAgICAgPFJ1bGVQYXJhbWV0ZXIgTmFtZT0iVXNlUmVndWxhckV4cHJlc3Npb24iIFZhbHVlPSJGYWxzZSIgLz4NCiAgICAgICAgICAgIDxSdWxlUGFyYW1ldGVyIE5hbWU9Ikh0bWxEZWNvZGUiIFZhbHVlPSJUcnVlIiAvPg0KICAgICAgICAgICAgPFJ1bGVQYXJhbWV0ZXIgTmFtZT0iUmVxdWlyZWQiIFZhbHVlPSJGYWxzZSIgLz4NCiAgICAgICAgICA8L1J1bGVQYXJhbWV0ZXJzPg0KICAgICAgICA8L0V4dHJhY3Rpb25SdWxlPg0KICAgICAgICA8RXh0cmFjdGlvblJ1bGUgQ2xhc3NuYW1lPSJNaWNyb3NvZnQuVmlzdWFsU3R1ZGlvLlRlc3RUb29scy5XZWJUZXN0aW5nLlJ1bGVzLkV4dHJhY3RUZXh0LCBNaWNyb3NvZnQuVmlzdWFsU3R1ZGlvLlF1YWxpdHlUb29scy5XZWJUZXN0RnJhbWV3b3JrLCBWZXJzaW9uPTEwLjAuMC4wLCBDdWx0dXJlPW5ldXRyYWwsIFB1YmxpY0tleVRva2VuPWIwM2Y1ZjdmMTFkNTBhM2EiIFZhcmlhYmxlTmFtZT0iRm9ybVBvc3RQYXJhbTExLnByb2R1Y3RJZCIgRGlzcGxheU5hbWU9IiIgRGVzY3JpcHRpb249IiI+DQogICAgICAgICAgPFJ1bGVQYXJhbWV0ZXJzPg0KICAgICAgICAgICAgPFJ1bGVQYXJhbWV0ZXIgTmFtZT0iU3RhcnRzV2l0aCIgVmFsdWU9IiBpZD0mcXVvdDsiIC8+DQogICAgICAgICAgICA8UnVsZVBhcmFtZXRlciBOYW1lPSJFbmRzV2l0aCIgVmFsdWU9IiZxdW90OyBocmUiIC8+DQogICAgICAgICAgICA8UnVsZVBhcmFtZXRlciBOYW1lPSJJbmRleCIgVmFsdWU9IjEiIC8+DQogICAgICAgICAgICA8UnVsZVBhcmFtZXRlciBOYW1lPSJJZ25vcmVDYXNlIiBWYWx1ZT0iRmFsc2UiIC8+DQogICAgICAgICAgICA8UnVsZVBhcmFtZXRlciBOYW1lPSJVc2VSZWd1bGFyRXhwcmVzc2lvbiIgVmFsdWU9IkZhbHNlIiAvPg0KICAgICAgICAgICAgPFJ1bGVQYXJhbWV0ZXIgTmFtZT0iSHRtbERlY29kZSIgVmFsdWU9IlRydWUiIC8+DQogICAgICAgICAgICA8UnVsZVBhcmFtZXRlciBOYW1lPSJSZXF1aXJlZCIgVmFsdWU9IkZhbHNlIiAvPg0KICAgICAgICAgIDwvUnVsZVBhcmFtZXRlcnM+DQogICAgICAgIDwvRXh0cmFjdGlvblJ1bGU+DQogICAgICAgIDxFeHRyYWN0aW9uUnVsZSBDbGFzc25hbWU9Ik1pY3Jvc29mdC5WaXN1YWxTdHVkaW8uVGVzdFRvb2xzLldlYlRlc3RpbmcuUnVsZXMuRXh0cmFjdFRleHQsIE1pY3Jvc29mdC5WaXN1YWxTdHVkaW8uUXVhbGl0eVRvb2xzLldlYlRlc3RGcmFtZXdvcmssIFZlcnNpb249MTAuMC4wLjAsIEN1bHR1cmU9bmV1dHJhbCwgUHVibGljS2V5VG9rZW49YjAzZjVmN2YxMWQ1MGEzYSIgVmFyaWFibGVOYW1lPSJGb3JtUG9zdFBhcmFtMTIucHJvZHVjdElkIiBEaXNwbGF5TmFtZT0iIiBEZXNjcmlwdGlvbj0iIj4NCiAgICAgICAgICA8UnVsZVBhcmFtZXRlcnM+DQogICAgICAgICAgICA8UnVsZVBhcmFtZXRlciBOYW1lPSJTdGFydHNXaXRoIiBWYWx1ZT0iIGlkPSZxdW90OyIgLz4NCiAgICAgICAgICAgIDxSdWxlUGFyYW1ldGVyIE5hbWU9IkVuZHNXaXRoIiBWYWx1ZT0iJnF1b3Q7IGhyZSIgLz4NCiAgICAgICAgICAgIDxSdWxlUGFyYW1ldGVyIE5hbWU9IkluZGV4IiBWYWx1ZT0iMSIgLz4NCiAgICAgICAgICAgIDxSdWxlUGFyYW1ldGVyIE5hbWU9Iklnbm9yZUNhc2UiIFZhbHVlPSJGYWxzZSIgLz4NCiAgICAgICAgICAgIDxSdWxlUGFyYW1ldGVyIE5hbWU9IlVzZVJlZ3VsYXJFeHByZXNzaW9uIiBWYWx1ZT0iRmFsc2UiIC8+DQogICAgICAgICAgICA8UnVsZVBhcmFtZXRlciBOYW1lPSJIdG1sRGVjb2RlIiBWYWx1ZT0iVHJ1ZSIgLz4NCiAgICAgICAgICAgIDxSdWxlUGFyYW1ldGVyIE5hbWU9IlJlcXVpcmVkIiBWYWx1ZT0iRmFsc2UiIC8+DQogICAgICAgICAgPC9SdWxlUGFyYW1ldGVycz4NCiAgICAgICAgPC9FeHRyYWN0aW9uUnVsZT4NCiAgICAgICAgPEV4dHJhY3Rpb25SdWxlIENsYXNzbmFtZT0iTWljcm9zb2Z0LlZpc3VhbFN0dWRpby5UZXN0VG9vbHMuV2ViVGVzdGluZy5SdWxlcy5FeHRyYWN0VGV4dCwgTWljcm9zb2Z0LlZpc3VhbFN0dWRpby5RdWFsaXR5VG9vbHMuV2ViVGVzdEZyYW1ld29yaywgVmVyc2lvbj0xMC4wLjAuMCwgQ3VsdHVyZT1uZXV0cmFsLCBQdWJsaWNLZXlUb2tlbj1iMDNmNWY3ZjExZDUwYTNhIiBWYXJpYWJsZU5hbWU9IkZvcm1Qb3N0UGFyYW0xMy5wcm9kdWN0SWQiIERpc3BsYXlOYW1lPSIiIERlc2NyaXB0aW9uPSIiPg0KICAgICAgICAgIDxSdWxlUGFyYW1ldGVycz4NCiAgICAgICAgICAgIDxSdWxlUGFyYW1ldGVyIE5hbWU9IlN0YXJ0c1dpdGgiIFZhbHVlPSIgaWQ9JnF1b3Q7IiAvPg0KICAgICAgICAgICAgPFJ1bGVQYXJhbWV0ZXIgTmFtZT0iRW5kc1dpdGgiIFZhbHVlPSImcXVvdDsgaHJlIiAvPg0KICAgICAgICAgICAgPFJ1bGVQYXJhbWV0ZXIgTmFtZT0iSW5kZXgiIFZhbHVlPSIxIiAvPg0KICAgICAgICAgICAgPFJ1bGVQYXJhbWV0ZXIgTmFtZT0iSWdub3JlQ2FzZSIgVmFsdWU9IkZhbHNlIiAvPg0KICAgICAgICAgICAgPFJ1bGVQYXJhbWV0ZXIgTmFtZT0iVXNlUmVndWxhckV4cHJlc3Npb24iIFZhbHVlPSJGYWxzZSIgLz4NCiAgICAgICAgICAgIDxSdWxlUGFyYW1ldGVyIE5hbWU9Ikh0bWxEZWNvZGUiIFZhbHVlPSJUcnVlIiAvPg0KICAgICAgICAgICAgPFJ1bGVQYXJhbWV0ZXIgTmFtZT0iUmVxdWlyZWQiIFZhbHVlPSJGYWxzZSIgLz4NCiAgICAgICAgICA8L1J1bGVQYXJhbWV0ZXJzPg0KICAgICAgICA8L0V4dHJhY3Rpb25SdWxlPg0KICAgICAgICA8RXh0cmFjdGlvblJ1bGUgQ2xhc3NuYW1lPSJNaWNyb3NvZnQuVmlzdWFsU3R1ZGlvLlRlc3RUb29scy5XZWJUZXN0aW5nLlJ1bGVzLkV4dHJhY3RUZXh0LCBNaWNyb3NvZnQuVmlzdWFsU3R1ZGlvLlF1YWxpdHlUb29scy5XZWJUZXN0RnJhbWV3b3JrLCBWZXJzaW9uPTEwLjAuMC4wLCBDdWx0dXJlPW5ldXRyYWwsIFB1YmxpY0tleVRva2VuPWIwM2Y1ZjdmMTFkNTBhM2EiIFZhcmlhYmxlTmFtZT0iRm9ybVBvc3RQYXJhbTE0LnByb2R1Y3RJZCIgRGlzcGxheU5hbWU9IiIgRGVzY3JpcHRpb249IiI+DQogICAgICAgICAgPFJ1bGVQYXJhbWV0ZXJzPg0KICAgICAgICAgICAgPFJ1bGVQYXJhbWV0ZXIgTmFtZT0iU3RhcnRzV2l0aCIgVmFsdWU9IiBpZD0mcXVvdDsiIC8+DQogICAgICAgICAgICA8UnVsZVBhcmFtZXRlciBOYW1lPSJFbmRzV2l0aCIgVmFsdWU9IiZxdW90OyBocmUiIC8+DQogICAgICAgICAgICA8UnVsZVBhcmFtZXRlciBOYW1lPSJJbmRleCIgVmFsdWU9IjIiIC8+DQogICAgICAgICAgICA8UnVsZVBhcmFtZXRlciBOYW1lPSJJZ25vcmVDYXNlIiBWYWx1ZT0iRmFsc2UiIC8+DQogICAgICAgICAgICA8UnVsZVBhcmFtZXRlciBOYW1lPSJVc2VSZWd1bGFyRXhwcmVzc2lvbiIgVmFsdWU9IkZhbHNlIiAvPg0KICAgICAgICAgICAgPFJ1bGVQYXJhbWV0ZXIgTmFtZT0iSHRtbERlY29kZSIgVmFsdWU9IlRydWUiIC8+DQogICAgICAgICAgICA8UnVsZVBhcmFtZXRlciBOYW1lPSJSZXF1aXJlZCIgVmFsdWU9IkZhbHNlIiAvPg0KICAgICAgICAgIDwvUnVsZVBhcmFtZXRlcnM+DQogICAgICAgIDwvRXh0cmFjdGlvblJ1bGU+DQogICAgICAgIDxFeHRyYWN0aW9uUnVsZSBDbGFzc25hbWU9Ik1pY3Jvc29mdC5WaXN1YWxTdHVkaW8uVGVzdFRvb2xzLldlYlRlc3RpbmcuUnVsZXMuRXh0cmFjdFRleHQsIE1pY3Jvc29mdC5WaXN1YWxTdHVkaW8uUXVhbGl0eVRvb2xzLldlYlRlc3RGcmFtZXdvcmssIFZlcnNpb249MTAuMC4wLjAsIEN1bHR1cmU9bmV1dHJhbCwgUHVibGljS2V5VG9rZW49YjAzZjVmN2YxMWQ1MGEzYSIgVmFyaWFibGVOYW1lPSJGb3JtUG9zdFBhcmFtMTUucHJvZHVjdElkIiBEaXNwbGF5TmFtZT0iIiBEZXNjcmlwdGlvbj0iIj4NCiAgICAgICAgICA8UnVsZVBhcmFtZXRlcnM+DQogICAgICAgICAgICA8UnVsZVBhcmFtZXRlciBOYW1lPSJTdGFydHNXaXRoIiBWYWx1ZT0iIGlkPSZxdW90OyIgLz4NCiAgICAgICAgICAgIDxSdWxlUGFyYW1ldGVyIE5hbWU9IkVuZHNXaXRoIiBWYWx1ZT0iJnF1b3Q7IGhyZSIgLz4NCiAgICAgICAgICAgIDxSdWxlUGFyYW1ldGVyIE5hbWU9IkluZGV4IiBWYWx1ZT0iMiIgLz4NCiAgICAgICAgICAgIDxSdWxlUGFyYW1ldGVyIE5hbWU9Iklnbm9yZUNhc2UiIFZhbHVlPSJGYWxzZSIgLz4NCiAgICAgICAgICAgIDxSdWxlUGFyYW1ldGVyIE5hbWU9IlVzZVJlZ3VsYXJFeHByZXNzaW9uIiBWYWx1ZT0iRmFsc2UiIC8+DQogICAgICAgICAgICA8UnVsZVBhcmFtZXRlciBOYW1lPSJIdG1sRGVjb2RlIiBWYWx1ZT0iVHJ1ZSIgLz4NCiAgICAgICAgICAgIDxSdWxlUGFyYW1ldGVyIE5hbWU9IlJlcXVpcmVkIiBWYWx1ZT0iRmFsc2UiIC8+DQogICAgICAgICAgPC9SdWxlUGFyYW1ldGVycz4NCiAgICAgICAgPC9FeHRyYWN0aW9uUnVsZT4NCiAgICAgICAgPEV4dHJhY3Rpb25SdWxlIENsYXNzbmFtZT0iTWljcm9zb2Z0LlZpc3VhbFN0dWRpby5UZXN0VG9vbHMuV2ViVGVzdGluZy5SdWxlcy5FeHRyYWN0VGV4dCwgTWljcm9zb2Z0LlZpc3VhbFN0dWRpby5RdWFsaXR5VG9vbHMuV2ViVGVzdEZyYW1ld29yaywgVmVyc2lvbj0xMC4wLjAuMCwgQ3VsdHVyZT1uZXV0cmFsLCBQdWJsaWNLZXlUb2tlbj1iMDNmNWY3ZjExZDUwYTNhIiBWYXJpYWJsZU5hbWU9IkZvcm1Qb3N0UGFyYW0xNi5wcm9kdWN0SWQiIERpc3BsYXlOYW1lPSIiIERlc2NyaXB0aW9uPSIiPg0KICAgICAgICAgIDxSdWxlUGFyYW1ldGVycz4NCiAgICAgICAgICAgIDxSdWxlUGFyYW1ldGVyIE5hbWU9IlN0YXJ0c1dpdGgiIFZhbHVlPSIgaWQ9JnF1b3Q7IiAvPg0KICAgICAgICAgICAgPFJ1bGVQYXJhbWV0ZXIgTmFtZT0iRW5kc1dpdGgiIFZhbHVlPSImcXVvdDsgaHJlIiAvPg0KICAgICAgICAgICAgPFJ1bGVQYXJhbWV0ZXIgTmFtZT0iSW5kZXgiIFZhbHVlPSIyIiAvPg0KICAgICAgICAgICAgPFJ1bGVQYXJhbWV0ZXIgTmFtZT0iSWdub3JlQ2FzZSIgVmFsdWU9IkZhbHNlIiAvPg0KICAgICAgICAgICAgPFJ1bGVQYXJhbWV0ZXIgTmFtZT0iVXNlUmVndWxhckV4cHJlc3Npb24iIFZhbHVlPSJGYWxzZSIgLz4NCiAgICAgICAgICAgIDxSdWxlUGFyYW1ldGVyIE5hbWU9Ikh0bWxEZWNvZGUiIFZhbHVlPSJUcnVlIiAvPg0KICAgICAgICAgICAgPFJ1bGVQYXJhbWV0ZXIgTmFtZT0iUmVxdWlyZWQiIFZhbHVlPSJGYWxzZSIgLz4NCiAgICAgICAgICA8L1J1bGVQYXJhbWV0ZXJzPg0KICAgICAgICA8L0V4dHJhY3Rpb25SdWxlPg0KICAgICAgICA8RXh0cmFjdGlvblJ1bGUgQ2xhc3NuYW1lPSJNaWNyb3NvZnQuVmlzdWFsU3R1ZGlvLlRlc3RUb29scy5XZWJUZXN0aW5nLlJ1bGVzLkV4dHJhY3RUZXh0LCBNaWNyb3NvZnQuVmlzdWFsU3R1ZGlvLlF1YWxpdHlUb29scy5XZWJUZXN0RnJhbWV3b3JrLCBWZXJzaW9uPTEwLjAuMC4wLCBDdWx0dXJlPW5ldXRyYWwsIFB1YmxpY0tleVRva2VuPWIwM2Y1ZjdmMTFkNTBhM2EiIFZhcmlhYmxlTmFtZT0iRm9ybVBvc3RQYXJhbTE3LnByb2R1Y3RJZCIgRGlzcGxheU5hbWU9IiIgRGVzY3JpcHRpb249IiI+DQogICAgICAgICAgPFJ1bGVQYXJhbWV0ZXJzPg0KICAgICAgICAgICAgPFJ1bGVQYXJhbWV0ZXIgTmFtZT0iU3RhcnRzV2l0aCIgVmFsdWU9IiBpZD0mcXVvdDsiIC8+DQogICAgICAgICAgICA8UnVsZVBhcmFtZXRlciBOYW1lPSJFbmRzV2l0aCIgVmFsdWU9IiZxdW90OyBocmUiIC8+DQogICAgICAgICAgICA8UnVsZVBhcmFtZXRlciBOYW1lPSJJbmRleCIgVmFsdWU9IjIiIC8+DQogICAgICAgICAgICA8UnVsZVBhcmFtZXRlciBOYW1lPSJJZ25vcmVDYXNlIiBWYWx1ZT0iRmFsc2UiIC8+DQogICAgICAgICAgICA8UnVsZVBhcmFtZXRlciBOYW1lPSJVc2VSZWd1bGFyRXhwcmVzc2lvbiIgVmFsdWU9IkZhbHNlIiAvPg0KICAgICAgICAgICAgPFJ1bGVQYXJhbWV0ZXIgTmFtZT0iSHRtbERlY29kZSIgVmFsdWU9IlRydWUiIC8+DQogICAgICAgICAgICA8UnVsZVBhcmFtZXRlciBOYW1lPSJSZXF1aXJlZCIgVmFsdWU9IkZhbHNlIiAvPg0KICAgICAgICAgIDwvUnVsZVBhcmFtZXRlcnM+DQogICAgICAgIDwvRXh0cmFjdGlvblJ1bGU+DQogICAgICAgIDxFeHRyYWN0aW9uUnVsZSBDbGFzc25hbWU9Ik1pY3Jvc29mdC5WaXN1YWxTdHVkaW8uVGVzdFRvb2xzLldlYlRlc3RpbmcuUnVsZXMuRXh0cmFjdFRleHQsIE1pY3Jvc29mdC5WaXN1YWxTdHVkaW8uUXVhbGl0eVRvb2xzLldlYlRlc3RGcmFtZXdvcmssIFZlcnNpb249MTAuMC4wLjAsIEN1bHR1cmU9bmV1dHJhbCwgUHVibGljS2V5VG9rZW49YjAzZjVmN2YxMWQ1MGEzYSIgVmFyaWFibGVOYW1lPSJGb3JtUG9zdFBhcmFtMTgucHJvZHVjdElkIiBEaXNwbGF5TmFtZT0iIiBEZXNjcmlwdGlvbj0iIj4NCiAgICAgICAgICA8UnVsZVBhcmFtZXRlcnM+DQogICAgICAgICAgICA8UnVsZVBhcmFtZXRlciBOYW1lPSJTdGFydHNXaXRoIiBWYWx1ZT0iIGlkPSZxdW90OyIgLz4NCiAgICAgICAgICAgIDxSdWxlUGFyYW1ldGVyIE5hbWU9IkVuZHNXaXRoIiBWYWx1ZT0iJnF1b3Q7IGhyZSIgLz4NCiAgICAgICAgICAgIDxSdWxlUGFyYW1ldGVyIE5hbWU9IkluZGV4IiBWYWx1ZT0iMiIgLz4NCiAgICAgICAgICAgIDxSdWxlUGFyYW1ldGVyIE5hbWU9Iklnbm9yZUNhc2UiIFZhbHVlPSJGYWxzZSIgLz4NCiAgICAgICAgICAgIDxSdWxlUGFyYW1ldGVyIE5hbWU9IlVzZVJlZ3VsYXJFeHByZXNzaW9uIiBWYWx1ZT0iRmFsc2UiIC8+DQogICAgICAgICAgICA8UnVsZVBhcmFtZXRlciBOYW1lPSJIdG1sRGVjb2RlIiBWYWx1ZT0iVHJ1ZSIgLz4NCiAgICAgICAgICAgIDxSdWxlUGFyYW1ldGVyIE5hbWU9IlJlcXVpcmVkIiBWYWx1ZT0iRmFsc2UiIC8+DQogICAgICAgICAgPC9SdWxlUGFyYW1ldGVycz4NCiAgICAgICAgPC9FeHRyYWN0aW9uUnVsZT4NCiAgICAgIDwvQ29ycmVsYXRpb25FeHRyYWN0aW9uUnVsZXM+DQogICAgICA8Rm9ybVBvc3RIdHRwQm9keT4NCiAgICAgICAgPEZvcm1Qb3N0UGFyYW1ldGVyIE5hbWU9ImNhdGVnb3J5SWQiIFZhbHVlPSIxIiBSZWNvcmRlZFZhbHVlPSIxIiBDb3JyZWxhdGlvbkJpbmRpbmc9Int7Rm9ybVBvc3RQYXJhbTcuY2F0ZWdvcnlJZH19IiBVcmxFbmNvZGU9IlRydWUiIC8+DQogICAgICA8L0Zvcm1Qb3N0SHR0cEJvZHk+DQogICAgPC9SZXF1ZXN0Pg0KICAgIDxSZXF1ZXN0IE1ldGhvZD0iUE9TVCIgR3VpZD0iMmFlZGE5MWMtMDQzZC00ZGFlLWJhOGUtZWE0ZjNmOTBiNTczIiBWZXJzaW9uPSIxLjEiIFVybD0iaHR0cDovL2lsaXlhbm5idS0wMDEtc2l0ZTEuZHRlbXB1cmwuY29tL1Byb2R1Y3RzL1Byb2R1Y3RQYXJ0aWFsIiBUaGlua1RpbWU9IjAiIFRpbWVvdXQ9IjMwMCIgUGFyc2VEZXBlbmRlbnRSZXF1ZXN0cz0iVHJ1ZSIgRm9sbG93UmVkaXJlY3RzPSJUcnVlIiBSZWNvcmRSZXN1bHQ9IlRydWUiIENhY2hlPSJGYWxzZSIgUmVzcG9uc2VUaW1lR29hbD0iMCIgRW5jb2Rpbmc9InV0Zi04IiBFeHBlY3RlZEh0dHBTdGF0dXNDb2RlPSIwIiBFeHBlY3RlZFJlc3BvbnNlVXJsPSIiIFJlcG9ydGluZ05hbWU9IiIgSWdub3JlSHR0cFN0YXR1c0NvZGU9IkZhbHNlIj4NCiAgICAgIDxIZWFkZXJzPg0KICAgICAgICA8SGVhZGVyIE5hbWU9IkFjY2VwdCIgVmFsdWU9InRleHQvaHRtbCwgKi8qOyBxPTAuMDEiIC8+DQogICAgICAgIDxIZWFkZXIgTmFtZT0iWC1SZXF1ZXN0ZWQtV2l0aCIgVmFsdWU9IlhNTEh0dHBSZXF1ZXN0IiAvPg0KICAgICAgICA8SGVhZGVyIE5hbWU9IlJlZmVyZXIiIFZhbHVlPSJodHRwOi8vaWxpeWFubmJ1LTAwMS1zaXRlMS5kdGVtcHVybC5jb20vUHJvZHVjdHMvQ2F0ZWdvcnkvMSIgLz4NCiAgICAgIDwvSGVhZGVycz4NCiAgICAgIDxGb3JtUG9zdEh0dHBCb2R5Pg0KICAgICAgICA8Rm9ybVBvc3RQYXJhbWV0ZXIgTmFtZT0icHJvZHVjdElkIiBWYWx1ZT0iOCIgUmVjb3JkZWRWYWx1ZT0iOCIgQ29ycmVsYXRpb25CaW5kaW5nPSJ7e0Zvcm1Qb3N0UGFyYW04LnByb2R1Y3RJZH19IiBVcmxFbmNvZGU9IlRydWUiIC8+DQogICAgICA8L0Zvcm1Qb3N0SHR0cEJvZHk+DQogICAgPC9SZXF1ZXN0Pg0KICAgIDxSZXF1ZXN0IE1ldGhvZD0iUE9TVCIgR3VpZD0iMWNhNDQzNmUtMTVhZi00NjAzLWJmNzktMzI5ZmY4ODU2NDllIiBWZXJzaW9uPSIxLjEiIFVybD0iaHR0cDovL2lsaXlhbm5idS0wMDEtc2l0ZTEuZHRlbXB1cmwuY29tL1Byb2R1Y3RzL0dldE1heUxpa2VQcm9kdWN0cyIgVGhpbmtUaW1lPSIwIiBUaW1lb3V0PSIzMDAiIFBhcnNlRGVwZW5kZW50UmVxdWVzdHM9IlRydWUiIEZvbGxvd1JlZGlyZWN0cz0iVHJ1ZSIgUmVjb3JkUmVzdWx0PSJUcnVlIiBDYWNoZT0iRmFsc2UiIFJlc3BvbnNlVGltZUdvYWw9IjAiIEVuY29kaW5nPSJ1dGYtOCIgRXhwZWN0ZWRIdHRwU3RhdHVzQ29kZT0iMCIgRXhwZWN0ZWRSZXNwb25zZVVybD0iIiBSZXBvcnRpbmdOYW1lPSIiIElnbm9yZUh0dHBTdGF0dXNDb2RlPSJGYWxzZSI+DQogICAgICA8SGVhZGVycz4NCiAgICAgICAgPEhlYWRlciBOYW1lPSJBY2NlcHQiIFZhbHVlPSIqLyoiIC8+DQogICAgICAgIDxIZWFkZXIgTmFtZT0iWC1SZXF1ZXN0ZWQtV2l0aCIgVmFsdWU9IlhNTEh0dHBSZXF1ZXN0IiAvPg0KICAgICAgICA8SGVhZGVyIE5hbWU9IlJlZmVyZXIiIFZhbHVlPSJodHRwOi8vaWxpeWFubmJ1LTAwMS1zaXRlMS5kdGVtcHVybC5jb20vUHJvZHVjdHMvUHJvZHVjdC84IiAvPg0KICAgICAgPC9IZWFkZXJzPg0KICAgICAgPEZvcm1Qb3N0SHR0cEJvZHk+DQogICAgICAgIDxGb3JtUG9zdFBhcmFtZXRlciBOYW1lPSJwcm9kdWN0SWQiIFZhbHVlPSI4IiBSZWNvcmRlZFZhbHVlPSI4IiBDb3JyZWxhdGlvbkJpbmRpbmc9Int7Rm9ybVBvc3RQYXJhbTkucHJvZHVjdElkfX0iIFVybEVuY29kZT0iVHJ1ZSIgLz4NCiAgICAgIDwvRm9ybVBvc3RIdHRwQm9keT4NCiAgICA8L1JlcXVlc3Q+DQogICAgPFJlcXVlc3QgTWV0aG9kPSJQT1NUIiBHdWlkPSIzYzE2MDUzYS05NWZjLTQwOWEtYmFmMy1jOTkxOWZhMGJmNTgiIFZlcnNpb249IjEuMSIgVXJsPSJodHRwOi8vaWxpeWFubmJ1LTAwMS1zaXRlMS5kdGVtcHVybC5jb20vUHJvZHVjdHMvQ2hlY2tQcm9kdWN0RmF2b3JpdGVzIiBUaGlua1RpbWU9IjAiIFRpbWVvdXQ9IjMwMCIgUGFyc2VEZXBlbmRlbnRSZXF1ZXN0cz0iVHJ1ZSIgRm9sbG93UmVkaXJlY3RzPSJUcnVlIiBSZWNvcmRSZXN1bHQ9IlRydWUiIENhY2hlPSJGYWxzZSIgUmVzcG9uc2VUaW1lR29hbD0iMCIgRW5jb2Rpbmc9InV0Zi04IiBFeHBlY3RlZEh0dHBTdGF0dXNDb2RlPSIwIiBFeHBlY3RlZFJlc3BvbnNlVXJsPSIiIFJlcG9ydGluZ05hbWU9IiIgSWdub3JlSHR0cFN0YXR1c0NvZGU9IkZhbHNlIj4NCiAgICAgIDxIZWFkZXJzPg0KICAgICAgICA8SGVhZGVyIE5hbWU9IkFjY2VwdCIgVmFsdWU9IiovKiIgLz4NCiAgICAgICAgPEhlYWRlciBOYW1lPSJYLVJlcXVlc3RlZC1XaXRoIiBWYWx1ZT0iWE1MSHR0cFJlcXVlc3QiIC8+DQogICAgICAgIDxIZWFkZXIgTmFtZT0iUmVmZXJlciIgVmFsdWU9Imh0dHA6Ly9pbGl5YW5uYnUtMDAxLXNpdGUxLmR0ZW1wdXJsLmNvbS9Qcm9kdWN0cy9Qcm9kdWN0LzgiIC8+DQogICAgICA8L0hlYWRlcnM+DQogICAgICA8Rm9ybVBvc3RIdHRwQm9keT4NCiAgICAgICAgPEZvcm1Qb3N0UGFyYW1ldGVyIE5hbWU9InByb2R1Y3RJZCIgVmFsdWU9IjgiIFJlY29yZGVkVmFsdWU9IjgiIENvcnJlbGF0aW9uQmluZGluZz0ie3tGb3JtUG9zdFBhcmFtMTAucHJvZHVjdElkfX0iIFVybEVuY29kZT0iVHJ1ZSIgLz4NCiAgICAgIDwvRm9ybVBvc3RIdHRwQm9keT4NCiAgICA8L1JlcXVlc3Q+DQogICAgPFJlcXVlc3QgTWV0aG9kPSJQT1NUIiBHdWlkPSIwMmJkMTViNi1iZWQ4LTQ3NDAtYWU4ZC1hMmEwNDUyMDVhNmMiIFZlcnNpb249IjEuMSIgVXJsPSJodHRwOi8vaWxpeWFubmJ1LTAwMS1zaXRlMS5kdGVtcHVybC5jb20vUHJvZHVjdHMvR2V0UmF0aW5ncyIgVGhpbmtUaW1lPSIwIiBUaW1lb3V0PSIzMDAiIFBhcnNlRGVwZW5kZW50UmVxdWVzdHM9IlRydWUiIEZvbGxvd1JlZGlyZWN0cz0iVHJ1ZSIgUmVjb3JkUmVzdWx0PSJUcnVlIiBDYWNoZT0iRmFsc2UiIFJlc3BvbnNlVGltZUdvYWw9IjAiIEVuY29kaW5nPSJ1dGYtOCIgRXhwZWN0ZWRIdHRwU3RhdHVzQ29kZT0iMCIgRXhwZWN0ZWRSZXNwb25zZVVybD0iIiBSZXBvcnRpbmdOYW1lPSIiIElnbm9yZUh0dHBTdGF0dXNDb2RlPSJGYWxzZSI+DQogICAgICA8SGVhZGVycz4NCiAgICAgICAgPEhlYWRlciBOYW1lPSJBY2NlcHQiIFZhbHVlPSIqLyoiIC8+DQogICAgICAgIDxIZWFkZXIgTmFtZT0iWC1SZXF1ZXN0ZWQtV2l0aCIgVmFsdWU9IlhNTEh0dHBSZXF1ZXN0IiAvPg0KICAgICAgICA8SGVhZGVyIE5hbWU9IlJlZmVyZXIiIFZhbHVlPSJodHRwOi8vaWxpeWFubmJ1LTAwMS1zaXRlMS5kdGVtcHVybC5jb20vUHJvZHVjdHMvUHJvZHVjdC84IiAvPg0KICAgICAgPC9IZWFkZXJzPg0KICAgICAgPEZvcm1Qb3N0SHR0cEJvZHk+DQogICAgICAgIDxGb3JtUG9zdFBhcmFtZXRlciBOYW1lPSJwcm9kdWN0SWQiIFZhbHVlPSI4IiBSZWNvcmRlZFZhbHVlPSI4IiBDb3JyZWxhdGlvbkJpbmRpbmc9Int7Rm9ybVBvc3RQYXJhbTExLnByb2R1Y3RJZH19IiBVcmxFbmNvZGU9IlRydWUiIC8+DQogICAgICA8L0Zvcm1Qb3N0SHR0cEJvZHk+DQogICAgPC9SZXF1ZXN0Pg0KICAgIDxSZXF1ZXN0IE1ldGhvZD0iUE9TVCIgR3VpZD0iMzcwZjc3YmQtNWRkOC00YWRjLWI0NGEtYmIyOWY3YmQxOTE3IiBWZXJzaW9uPSIxLjEiIFVybD0iaHR0cDovL2lsaXlhbm5idS0wMDEtc2l0ZTEuZHRlbXB1cmwuY29tL1Byb2R1Y3RzL0dldENvbW1lbnRzIiBUaGlua1RpbWU9IjAiIFRpbWVvdXQ9IjMwMCIgUGFyc2VEZXBlbmRlbnRSZXF1ZXN0cz0iVHJ1ZSIgRm9sbG93UmVkaXJlY3RzPSJUcnVlIiBSZWNvcmRSZXN1bHQ9IlRydWUiIENhY2hlPSJGYWxzZSIgUmVzcG9uc2VUaW1lR29hbD0iMCIgRW5jb2Rpbmc9InV0Zi04IiBFeHBlY3RlZEh0dHBTdGF0dXNDb2RlPSIwIiBFeHBlY3RlZFJlc3BvbnNlVXJsPSIiIFJlcG9ydGluZ05hbWU9IiIgSWdub3JlSHR0cFN0YXR1c0NvZGU9IkZhbHNlIj4NCiAgICAgIDxIZWFkZXJzPg0KICAgICAgICA8SGVhZGVyIE5hbWU9IkFjY2VwdCIgVmFsdWU9IiovKiIgLz4NCiAgICAgICAgPEhlYWRlciBOYW1lPSJYLVJlcXVlc3RlZC1XaXRoIiBWYWx1ZT0iWE1MSHR0cFJlcXVlc3QiIC8+DQogICAgICAgIDxIZWFkZXIgTmFtZT0iUmVmZXJlciIgVmFsdWU9Imh0dHA6Ly9pbGl5YW5uYnUtMDAxLXNpdGUxLmR0ZW1wdXJsLmNvbS9Qcm9kdWN0cy9Qcm9kdWN0LzgiIC8+DQogICAgICA8L0hlYWRlcnM+DQogICAgICA8Rm9ybVBvc3RIdHRwQm9keT4NCiAgICAgICAgPEZvcm1Qb3N0UGFyYW1ldGVyIE5hbWU9InByb2R1Y3RJZCIgVmFsdWU9IjgiIFJlY29yZGVkVmFsdWU9IjgiIENvcnJlbGF0aW9uQmluZGluZz0ie3tGb3JtUG9zdFBhcmFtMTIucHJvZHVjdElkfX0iIFVybEVuY29kZT0iVHJ1ZSIgLz4NCiAgICAgIDwvRm9ybVBvc3RIdHRwQm9keT4NCiAgICA8L1JlcXVlc3Q+DQogICAgPFJlcXVlc3QgTWV0aG9kPSJQT1NUIiBHdWlkPSJkNTcwZWQ2Mi1lNTUzLTQwYWQtYjI5ZC1lNzU0MGNkNjhlNDkiIFZlcnNpb249IjEuMSIgVXJsPSJodHRwOi8vaWxpeWFubmJ1LTAwMS1zaXRlMS5kdGVtcHVybC5jb20vUHJvZHVjdHMvVXNlcnMiIFRoaW5rVGltZT0iNCIgVGltZW91dD0iMzAwIiBQYXJzZURlcGVuZGVudFJlcXVlc3RzPSJUcnVlIiBGb2xsb3dSZWRpcmVjdHM9IlRydWUiIFJlY29yZFJlc3VsdD0iVHJ1ZSIgQ2FjaGU9IkZhbHNlIiBSZXNwb25zZVRpbWVHb2FsPSIwIiBFbmNvZGluZz0idXRmLTgiIEV4cGVjdGVkSHR0cFN0YXR1c0NvZGU9IjAiIEV4cGVjdGVkUmVzcG9uc2VVcmw9IiIgUmVwb3J0aW5nTmFtZT0iIiBJZ25vcmVIdHRwU3RhdHVzQ29kZT0iRmFsc2UiPg0KICAgICAgPEhlYWRlcnM+DQogICAgICAgIDxIZWFkZXIgTmFtZT0iQWNjZXB0IiBWYWx1ZT0iKi8qIiAvPg0KICAgICAgICA8SGVhZGVyIE5hbWU9IlgtUmVxdWVzdGVkLVdpdGgiIFZhbHVlPSJYTUxIdHRwUmVxdWVzdCIgLz4NCiAgICAgICAgPEhlYWRlciBOYW1lPSJSZWZlcmVyIiBWYWx1ZT0iaHR0cDovL2lsaXlhbm5idS0wMDEtc2l0ZTEuZHRlbXB1cmwuY29tL1Byb2R1Y3RzL1Byb2R1Y3QvOCIgLz4NCiAgICAgIDwvSGVhZGVycz4NCiAgICAgIDxTdHJpbmdIdHRwQm9keSBDb250ZW50VHlwZT0iIiBJbnNlcnRCeXRlT3JkZXJNYXJrPSJGYWxzZSI+DQogICAgICA8L1N0cmluZ0h0dHBCb2R5Pg0KICAgIDwvUmVxdWVzdD4NCiAgICA8UmVxdWVzdCBNZXRob2Q9IlBPU1QiIEd1aWQ9IjM0ZDM1ZmMzLTQxZDktNDE3Ni1hYWIzLTZlN2QyYzkzZDk5ZCIgVmVyc2lvbj0iMS4xIiBVcmw9Imh0dHA6Ly9pbGl5YW5uYnUtMDAxLXNpdGUxLmR0ZW1wdXJsLmNvbS9Ib21lL0FkZFByb2R1Y3RUb0NhcnQiIFRoaW5rVGltZT0iMSIgVGltZW91dD0iMzAwIiBQYXJzZURlcGVuZGVudFJlcXVlc3RzPSJUcnVlIiBGb2xsb3dSZWRpcmVjdHM9IlRydWUiIFJlY29yZFJlc3VsdD0iVHJ1ZSIgQ2FjaGU9IkZhbHNlIiBSZXNwb25zZVRpbWVHb2FsPSIwIiBFbmNvZGluZz0idXRmLTgiIEV4cGVjdGVkSHR0cFN0YXR1c0NvZGU9IjAiIEV4cGVjdGVkUmVzcG9uc2VVcmw9IiIgUmVwb3J0aW5nTmFtZT0iIiBJZ25vcmVIdHRwU3RhdHVzQ29kZT0iRmFsc2UiPg0KICAgICAgPEhlYWRlcnM+DQogICAgICAgIDxIZWFkZXIgTmFtZT0iQWNjZXB0IiBWYWx1ZT0iYXBwbGljYXRpb24vanNvbiwgdGV4dC9qYXZhc2NyaXB0LCAqLyo7IHE9MC4wMSIgLz4NCiAgICAgICAgPEhlYWRlciBOYW1lPSJYLVJlcXVlc3RlZC1XaXRoIiBWYWx1ZT0iWE1MSHR0cFJlcXVlc3QiIC8+DQogICAgICAgIDxIZWFkZXIgTmFtZT0iUmVmZXJlciIgVmFsdWU9Imh0dHA6Ly9pbGl5YW5uYnUtMDAxLXNpdGUxLmR0ZW1wdXJsLmNvbS9Qcm9kdWN0cy9Qcm9kdWN0LzgiIC8+DQogICAgICA8L0hlYWRlcnM+DQogICAgICA8U3RyaW5nSHR0cEJvZHkgQ29udGVudFR5cGU9ImFwcGxpY2F0aW9uL2pzb247IGNoYXJzZXQ9dXRmLTgiIEluc2VydEJ5dGVPcmRlck1hcms9IkZhbHNlIj5ld0FpQUhBQWNnQnZBR1FBZFFCakFIUUFTUUJrQUNJQU9nQWlBRGdBSWdBc0FDSUFjd0JwQUhvQVpRQkpBR1FBSWdBNkFDSUFNUUE0QUNJQWZRQT08L1N0cmluZ0h0dHBCb2R5Pg0KICAgIDwvUmVxdWVzdD4NCiAgICA8UmVxdWVzdCBNZXRob2Q9IlBPU1QiIEd1aWQ9ImFkNTU5MjMwLTNjNjAtNDk0Ny04NGEzLTI3NjMwM2RkZDBkZCIgVmVyc2lvbj0iMS4xIiBVcmw9Imh0dHA6Ly9pbGl5YW5uYnUtMDAxLXNpdGUxLmR0ZW1wdXJsLmNvbS9Qcm9kdWN0cy9BZGRUb0Zhdm9yaXRlcyIgVGhpbmtUaW1lPSIwIiBUaW1lb3V0PSIzMDAiIFBhcnNlRGVwZW5kZW50UmVxdWVzdHM9IlRydWUiIEZvbGxvd1JlZGlyZWN0cz0iVHJ1ZSIgUmVjb3JkUmVzdWx0PSJUcnVlIiBDYWNoZT0iRmFsc2UiIFJlc3BvbnNlVGltZUdvYWw9IjAiIEVuY29kaW5nPSJ1dGYtOCIgRXhwZWN0ZWRIdHRwU3RhdHVzQ29kZT0iMCIgRXhwZWN0ZWRSZXNwb25zZVVybD0iIiBSZXBvcnRpbmdOYW1lPSIiIElnbm9yZUh0dHBTdGF0dXNDb2RlPSJGYWxzZSI+DQogICAgICA8SGVhZGVycz4NCiAgICAgICAgPEhlYWRlciBOYW1lPSJBY2NlcHQiIFZhbHVlPSJ0ZXh0L2h0bWwsICovKjsgcT0wLjAxIiAvPg0KICAgICAgICA8SGVhZGVyIE5hbWU9IlgtUmVxdWVzdGVkLVdpdGgiIFZhbHVlPSJYTUxIdHRwUmVxdWVzdCIgLz4NCiAgICAgICAgPEhlYWRlciBOYW1lPSJSZWZlcmVyIiBWYWx1ZT0iaHR0cDovL2lsaXlhbm5idS0wMDEtc2l0ZTEuZHRlbXB1cmwuY29tL1Byb2R1Y3RzL1Byb2R1Y3QvOCIgLz4NCiAgICAgIDwvSGVhZGVycz4NCiAgICAgIDxGb3JtUG9zdEh0dHBCb2R5Pg0KICAgICAgICA8Rm9ybVBvc3RQYXJhbWV0ZXIgTmFtZT0icHJvZHVjdElkIiBWYWx1ZT0iOCIgUmVjb3JkZWRWYWx1ZT0iOCIgQ29ycmVsYXRpb25CaW5kaW5nPSJ7e0Zvcm1Qb3N0UGFyYW0xMy5wcm9kdWN0SWR9fSIgVXJsRW5jb2RlPSJUcnVlIiAvPg0KICAgICAgPC9Gb3JtUG9zdEh0dHBCb2R5Pg0KICAgIDwvUmVxdWVzdD4NCiAgICA8UmVxdWVzdCBNZXRob2Q9IkdFVCIgR3VpZD0iNzVlY2YwZDItYmVlNi00MGRkLWE0ODAtZGMwNjc5MGQxNGViIiBWZXJzaW9uPSIxLjEiIFVybD0iaHR0cDovL2lsaXlhbm5idS0wMDEtc2l0ZTEuZHRlbXB1cmwuY29tL1Byb2R1Y3RzL0dldEZhdm9yaXRlc0NvdW50IiBUaGlua1RpbWU9IjQiIFRpbWVvdXQ9IjMwMCIgUGFyc2VEZXBlbmRlbnRSZXF1ZXN0cz0iVHJ1ZSIgRm9sbG93UmVkaXJlY3RzPSJUcnVlIiBSZWNvcmRSZXN1bHQ9IlRydWUiIENhY2hlPSJGYWxzZSIgUmVzcG9uc2VUaW1lR29hbD0iMCIgRW5jb2Rpbmc9InV0Zi04IiBFeHBlY3RlZEh0dHBTdGF0dXNDb2RlPSIwIiBFeHBlY3RlZFJlc3BvbnNlVXJsPSIiIFJlcG9ydGluZ05hbWU9IiIgSWdub3JlSHR0cFN0YXR1c0NvZGU9IkZhbHNlIj4NCiAgICAgIDxIZWFkZXJzPg0KICAgICAgICA8SGVhZGVyIE5hbWU9IkFjY2VwdCIgVmFsdWU9IiovKiIgLz4NCiAgICAgICAgPEhlYWRlciBOYW1lPSJYLVJlcXVlc3RlZC1XaXRoIiBWYWx1ZT0iWE1MSHR0cFJlcXVlc3QiIC8+DQogICAgICAgIDxIZWFkZXIgTmFtZT0iUmVmZXJlciIgVmFsdWU9Imh0dHA6Ly9pbGl5YW5uYnUtMDAxLXNpdGUxLmR0ZW1wdXJsLmNvbS9Qcm9kdWN0cy9Qcm9kdWN0LzgiIC8+DQogICAgICA8L0hlYWRlcnM+DQogICAgPC9SZXF1ZXN0Pg0KICAgIDxSZXF1ZXN0IE1ldGhvZD0iUE9TVCIgR3VpZD0iYThkNmMxY2EtYWNmMy00MTVlLWI0YTctYWMyYjkzY2JmOTg3IiBWZXJzaW9uPSIxLjEiIFVybD0iaHR0cDovL2lsaXlhbm5idS0wMDEtc2l0ZTEuZHRlbXB1cmwuY29tL1Byb2R1Y3RzL1Byb2R1Y3RQYXJ0aWFsIiBUaGlua1RpbWU9IjAiIFRpbWVvdXQ9IjMwMCIgUGFyc2VEZXBlbmRlbnRSZXF1ZXN0cz0iVHJ1ZSIgRm9sbG93UmVkaXJlY3RzPSJUcnVlIiBSZWNvcmRSZXN1bHQ9IlRydWUiIENhY2hlPSJGYWxzZSIgUmVzcG9uc2VUaW1lR29hbD0iMCIgRW5jb2Rpbmc9InV0Zi04IiBFeHBlY3RlZEh0dHBTdGF0dXNDb2RlPSIwIiBFeHBlY3RlZFJlc3BvbnNlVXJsPSIiIFJlcG9ydGluZ05hbWU9IiIgSWdub3JlSHR0cFN0YXR1c0NvZGU9IkZhbHNlIj4NCiAgICAgIDxIZWFkZXJzPg0KICAgICAgICA8SGVhZGVyIE5hbWU9IkFjY2VwdCIgVmFsdWU9InRleHQvaHRtbCwgKi8qOyBxPTAuMDEiIC8+DQogICAgICAgIDxIZWFkZXIgTmFtZT0iWC1SZXF1ZXN0ZWQtV2l0aCIgVmFsdWU9IlhNTEh0dHBSZXF1ZXN0IiAvPg0KICAgICAgICA8SGVhZGVyIE5hbWU9IlJlZmVyZXIiIFZhbHVlPSJodHRwOi8vaWxpeWFubmJ1LTAwMS1zaXRlMS5kdGVtcHVybC5jb20vUHJvZHVjdHMvUHJvZHVjdC84IiAvPg0KICAgICAgPC9IZWFkZXJzPg0KICAgICAgPEZvcm1Qb3N0SHR0cEJvZHk+DQogICAgICAgIDxGb3JtUG9zdFBhcmFtZXRlciBOYW1lPSJwcm9kdWN0SWQiIFZhbHVlPSI3IiBSZWNvcmRlZFZhbHVlPSI3IiBDb3JyZWxhdGlvbkJpbmRpbmc9Int7Rm9ybVBvc3RQYXJhbTE0LnByb2R1Y3RJZH19IiBVcmxFbmNvZGU9IlRydWUiIC8+DQogICAgICA8L0Zvcm1Qb3N0SHR0cEJvZHk+DQogICAgPC9SZXF1ZXN0Pg0KICAgIDxSZXF1ZXN0IE1ldGhvZD0iUE9TVCIgR3VpZD0iNmQ4YjllNDEtZGRmNC00YjBkLTlhYzEtZDgwMmNmMWM4YWY1IiBWZXJzaW9uPSIxLjEiIFVybD0iaHR0cDovL2lsaXlhbm5idS0wMDEtc2l0ZTEuZHRlbXB1cmwuY29tL1Byb2R1Y3RzL0dldE1heUxpa2VQcm9kdWN0cyIgVGhpbmtUaW1lPSIwIiBUaW1lb3V0PSIzMDAiIFBhcnNlRGVwZW5kZW50UmVxdWVzdHM9IlRydWUiIEZvbGxvd1JlZGlyZWN0cz0iVHJ1ZSIgUmVjb3JkUmVzdWx0PSJUcnVlIiBDYWNoZT0iRmFsc2UiIFJlc3BvbnNlVGltZUdvYWw9IjAiIEVuY29kaW5nPSJ1dGYtOCIgRXhwZWN0ZWRIdHRwU3RhdHVzQ29kZT0iMCIgRXhwZWN0ZWRSZXNwb25zZVVybD0iIiBSZXBvcnRpbmdOYW1lPSIiIElnbm9yZUh0dHBTdGF0dXNDb2RlPSJGYWxzZSI+DQogICAgICA8SGVhZGVycz4NCiAgICAgICAgPEhlYWRlciBOYW1lPSJBY2NlcHQiIFZhbHVlPSIqLyoiIC8+DQogICAgICAgIDxIZWFkZXIgTmFtZT0iWC1SZXF1ZXN0ZWQtV2l0aCIgVmFsdWU9IlhNTEh0dHBSZXF1ZXN0IiAvPg0KICAgICAgICA8SGVhZGVyIE5hbWU9IlJlZmVyZXIiIFZhbHVlPSJodHRwOi8vaWxpeWFubmJ1LTAwMS1zaXRlMS5kdGVtcHVybC5jb20vUHJvZHVjdHMvUHJvZHVjdC83IiAvPg0KICAgICAgPC9IZWFkZXJzPg0KICAgICAgPEZvcm1Qb3N0SHR0cEJvZHk+DQogICAgICAgIDxGb3JtUG9zdFBhcmFtZXRlciBOYW1lPSJwcm9kdWN0SWQiIFZhbHVlPSI3IiBSZWNvcmRlZFZhbHVlPSI3IiBDb3JyZWxhdGlvbkJpbmRpbmc9Int7Rm9ybVBvc3RQYXJhbTE1LnByb2R1Y3RJZH19IiBVcmxFbmNvZGU9IlRydWUiIC8+DQogICAgICA8L0Zvcm1Qb3N0SHR0cEJvZHk+DQogICAgPC9SZXF1ZXN0Pg0KICAgIDxSZXF1ZXN0IE1ldGhvZD0iUE9TVCIgR3VpZD0iNDExZWUwMjYtZmY1Ni00ODRmLWEzNzktYjQyZjczNGE0MTQ3IiBWZXJzaW9uPSIxLjEiIFVybD0iaHR0cDovL2lsaXlhbm5idS0wMDEtc2l0ZTEuZHRlbXB1cmwuY29tL1Byb2R1Y3RzL0NoZWNrUHJvZHVjdEZhdm9yaXRlcyIgVGhpbmtUaW1lPSIwIiBUaW1lb3V0PSIzMDAiIFBhcnNlRGVwZW5kZW50UmVxdWVzdHM9IlRydWUiIEZvbGxvd1JlZGlyZWN0cz0iVHJ1ZSIgUmVjb3JkUmVzdWx0PSJUcnVlIiBDYWNoZT0iRmFsc2UiIFJlc3BvbnNlVGltZUdvYWw9IjAiIEVuY29kaW5nPSJ1dGYtOCIgRXhwZWN0ZWRIdHRwU3RhdHVzQ29kZT0iMCIgRXhwZWN0ZWRSZXNwb25zZVVybD0iIiBSZXBvcnRpbmdOYW1lPSIiIElnbm9yZUh0dHBTdGF0dXNDb2RlPSJGYWxzZSI+DQogICAgICA8SGVhZGVycz4NCiAgICAgICAgPEhlYWRlciBOYW1lPSJBY2NlcHQiIFZhbHVlPSIqLyoiIC8+DQogICAgICAgIDxIZWFkZXIgTmFtZT0iWC1SZXF1ZXN0ZWQtV2l0aCIgVmFsdWU9IlhNTEh0dHBSZXF1ZXN0IiAvPg0KICAgICAgICA8SGVhZGVyIE5hbWU9IlJlZmVyZXIiIFZhbHVlPSJodHRwOi8vaWxpeWFubmJ1LTAwMS1zaXRlMS5kdGVtcHVybC5jb20vUHJvZHVjdHMvUHJvZHVjdC83IiAvPg0KICAgICAgPC9IZWFkZXJzPg0KICAgICAgPEZvcm1Qb3N0SHR0cEJvZHk+DQogICAgICAgIDxGb3JtUG9zdFBhcmFtZXRlciBOYW1lPSJwcm9kdWN0SWQiIFZhbHVlPSI3IiBSZWNvcmRlZFZhbHVlPSI3IiBDb3JyZWxhdGlvbkJpbmRpbmc9Int7Rm9ybVBvc3RQYXJhbTE2LnByb2R1Y3RJZH19IiBVcmxFbmNvZGU9IlRydWUiIC8+DQogICAgICA8L0Zvcm1Qb3N0SHR0cEJvZHk+DQogICAgPC9SZXF1ZXN0Pg0KICAgIDxSZXF1ZXN0IE1ldGhvZD0iUE9TVCIgR3VpZD0iZjQ0MGMwN2YtMGFkZS00ZWJjLWIzY2ItNjg2MWVlZTVlYzdlIiBWZXJzaW9uPSIxLjEiIFVybD0iaHR0cDovL2lsaXlhbm5idS0wMDEtc2l0ZTEuZHRlbXB1cmwuY29tL1Byb2R1Y3RzL0dldFJhdGluZ3MiIFRoaW5rVGltZT0iMCIgVGltZW91dD0iMzAwIiBQYXJzZURlcGVuZGVudFJlcXVlc3RzPSJUcnVlIiBGb2xsb3dSZWRpcmVjdHM9IlRydWUiIFJlY29yZFJlc3VsdD0iVHJ1ZSIgQ2FjaGU9IkZhbHNlIiBSZXNwb25zZVRpbWVHb2FsPSIwIiBFbmNvZGluZz0idXRmLTgiIEV4cGVjdGVkSHR0cFN0YXR1c0NvZGU9IjAiIEV4cGVjdGVkUmVzcG9uc2VVcmw9IiIgUmVwb3J0aW5nTmFtZT0iIiBJZ25vcmVIdHRwU3RhdHVzQ29kZT0iRmFsc2UiPg0KICAgICAgPEhlYWRlcnM+DQogICAgICAgIDxIZWFkZXIgTmFtZT0iQWNjZXB0IiBWYWx1ZT0iKi8qIiAvPg0KICAgICAgICA8SGVhZGVyIE5hbWU9IlgtUmVxdWVzdGVkLVdpdGgiIFZhbHVlPSJYTUxIdHRwUmVxdWVzdCIgLz4NCiAgICAgICAgPEhlYWRlciBOYW1lPSJSZWZlcmVyIiBWYWx1ZT0iaHR0cDovL2lsaXlhbm5idS0wMDEtc2l0ZTEuZHRlbXB1cmwuY29tL1Byb2R1Y3RzL1Byb2R1Y3QvNyIgLz4NCiAgICAgIDwvSGVhZGVycz4NCiAgICAgIDxGb3JtUG9zdEh0dHBCb2R5Pg0KICAgICAgICA8Rm9ybVBvc3RQYXJhbWV0ZXIgTmFtZT0icHJvZHVjdElkIiBWYWx1ZT0iNyIgUmVjb3JkZWRWYWx1ZT0iNyIgQ29ycmVsYXRpb25CaW5kaW5nPSJ7e0Zvcm1Qb3N0UGFyYW0xNy5wcm9kdWN0SWR9fSIgVXJsRW5jb2RlPSJUcnVlIiAvPg0KICAgICAgPC9Gb3JtUG9zdEh0dHBCb2R5Pg0KICAgIDwvUmVxdWVzdD4NCiAgICA8UmVxdWVzdCBNZXRob2Q9IlBPU1QiIEd1aWQ9IjI1Njg1NmE4LTRlZjUtNGM0Ni05MDRlLTc5MmI2YTZkM2FlNiIgVmVyc2lvbj0iMS4xIiBVcmw9Imh0dHA6Ly9pbGl5YW5uYnUtMDAxLXNpdGUxLmR0ZW1wdXJsLmNvbS9Qcm9kdWN0cy9HZXRDb21tZW50cyIgVGhpbmtUaW1lPSIwIiBUaW1lb3V0PSIzMDAiIFBhcnNlRGVwZW5kZW50UmVxdWVzdHM9IlRydWUiIEZvbGxvd1JlZGlyZWN0cz0iVHJ1ZSIgUmVjb3JkUmVzdWx0PSJUcnVlIiBDYWNoZT0iRmFsc2UiIFJlc3BvbnNlVGltZUdvYWw9IjAiIEVuY29kaW5nPSJ1dGYtOCIgRXhwZWN0ZWRIdHRwU3RhdHVzQ29kZT0iMCIgRXhwZWN0ZWRSZXNwb25zZVVybD0iIiBSZXBvcnRpbmdOYW1lPSIiIElnbm9yZUh0dHBTdGF0dXNDb2RlPSJGYWxzZSI+DQogICAgICA8SGVhZGVycz4NCiAgICAgICAgPEhlYWRlciBOYW1lPSJBY2NlcHQiIFZhbHVlPSIqLyoiIC8+DQogICAgICAgIDxIZWFkZXIgTmFtZT0iWC1SZXF1ZXN0ZWQtV2l0aCIgVmFsdWU9IlhNTEh0dHBSZXF1ZXN0IiAvPg0KICAgICAgICA8SGVhZGVyIE5hbWU9IlJlZmVyZXIiIFZhbHVlPSJodHRwOi8vaWxpeWFubmJ1LTAwMS1zaXRlMS5kdGVtcHVybC5jb20vUHJvZHVjdHMvUHJvZHVjdC83IiAvPg0KICAgICAgPC9IZWFkZXJzPg0KICAgICAgPEZvcm1Qb3N0SHR0cEJvZHk+DQogICAgICAgIDxGb3JtUG9zdFBhcmFtZXRlciBOYW1lPSJwcm9kdWN0SWQiIFZhbHVlPSI3IiBSZWNvcmRlZFZhbHVlPSI3IiBDb3JyZWxhdGlvbkJpbmRpbmc9Int7Rm9ybVBvc3RQYXJhbTE4LnByb2R1Y3RJZH19IiBVcmxFbmNvZGU9IlRydWUiIC8+DQogICAgICA8L0Zvcm1Qb3N0SHR0cEJvZHk+DQogICAgPC9SZXF1ZXN0Pg0KICAgIDxSZXF1ZXN0IE1ldGhvZD0iUE9TVCIgR3VpZD0iNDMwMzJmYmEtNzM0MC00MDBkLThhYzQtZTYwY2U1MzFiODQ0IiBWZXJzaW9uPSIxLjEiIFVybD0iaHR0cDovL2lsaXlhbm5idS0wMDEtc2l0ZTEuZHRlbXB1cmwuY29tL1Byb2R1Y3RzL1VzZXJzIiBUaGlua1RpbWU9IjQiIFRpbWVvdXQ9IjMwMCIgUGFyc2VEZXBlbmRlbnRSZXF1ZXN0cz0iVHJ1ZSIgRm9sbG93UmVkaXJlY3RzPSJUcnVlIiBSZWNvcmRSZXN1bHQ9IlRydWUiIENhY2hlPSJGYWxzZSIgUmVzcG9uc2VUaW1lR29hbD0iMCIgRW5jb2Rpbmc9InV0Zi04IiBFeHBlY3RlZEh0dHBTdGF0dXNDb2RlPSIwIiBFeHBlY3RlZFJlc3BvbnNlVXJsPSIiIFJlcG9ydGluZ05hbWU9IiIgSWdub3JlSHR0cFN0YXR1c0NvZGU9IkZhbHNlIj4NCiAgICAgIDxIZWFkZXJzPg0KICAgICAgICA8SGVhZGVyIE5hbWU9IkFjY2VwdCIgVmFsdWU9IiovKiIgLz4NCiAgICAgICAgPEhlYWRlciBOYW1lPSJYLVJlcXVlc3RlZC1XaXRoIiBWYWx1ZT0iWE1MSHR0cFJlcXVlc3QiIC8+DQogICAgICAgIDxIZWFkZXIgTmFtZT0iUmVmZXJlciIgVmFsdWU9Imh0dHA6Ly9pbGl5YW5uYnUtMDAxLXNpdGUxLmR0ZW1wdXJsLmNvbS9Qcm9kdWN0cy9Qcm9kdWN0LzciIC8+DQogICAgICA8L0hlYWRlcnM+DQogICAgICA8Q29ycmVsYXRpb25FeHRyYWN0aW9uUnVsZXM+DQogICAgICAgIDxFeHRyYWN0aW9uUnVsZSBDbGFzc25hbWU9Ik1pY3Jvc29mdC5WaXN1YWxTdHVkaW8uVGVzdFRvb2xzLldlYlRlc3RpbmcuUnVsZXMuRXh0cmFjdFRleHQsIE1pY3Jvc29mdC5WaXN1YWxTdHVkaW8uUXVhbGl0eVRvb2xzLldlYlRlc3RGcmFtZXdvcmssIFZlcnNpb249MTAuMC4wLjAsIEN1bHR1cmU9bmV1dHJhbCwgUHVibGljS2V5VG9rZW49YjAzZjVmN2YxMWQ1MGEzYSIgVmFyaWFibGVOYW1lPSJGb3JtUG9zdFBhcmFtMTkuZW1haWwiIERpc3BsYXlOYW1lPSIiIERlc2NyaXB0aW9uPSIiPg0KICAgICAgICAgIDxSdWxlUGFyYW1ldGVycz4NCiAgICAgICAgICAgIDxSdWxlUGFyYW1ldGVyIE5hbWU9IlN0YXJ0c1dpdGgiIFZhbHVlPSIgaWQ9JnF1b3Q7IiAvPg0KICAgICAgICAgICAgPFJ1bGVQYXJhbWV0ZXIgTmFtZT0iRW5kc1dpdGgiIFZhbHVlPSImcXVvdDsgY2xhIiAvPg0KICAgICAgICAgICAgPFJ1bGVQYXJhbWV0ZXIgTmFtZT0iSW5kZXgiIFZhbHVlPSIwIiAvPg0KICAgICAgICAgICAgPFJ1bGVQYXJhbWV0ZXIgTmFtZT0iSWdub3JlQ2FzZSIgVmFsdWU9IkZhbHNlIiAvPg0KICAgICAgICAgICAgPFJ1bGVQYXJhbWV0ZXIgTmFtZT0iVXNlUmVndWxhckV4cHJlc3Npb24iIFZhbHVlPSJGYWxzZSIgLz4NCiAgICAgICAgICAgIDxSdWxlUGFyYW1ldGVyIE5hbWU9Ikh0bWxEZWNvZGUiIFZhbHVlPSJUcnVlIiAvPg0KICAgICAgICAgICAgPFJ1bGVQYXJhbWV0ZXIgTmFtZT0iUmVxdWlyZWQiIFZhbHVlPSJGYWxzZSIgLz4NCiAgICAgICAgICA8L1J1bGVQYXJhbWV0ZXJzPg0KICAgICAgICA8L0V4dHJhY3Rpb25SdWxlPg0KICAgICAgPC9Db3JyZWxhdGlvbkV4dHJhY3Rpb25SdWxlcz4NCiAgICAgIDxTdHJpbmdIdHRwQm9keSBDb250ZW50VHlwZT0iIiBJbnNlcnRCeXRlT3JkZXJNYXJrPSJGYWxzZSI+DQogICAgICA8L1N0cmluZ0h0dHBCb2R5Pg0KICAgIDwvUmVxdWVzdD4NCiAgICA8UmVxdWVzdCBNZXRob2Q9IkdFVCIgR3VpZD0iODNhMDA1YmMtNmExNy00OTFhLWFiNWMtMDQ4NTQyODU0M2RkIiBWZXJzaW9uPSIxLjEiIFVybD0iaHR0cDovL2lsaXlhbm5idS0wMDEtc2l0ZTEuZHRlbXB1cmwuY29tL0N1c3RvbWVycy9JbmRleFByb2ZpbGUiIFRoaW5rVGltZT0iMCIgVGltZW91dD0iMzAwIiBQYXJzZURlcGVuZGVudFJlcXVlc3RzPSJUcnVlIiBGb2xsb3dSZWRpcmVjdHM9IlRydWUiIFJlY29yZFJlc3VsdD0iVHJ1ZSIgQ2FjaGU9IkZhbHNlIiBSZXNwb25zZVRpbWVHb2FsPSIwIiBFbmNvZGluZz0idXRmLTgiIEV4cGVjdGVkSHR0cFN0YXR1c0NvZGU9IjAiIEV4cGVjdGVkUmVzcG9uc2VVcmw9IiIgUmVwb3J0aW5nTmFtZT0iIiBJZ25vcmVIdHRwU3RhdHVzQ29kZT0iRmFsc2UiPg0KICAgICAgPEhlYWRlcnM+DQogICAgICAgIDxIZWFkZXIgTmFtZT0iQWNjZXB0IiBWYWx1ZT0iKi8qIiAvPg0KICAgICAgICA8SGVhZGVyIE5hbWU9IlgtUmVxdWVzdGVkLVdpdGgiIFZhbHVlPSJYTUxIdHRwUmVxdWVzdCIgLz4NCiAgICAgICAgPEhlYWRlciBOYW1lPSJSZWZlcmVyIiBWYWx1ZT0iaHR0cDovL2lsaXlhbm5idS0wMDEtc2l0ZTEuZHRlbXB1cmwuY29tL1Byb2R1Y3RzL1Byb2R1Y3QvNyIgLz4NCiAgICAgIDwvSGVhZGVycz4NCiAgICAgIDxRdWVyeVN0cmluZ1BhcmFtZXRlcnM+DQogICAgICAgIDxRdWVyeVN0cmluZ1BhcmFtZXRlciBOYW1lPSJlbWFpbCIgVmFsdWU9ImZvdW5kZXIxOTkwJTQwYWJ2LmJnIiBSZWNvcmRlZFZhbHVlPSJmb3VuZGVyMTk5MCU0MGFidi5iZyIgQ29ycmVsYXRpb25CaW5kaW5nPSIiIFVybEVuY29kZT0iRmFsc2UiIFVzZVRvR3JvdXBSZXN1bHRzPSJGYWxzZSIgLz4NCiAgICAgIDwvUXVlcnlTdHJpbmdQYXJhbWV0ZXJzPg0KICAgIDwvUmVxdWVzdD4NCiAgICA8UmVxdWVzdCBNZXRob2Q9IlBPU1QiIEd1aWQ9IjcyZGYyZWQ0LTVlYTMtNDBiNS04NTU3LTljNTM0MzczMmQxNSIgVmVyc2lvbj0iMS4xIiBVcmw9Imh0dHA6Ly9pbGl5YW5uYnUtMDAxLXNpdGUxLmR0ZW1wdXJsLmNvbS9Qcm9kdWN0cy9DdXN0b21lclByb2R1Y3RzIiBUaGlua1RpbWU9IjEiIFRpbWVvdXQ9IjMwMCIgUGFyc2VEZXBlbmRlbnRSZXF1ZXN0cz0iVHJ1ZSIgRm9sbG93UmVkaXJlY3RzPSJUcnVlIiBSZWNvcmRSZXN1bHQ9IlRydWUiIENhY2hlPSJGYWxzZSIgUmVzcG9uc2VUaW1lR29hbD0iMCIgRW5jb2Rpbmc9InV0Zi04IiBFeHBlY3RlZEh0dHBTdGF0dXNDb2RlPSIwIiBFeHBlY3RlZFJlc3BvbnNlVXJsPSIiIFJlcG9ydGluZ05hbWU9IiIgSWdub3JlSHR0cFN0YXR1c0NvZGU9IkZhbHNlIj4NCiAgICAgIDxIZWFkZXJzPg0KICAgICAgICA8SGVhZGVyIE5hbWU9IkFjY2VwdCIgVmFsdWU9IiovKiIgLz4NCiAgICAgICAgPEhlYWRlciBOYW1lPSJYLVJlcXVlc3RlZC1XaXRoIiBWYWx1ZT0iWE1MSHR0cFJlcXVlc3QiIC8+DQogICAgICAgIDxIZWFkZXIgTmFtZT0iUmVmZXJlciIgVmFsdWU9Imh0dHA6Ly9pbGl5YW5uYnUtMDAxLXNpdGUxLmR0ZW1wdXJsLmNvbS9DdXN0b21lcnMvUHJvZmlsZT9lbWFpbD1mb3VuZGVyMTk5MEBhYnYuYmciIC8+DQogICAgICA8L0hlYWRlcnM+DQogICAgICA8Rm9ybVBvc3RIdHRwQm9keT4NCiAgICAgICAgPEZvcm1Qb3N0UGFyYW1ldGVyIE5hbWU9ImVtYWlsIiBWYWx1ZT0iZm91bmRlcjE5OTBAYWJ2LmJnIiBSZWNvcmRlZFZhbHVlPSJmb3VuZGVyMTk5MEBhYnYuYmciIENvcnJlbGF0aW9uQmluZGluZz0ie3tGb3JtUG9zdFBhcmFtMTkuZW1haWx9fSIgVXJsRW5jb2RlPSJUcnVlIiAvPg0KICAgICAgPC9Gb3JtUG9zdEh0dHBCb2R5Pg0KICAgIDwvUmVxdWVzdD4NCiAgICA8UmVxdWVzdCBNZXRob2Q9IkdFVCIgR3VpZD0iOTFhNzViZGYtZDE1ZS00OTRlLTk4ZWYtYzIwMTVhMTE4YzMxIiBWZXJzaW9uPSIxLjEiIFVybD0iaHR0cDovL2lsaXlhbm5idS0wMDEtc2l0ZTEuZHRlbXB1cmwuY29tL0N1c3RvbWVycy9pbmRleFBhcnRpYWwiIFRoaW5rVGltZT0iMiIgVGltZW91dD0iMzAwIiBQYXJzZURlcGVuZGVudFJlcXVlc3RzPSJUcnVlIiBGb2xsb3dSZWRpcmVjdHM9IlRydWUiIFJlY29yZFJlc3VsdD0iVHJ1ZSIgQ2FjaGU9IkZhbHNlIiBSZXNwb25zZVRpbWVHb2FsPSIwIiBFbmNvZGluZz0idXRmLTgiIEV4cGVjdGVkSHR0cFN0YXR1c0NvZGU9IjAiIEV4cGVjdGVkUmVzcG9uc2VVcmw9IiIgUmVwb3J0aW5nTmFtZT0iIiBJZ25vcmVIdHRwU3RhdHVzQ29kZT0iRmFsc2UiPg0KICAgICAgPEhlYWRlcnM+DQogICAgICAgIDxIZWFkZXIgTmFtZT0iQWNjZXB0IiBWYWx1ZT0iKi8qIiAvPg0KICAgICAgICA8SGVhZGVyIE5hbWU9IlgtUmVxdWVzdGVkLVdpdGgiIFZhbHVlPSJYTUxIdHRwUmVxdWVzdCIgLz4NCiAgICAgICAgPEhlYWRlciBOYW1lPSJSZWZlcmVyIiBWYWx1ZT0iaHR0cDovL2lsaXlhbm5idS0wMDEtc2l0ZTEuZHRlbXB1cmwuY29tL0N1c3RvbWVycy9Qcm9maWxlP2VtYWlsPWZvdW5kZXIxOTkwQGFidi5iZyIgLz4NCiAgICAgIDwvSGVhZGVycz4NCiAgICAgIDxDb3JyZWxhdGlvbkV4dHJhY3Rpb25SdWxlcz4NCiAgICAgICAgPEV4dHJhY3Rpb25SdWxlIENsYXNzbmFtZT0iTWljcm9zb2Z0LlZpc3VhbFN0dWRpby5UZXN0VG9vbHMuV2ViVGVzdGluZy5SdWxlcy5FeHRyYWN0VGV4dCwgTWljcm9zb2Z0LlZpc3VhbFN0dWRpby5RdWFsaXR5VG9vbHMuV2ViVGVzdEZyYW1ld29yaywgVmVyc2lvbj0xMC4wLjAuMCwgQ3VsdHVyZT1uZXV0cmFsLCBQdWJsaWNLZXlUb2tlbj1iMDNmNWY3ZjExZDUwYTNhIiBWYXJpYWJsZU5hbWU9IkZvcm1Qb3N0UGFyYW0yMC5lbWFpbCIgRGlzcGxheU5hbWU9IiIgRGVzY3JpcHRpb249IiI+DQogICAgICAgICAgPFJ1bGVQYXJhbWV0ZXJzPg0KICAgICAgICAgICAgPFJ1bGVQYXJhbWV0ZXIgTmFtZT0iU3RhcnRzV2l0aCIgVmFsdWU9IiBpZD0mcXVvdDsiIC8+DQogICAgICAgICAgICA8UnVsZVBhcmFtZXRlciBOYW1lPSJFbmRzV2l0aCIgVmFsdWU9IiZxdW90OyBjbGEiIC8+DQogICAgICAgICAgICA8UnVsZVBhcmFtZXRlciBOYW1lPSJJbmRleCIgVmFsdWU9IjIiIC8+DQogICAgICAgICAgICA8UnVsZVBhcmFtZXRlciBOYW1lPSJJZ25vcmVDYXNlIiBWYWx1ZT0iRmFsc2UiIC8+DQogICAgICAgICAgICA8UnVsZVBhcmFtZXRlciBOYW1lPSJVc2VSZWd1bGFyRXhwcmVzc2lvbiIgVmFsdWU9IkZhbHNlIiAvPg0KICAgICAgICAgICAgPFJ1bGVQYXJhbWV0ZXIgTmFtZT0iSHRtbERlY29kZSIgVmFsdWU9IlRydWUiIC8+DQogICAgICAgICAgICA8UnVsZVBhcmFtZXRlciBOYW1lPSJSZXF1aXJlZCIgVmFsdWU9IkZhbHNlIiAvPg0KICAgICAgICAgIDwvUnVsZVBhcmFtZXRlcnM+DQogICAgICAgIDwvRXh0cmFjdGlvblJ1bGU+DQogICAgICAgIDxFeHRyYWN0aW9uUnVsZSBDbGFzc25hbWU9Ik1pY3Jvc29mdC5WaXN1YWxTdHVkaW8uVGVzdFRvb2xzLldlYlRlc3RpbmcuUnVsZXMuRXh0cmFjdFRleHQsIE1pY3Jvc29mdC5WaXN1YWxTdHVkaW8uUXVhbGl0eVRvb2xzLldlYlRlc3RGcmFtZXdvcmssIFZlcnNpb249MTAuMC4wLjAsIEN1bHR1cmU9bmV1dHJhbCwgUHVibGljS2V5VG9rZW49YjAzZjVmN2YxMWQ1MGEzYSIgVmFyaWFibGVOYW1lPSJGb3JtUG9zdFBhcmFtMjEuZW1haWwiIERpc3BsYXlOYW1lPSIiIERlc2NyaXB0aW9uPSIiPg0KICAgICAgICAgIDxSdWxlUGFyYW1ldGVycz4NCiAgICAgICAgICAgIDxSdWxlUGFyYW1ldGVyIE5hbWU9IlN0YXJ0c1dpdGgiIFZhbHVlPSIgaWQ9JnF1b3Q7IiAvPg0KICAgICAgICAgICAgPFJ1bGVQYXJhbWV0ZXIgTmFtZT0iRW5kc1dpdGgiIFZhbHVlPSImcXVvdDsgY2xhIiAvPg0KICAgICAgICAgICAgPFJ1bGVQYXJhbWV0ZXIgTmFtZT0iSW5kZXgiIFZhbHVlPSIyIiAvPg0KICAgICAgICAgICAgPFJ1bGVQYXJhbWV0ZXIgTmFtZT0iSWdub3JlQ2FzZSIgVmFsdWU9IkZhbHNlIiAvPg0KICAgICAgICAgICAgPFJ1bGVQYXJhbWV0ZXIgTmFtZT0iVXNlUmVndWxhckV4cHJlc3Npb24iIFZhbHVlPSJGYWxzZSIgLz4NCiAgICAgICAgICAgIDxSdWxlUGFyYW1ldGVyIE5hbWU9Ikh0bWxEZWNvZGUiIFZhbHVlPSJUcnVlIiAvPg0KICAgICAgICAgICAgPFJ1bGVQYXJhbWV0ZXIgTmFtZT0iUmVxdWlyZWQiIFZhbHVlPSJGYWxzZSIgLz4NCiAgICAgICAgICA8L1J1bGVQYXJhbWV0ZXJzPg0KICAgICAgICA8L0V4dHJhY3Rpb25SdWxlPg0KICAgICAgICA8RXh0cmFjdGlvblJ1bGUgQ2xhc3NuYW1lPSJNaWNyb3NvZnQuVmlzdWFsU3R1ZGlvLlRlc3RUb29scy5XZWJUZXN0aW5nLlJ1bGVzLkV4dHJhY3RUZXh0LCBNaWNyb3NvZnQuVmlzdWFsU3R1ZGlvLlF1YWxpdHlUb29scy5XZWJUZXN0RnJhbWV3b3JrLCBWZXJzaW9uPTEwLjAuMC4wLCBDdWx0dXJlPW5ldXRyYWwsIFB1YmxpY0tleVRva2VuPWIwM2Y1ZjdmMTFkNTBhM2EiIFZhcmlhYmxlTmFtZT0iRm9ybVBvc3RQYXJhbTIyLmVtYWlsIiBEaXNwbGF5TmFtZT0iIiBEZXNjcmlwdGlvbj0iIj4NCiAgICAgICAgICA8UnVsZVBhcmFtZXRlcnM+DQogICAgICAgICAgICA8UnVsZVBhcmFtZXRlciBOYW1lPSJTdGFydHNXaXRoIiBWYWx1ZT0iIGlkPSZxdW90OyIgLz4NCiAgICAgICAgICAgIDxSdWxlUGFyYW1ldGVyIE5hbWU9IkVuZHNXaXRoIiBWYWx1ZT0iJnF1b3Q7IGNsYSIgLz4NCiAgICAgICAgICAgIDxSdWxlUGFyYW1ldGVyIE5hbWU9IkluZGV4IiBWYWx1ZT0iMiIgLz4NCiAgICAgICAgICAgIDxSdWxlUGFyYW1ldGVyIE5hbWU9Iklnbm9yZUNhc2UiIFZhbHVlPSJGYWxzZSIgLz4NCiAgICAgICAgICAgIDxSdWxlUGFyYW1ldGVyIE5hbWU9IlVzZVJlZ3VsYXJFeHByZXNzaW9uIiBWYWx1ZT0iRmFsc2UiIC8+DQogICAgICAgICAgICA8UnVsZVBhcmFtZXRlciBOYW1lPSJIdG1sRGVjb2RlIiBWYWx1ZT0iVHJ1ZSIgLz4NCiAgICAgICAgICAgIDxSdWxlUGFyYW1ldGVyIE5hbWU9IlJlcXVpcmVkIiBWYWx1ZT0iRmFsc2UiIC8+DQogICAgICAgICAgPC9SdWxlUGFyYW1ldGVycz4NCiAgICAgICAgPC9FeHRyYWN0aW9uUnVsZT4NCiAgICAgIDwvQ29ycmVsYXRpb25FeHRyYWN0aW9uUnVsZXM+DQogICAgPC9SZXF1ZXN0Pg0KICAgIDxSZXF1ZXN0IE1ldGhvZD0iR0VUIiBHdWlkPSI2ZDkxOTRlYS1kYjAwLTQzNDYtODEwYS05MDkwNjliNDQxYmIiIFZlcnNpb249IjEuMSIgVXJsPSJodHRwOi8vaWxpeWFubmJ1LTAwMS1zaXRlMS5kdGVtcHVybC5jb20vQ3VzdG9tZXJzL0luZGV4UHJvZmlsZSIgVGhpbmtUaW1lPSIwIiBUaW1lb3V0PSIzMDAiIFBhcnNlRGVwZW5kZW50UmVxdWVzdHM9IlRydWUiIEZvbGxvd1JlZGlyZWN0cz0iVHJ1ZSIgUmVjb3JkUmVzdWx0PSJUcnVlIiBDYWNoZT0iRmFsc2UiIFJlc3BvbnNlVGltZUdvYWw9IjAiIEVuY29kaW5nPSJ1dGYtOCIgRXhwZWN0ZWRIdHRwU3RhdHVzQ29kZT0iMCIgRXhwZWN0ZWRSZXNwb25zZVVybD0iIiBSZXBvcnRpbmdOYW1lPSIiIElnbm9yZUh0dHBTdGF0dXNDb2RlPSJGYWxzZSI+DQogICAgICA8SGVhZGVycz4NCiAgICAgICAgPEhlYWRlciBOYW1lPSJBY2NlcHQiIFZhbHVlPSIqLyoiIC8+DQogICAgICAgIDxIZWFkZXIgTmFtZT0iWC1SZXF1ZXN0ZWQtV2l0aCIgVmFsdWU9IlhNTEh0dHBSZXF1ZXN0IiAvPg0KICAgICAgICA8SGVhZGVyIE5hbWU9IlJlZmVyZXIiIFZhbHVlPSJodHRwOi8vaWxpeWFubmJ1LTAwMS1zaXRlMS5kdGVtcHVybC5jb20vQ3VzdG9tZXJzIiAvPg0KICAgICAgPC9IZWFkZXJzPg0KICAgICAgPFF1ZXJ5U3RyaW5nUGFyYW1ldGVycz4NCiAgICAgICAgPFF1ZXJ5U3RyaW5nUGFyYW1ldGVyIE5hbWU9ImVtYWlsIiBWYWx1ZT0iZm91bmRlcjE5OTAlNDBhYnYuYmciIFJlY29yZGVkVmFsdWU9ImZvdW5kZXIxOTkwJTQwYWJ2LmJnIiBDb3JyZWxhdGlvbkJpbmRpbmc9IiIgVXJsRW5jb2RlPSJGYWxzZSIgVXNlVG9Hcm91cFJlc3VsdHM9IkZhbHNlIiAvPg0KICAgICAgPC9RdWVyeVN0cmluZ1BhcmFtZXRlcnM+DQogICAgPC9SZXF1ZXN0Pg0KICAgIDxSZXF1ZXN0IE1ldGhvZD0iUE9TVCIgR3VpZD0iZjEzZGEyZmUtOGFjOS00NjZiLWFjYmItOGM5OGRiN2M2MThiIiBWZXJzaW9uPSIxLjEiIFVybD0iaHR0cDovL2lsaXlhbm5idS0wMDEtc2l0ZTEuZHRlbXB1cmwuY29tL1Byb2R1Y3RzL0N1c3RvbWVyUHJvZHVjdHMiIFRoaW5rVGltZT0iMSIgVGltZW91dD0iMzAwIiBQYXJzZURlcGVuZGVudFJlcXVlc3RzPSJUcnVlIiBGb2xsb3dSZWRpcmVjdHM9IlRydWUiIFJlY29yZFJlc3VsdD0iVHJ1ZSIgQ2FjaGU9IkZhbHNlIiBSZXNwb25zZVRpbWVHb2FsPSIwIiBFbmNvZGluZz0idXRmLTgiIEV4cGVjdGVkSHR0cFN0YXR1c0NvZGU9IjAiIEV4cGVjdGVkUmVzcG9uc2VVcmw9IiIgUmVwb3J0aW5nTmFtZT0iIiBJZ25vcmVIdHRwU3RhdHVzQ29kZT0iRmFsc2UiPg0KICAgICAgPEhlYWRlcnM+DQogICAgICAgIDxIZWFkZXIgTmFtZT0iQWNjZXB0IiBWYWx1ZT0iKi8qIiAvPg0KICAgICAgICA8SGVhZGVyIE5hbWU9IlgtUmVxdWVzdGVkLVdpdGgiIFZhbHVlPSJYTUxIdHRwUmVxdWVzdCIgLz4NCiAgICAgICAgPEhlYWRlciBOYW1lPSJSZWZlcmVyIiBWYWx1ZT0iaHR0cDovL2lsaXlhbm5idS0wMDEtc2l0ZTEuZHRlbXB1cmwuY29tL0N1c3RvbWVycy9Qcm9maWxlP2VtYWlsPWZvdW5kZXIxOTkwQGFidi5iZyIgLz4NCiAgICAgIDwvSGVhZGVycz4NCiAgICAgIDxGb3JtUG9zdEh0dHBCb2R5Pg0KICAgICAgICA8Rm9ybVBvc3RQYXJhbWV0ZXIgTmFtZT0iZW1haWwiIFZhbHVlPSJmb3VuZGVyMTk5MEBhYnYuYmciIFJlY29yZGVkVmFsdWU9ImZvdW5kZXIxOTkwQGFidi5iZyIgQ29ycmVsYXRpb25CaW5kaW5nPSJ7e0Zvcm1Qb3N0UGFyYW0yMC5lbWFpbH19IiBVcmxFbmNvZGU9IlRydWUiIC8+DQogICAgICA8L0Zvcm1Qb3N0SHR0cEJvZHk+DQogICAgPC9SZXF1ZXN0Pg0KICAgIDxSZXF1ZXN0IE1ldGhvZD0iR0VUIiBHdWlkPSIxMjYxMDI3Zi1iMzI1LTRlMTYtYjQxZi03MjhhZDAxM2ViZDMiIFZlcnNpb249IjEuMSIgVXJsPSJodHRwOi8vaWxpeWFubmJ1LTAwMS1zaXRlMS5kdGVtcHVybC5jb20vQ3VzdG9tZXJzL0luZGV4UHJvZmlsZSIgVGhpbmtUaW1lPSIwIiBUaW1lb3V0PSIzMDAiIFBhcnNlRGVwZW5kZW50UmVxdWVzdHM9IlRydWUiIEZvbGxvd1JlZGlyZWN0cz0iVHJ1ZSIgUmVjb3JkUmVzdWx0PSJUcnVlIiBDYWNoZT0iRmFsc2UiIFJlc3BvbnNlVGltZUdvYWw9IjAiIEVuY29kaW5nPSJ1dGYtOCIgRXhwZWN0ZWRIdHRwU3RhdHVzQ29kZT0iMCIgRXhwZWN0ZWRSZXNwb25zZVVybD0iIiBSZXBvcnRpbmdOYW1lPSIiIElnbm9yZUh0dHBTdGF0dXNDb2RlPSJGYWxzZSI+DQogICAgICA8SGVhZGVycz4NCiAgICAgICAgPEhlYWRlciBOYW1lPSJBY2NlcHQiIFZhbHVlPSIqLyoiIC8+DQogICAgICAgIDxIZWFkZXIgTmFtZT0iWC1SZXF1ZXN0ZWQtV2l0aCIgVmFsdWU9IlhNTEh0dHBSZXF1ZXN0IiAvPg0KICAgICAgICA8SGVhZGVyIE5hbWU9IlJlZmVyZXIiIFZhbHVlPSJodHRwOi8vaWxpeWFubmJ1LTAwMS1zaXRlMS5kdGVtcHVybC5jb20vQ3VzdG9tZXJzL1Byb2ZpbGU/ZW1haWw9Zm91bmRlcjE5OTBAYWJ2LmJnIiAvPg0KICAgICAgPC9IZWFkZXJzPg0KICAgICAgPFF1ZXJ5U3RyaW5nUGFyYW1ldGVycz4NCiAgICAgICAgPFF1ZXJ5U3RyaW5nUGFyYW1ldGVyIE5hbWU9ImVtYWlsIiBWYWx1ZT0iZm91bmRlcjE5OTAlNDBhYnYuYmciIFJlY29yZGVkVmFsdWU9ImZvdW5kZXIxOTkwJTQwYWJ2LmJnIiBDb3JyZWxhdGlvbkJpbmRpbmc9IiIgVXJsRW5jb2RlPSJGYWxzZSIgVXNlVG9Hcm91cFJlc3VsdHM9IkZhbHNlIiAvPg0KICAgICAgPC9RdWVyeVN0cmluZ1BhcmFtZXRlcnM+DQogICAgPC9SZXF1ZXN0Pg0KICAgIDxSZXF1ZXN0IE1ldGhvZD0iUE9TVCIgR3VpZD0iNTE3NjFlMjUtNmQ5NC00MDIxLWFjODItOTBhZTkwNGI3YzRmIiBWZXJzaW9uPSIxLjEiIFVybD0iaHR0cDovL2lsaXlhbm5idS0wMDEtc2l0ZTEuZHRlbXB1cmwuY29tL1Byb2R1Y3RzL0N1c3RvbWVyUHJvZHVjdHMiIFRoaW5rVGltZT0iMCIgVGltZW91dD0iMzAwIiBQYXJzZURlcGVuZGVudFJlcXVlc3RzPSJUcnVlIiBGb2xsb3dSZWRpcmVjdHM9IlRydWUiIFJlY29yZFJlc3VsdD0iVHJ1ZSIgQ2FjaGU9IkZhbHNlIiBSZXNwb25zZVRpbWVHb2FsPSIwIiBFbmNvZGluZz0idXRmLTgiIEV4cGVjdGVkSHR0cFN0YXR1c0NvZGU9IjAiIEV4cGVjdGVkUmVzcG9uc2VVcmw9IiIgUmVwb3J0aW5nTmFtZT0iIiBJZ25vcmVIdHRwU3RhdHVzQ29kZT0iRmFsc2UiPg0KICAgICAgPEhlYWRlcnM+DQogICAgICAgIDxIZWFkZXIgTmFtZT0iQWNjZXB0IiBWYWx1ZT0iKi8qIiAvPg0KICAgICAgICA8SGVhZGVyIE5hbWU9IlgtUmVxdWVzdGVkLVdpdGgiIFZhbHVlPSJYTUxIdHRwUmVxdWVzdCIgLz4NCiAgICAgICAgPEhlYWRlciBOYW1lPSJSZWZlcmVyIiBWYWx1ZT0iaHR0cDovL2lsaXlhbm5idS0wMDEtc2l0ZTEuZHRlbXB1cmwuY29tL0N1c3RvbWVycy9Qcm9maWxlP2VtYWlsPWZvdW5kZXIxOTkwQGFidi5iZyIgLz4NCiAgICAgIDwvSGVhZGVycz4NCiAgICAgIDxGb3JtUG9zdEh0dHBCb2R5Pg0KICAgICAgICA8Rm9ybVBvc3RQYXJhbWV0ZXIgTmFtZT0iZW1haWwiIFZhbHVlPSJmb3VuZGVyMTk5MEBhYnYuYmciIFJlY29yZGVkVmFsdWU9ImZvdW5kZXIxOTkwQGFidi5iZyIgQ29ycmVsYXRpb25CaW5kaW5nPSJ7e0Zvcm1Qb3N0UGFyYW0yMS5lbWFpbH19IiBVcmxFbmNvZGU9IlRydWUiIC8+DQogICAgICA8L0Zvcm1Qb3N0SHR0cEJvZHk+DQogICAgPC9SZXF1ZXN0Pg0KICAgIDxSZXF1ZXN0IE1ldGhvZD0iUE9TVCIgR3VpZD0iNGIwOTRjNzktZWViZC00ZjAyLTk1ZmQtMGE3YmExZGYxZWFmIiBWZXJzaW9uPSIxLjEiIFVybD0iaHR0cDovL2lsaXlhbm5idS0wMDEtc2l0ZTEuZHRlbXB1cmwuY29tL0N1c3RvbWVycy9QaG90b3NQcm9maWxlIiBUaGlua1RpbWU9IjAiIFRpbWVvdXQ9IjMwMCIgUGFyc2VEZXBlbmRlbnRSZXF1ZXN0cz0iVHJ1ZSIgRm9sbG93UmVkaXJlY3RzPSJUcnVlIiBSZWNvcmRSZXN1bHQ9IlRydWUiIENhY2hlPSJGYWxzZSIgUmVzcG9uc2VUaW1lR29hbD0iMCIgRW5jb2Rpbmc9InV0Zi04IiBFeHBlY3RlZEh0dHBTdGF0dXNDb2RlPSIwIiBFeHBlY3RlZFJlc3BvbnNlVXJsPSIiIFJlcG9ydGluZ05hbWU9IiIgSWdub3JlSHR0cFN0YXR1c0NvZGU9IkZhbHNlIj4NCiAgICAgIDxIZWFkZXJzPg0KICAgICAgICA8SGVhZGVyIE5hbWU9IkFjY2VwdCIgVmFsdWU9IiovKiIgLz4NCiAgICAgICAgPEhlYWRlciBOYW1lPSJYLVJlcXVlc3RlZC1XaXRoIiBWYWx1ZT0iWE1MSHR0cFJlcXVlc3QiIC8+DQogICAgICAgIDxIZWFkZXIgTmFtZT0iUmVmZXJlciIgVmFsdWU9Imh0dHA6Ly9pbGl5YW5uYnUtMDAxLXNpdGUxLmR0ZW1wdXJsLmNvbS9DdXN0b21lcnMvUHJvZmlsZT9lbWFpbD1mb3VuZGVyMTk5MEBhYnYuYmciIC8+DQogICAgICA8L0hlYWRlcnM+DQogICAgICA8Rm9ybVBvc3RIdHRwQm9keT4NCiAgICAgICAgPEZvcm1Qb3N0UGFyYW1ldGVyIE5hbWU9ImVtYWlsIiBWYWx1ZT0iZm91bmRlcjE5OTBAYWJ2LmJnIiBSZWNvcmRlZFZhbHVlPSJmb3VuZGVyMTk5MEBhYnYuYmciIENvcnJlbGF0aW9uQmluZGluZz0ie3tGb3JtUG9zdFBhcmFtMjIuZW1haWx9fSIgVXJsRW5jb2RlPSJUcnVlIiAvPg0KICAgICAgPC9Gb3JtUG9zdEh0dHBCb2R5Pg0KICAgIDwvUmVxdWVzdD4NCiAgICA8UmVxdWVzdCBNZXRob2Q9IlBPU1QiIEd1aWQ9IjdhMmU0NzlmLWYzYTQtNDA0OC05NzJmLWIxMWMyNDU5NDZhZSIgVmVyc2lvbj0iMS4xIiBVcmw9Imh0dHA6Ly9pbGl5YW5uYnUtMDAxLXNpdGUxLmR0ZW1wdXJsLmNvbS9DdXN0b21lcnMvR2V0UGhvdG9zQWxidW0iIFRoaW5rVGltZT0iMSIgVGltZW91dD0iMzAwIiBQYXJzZURlcGVuZGVudFJlcXVlc3RzPSJUcnVlIiBGb2xsb3dSZWRpcmVjdHM9IlRydWUiIFJlY29yZFJlc3VsdD0iVHJ1ZSIgQ2FjaGU9IkZhbHNlIiBSZXNwb25zZVRpbWVHb2FsPSIwIiBFbmNvZGluZz0idXRmLTgiIEV4cGVjdGVkSHR0cFN0YXR1c0NvZGU9IjAiIEV4cGVjdGVkUmVzcG9uc2VVcmw9IiIgUmVwb3J0aW5nTmFtZT0iIiBJZ25vcmVIdHRwU3RhdHVzQ29kZT0iRmFsc2UiPg0KICAgICAgPEhlYWRlcnM+DQogICAgICAgIDxIZWFkZXIgTmFtZT0iQWNjZXB0IiBWYWx1ZT0iYXBwbGljYXRpb24vanNvbiwgdGV4dC9qYXZhc2NyaXB0LCAqLyo7IHE9MC4wMSIgLz4NCiAgICAgICAgPEhlYWRlciBOYW1lPSJYLVJlcXVlc3RlZC1XaXRoIiBWYWx1ZT0iWE1MSHR0cFJlcXVlc3QiIC8+DQogICAgICAgIDxIZWFkZXIgTmFtZT0iUmVmZXJlciIgVmFsdWU9Imh0dHA6Ly9pbGl5YW5uYnUtMDAxLXNpdGUxLmR0ZW1wdXJsLmNvbS9DdXN0b21lcnMvUHJvZmlsZT9lbWFpbD1mb3VuZGVyMTk5MEBhYnYuYmciIC8+DQogICAgICA8L0hlYWRlcnM+DQogICAgICA8U3RyaW5nSHR0cEJvZHkgQ29udGVudFR5cGU9ImFwcGxpY2F0aW9uL2pzb247IGNoYXJzZXQ9dXRmLTgiIEluc2VydEJ5dGVPcmRlck1hcms9IkZhbHNlIj5ld0FnQUdVQWJRQmhBR2tBYkFBNkFDSUFaZ0J2QUhVQWJnQmtBR1VBY2dBeEFEa0FPUUF3QUVBQVlRQmlBSFlBTGdCaUFHY0FJZ0I5QUE9PTwvU3RyaW5nSHR0cEJvZHk+DQogICAgPC9SZXF1ZXN0Pg0KICAgIDxSZXF1ZXN0IE1ldGhvZD0iR0VUIiBHdWlkPSI0MjQ3Nzg0Yy05ZDlkLTQ5YWEtOTNkYS0xZGYyY2RjZjEzMWUiIFZlcnNpb249IjEuMSIgVXJsPSJodHRwOi8vaWxpeWFubmJ1LTAwMS1zaXRlMS5kdGVtcHVybC5jb20vSG9tZS9Db250YWN0UGFydGlhbCIgVGhpbmtUaW1lPSIwIiBUaW1lb3V0PSIzMDAiIFBhcnNlRGVwZW5kZW50UmVxdWVzdHM9IlRydWUiIEZvbGxvd1JlZGlyZWN0cz0iVHJ1ZSIgUmVjb3JkUmVzdWx0PSJUcnVlIiBDYWNoZT0iRmFsc2UiIFJlc3BvbnNlVGltZUdvYWw9IjAiIEVuY29kaW5nPSJ1dGYtOCIgRXhwZWN0ZWRIdHRwU3RhdHVzQ29kZT0iMCIgRXhwZWN0ZWRSZXNwb25zZVVybD0iIiBSZXBvcnRpbmdOYW1lPSIiIElnbm9yZUh0dHBTdGF0dXNDb2RlPSJGYWxzZSI+DQogICAgICA8SGVhZGVycz4NCiAgICAgICAgPEhlYWRlciBOYW1lPSJBY2NlcHQiIFZhbHVlPSIqLyoiIC8+DQogICAgICAgIDxIZWFkZXIgTmFtZT0iWC1SZXF1ZXN0ZWQtV2l0aCIgVmFsdWU9IlhNTEh0dHBSZXF1ZXN0IiAvPg0KICAgICAgICA8SGVhZGVyIE5hbWU9IlJlZmVyZXIiIFZhbHVlPSJodHRwOi8vaWxpeWFubmJ1LTAwMS1zaXRlMS5kdGVtcHVybC5jb20vQ3VzdG9tZXJzL1Byb2ZpbGU/ZW1haWw9Zm91bmRlcjE5OTBAYWJ2LmJnIiAvPg0KICAgICAgPC9IZWFkZXJzPg0KICAgIDwvUmVxdWVzdD4NCiAgICA8UmVxdWVzdCBNZXRob2Q9IkdFVCIgR3VpZD0iYTEyOTA0NmItN2E2Zi00NWJlLTgyNjQtMmMxYTFkZmFlOThjIiBWZXJzaW9uPSIxLjEiIFVybD0iaHR0cHM6Ly9tYXBzLmdvb2dsZWFwaXMuY29tL21hcHMvYXBpL2pzL1ZpZXdwb3J0SW5mb1NlcnZpY2UuR2V0Vmlld3BvcnRJbmZvIiBUaGlua1RpbWU9IjAiIFRpbWVvdXQ9IjMwMCIgUGFyc2VEZXBlbmRlbnRSZXF1ZXN0cz0iVHJ1ZSIgRm9sbG93UmVkaXJlY3RzPSJUcnVlIiBSZWNvcmRSZXN1bHQ9IlRydWUiIENhY2hlPSJGYWxzZSIgUmVzcG9uc2VUaW1lR29hbD0iMCIgRW5jb2Rpbmc9InV0Zi04IiBFeHBlY3RlZEh0dHBTdGF0dXNDb2RlPSIwIiBFeHBlY3RlZFJlc3BvbnNlVXJsPSIiIFJlcG9ydGluZ05hbWU9IiIgSWdub3JlSHR0cFN0YXR1c0NvZGU9IkZhbHNlIj4NCiAgICAgIDxIZWFkZXJzPg0KICAgICAgICA8SGVhZGVyIE5hbWU9IlJlZmVyZXIiIFZhbHVlPSJodHRwczovL3d3dy5nb29nbGUuY29tL21hcHMvZW1iZWQ/cGI9ITFtMTghMW0xMiExbTMhMWQyOTM0LjcyODY1OTUxMTc0MDchMmQyMy4zNDc0NzM5NTA4OTgzNzYhM2Q0Mi42NDU5MTE5NzkwNjY1NSEybTMhMWYwITJmMCEzZjAhM20yITFpMTAyNCEyaTc2OCE0ZjEzLjEhM20zITFtMiExczB4NDBhYTg0MWYyMzRlNmZkMSUzQTB4Y2YxNzUxMTYzM2ZkYzhhZCEyejBKM1FzTkdHMExqUXZ0QzkwTERRdTlDOTBMQWcwS0hRdjlDLTBZRFJndEM5MExBZzBKRFF1dEN3MExUUXRkQzgwTGpSanlEaWdKN1FrdEN3MFlIUXVOQzdJTkNiMExYUXN0R0IwTHJRdU9LQW5BITVlMCEzbTIhMXNiZyEyc2JnITR2MTQ4ODQwMTU5MjQ4MiIgLz4NCiAgICAgIDwvSGVhZGVycz4NCiAgICAgIDxRdWVyeVN0cmluZ1BhcmFtZXRlcnM+DQogICAgICAgIDxRdWVyeVN0cmluZ1BhcmFtZXRlciBOYW1lPSIiIFZhbHVlPSIxbTYiIFJlY29yZGVkVmFsdWU9IjFtNiIgQ29ycmVsYXRpb25CaW5kaW5nPSIiIFVybEVuY29kZT0iRmFsc2UiIFVzZVRvR3JvdXBSZXN1bHRzPSJGYWxzZSIgLz4NCiAgICAgICAgPFF1ZXJ5U3RyaW5nUGFyYW1ldGVyIE5hbWU9IiIgVmFsdWU9IjFtMiIgUmVjb3JkZWRWYWx1ZT0iMW0yIiBDb3JyZWxhdGlvbkJpbmRpbmc9IiIgVXJsRW5jb2RlPSJGYWxzZSIgVXNlVG9Hcm91cFJlc3VsdHM9IkZhbHNlIiAvPg0KICAgICAgICA8UXVlcnlTdHJpbmdQYXJhbWV0ZXIgTmFtZT0iIiBWYWx1ZT0iMWQ0Mi42Mzk0NTIxNDA4MDg1IiBSZWNvcmRlZFZhbHVlPSIxZDQyLjYzOTQ1MjE0MDgwODUiIENvcnJlbGF0aW9uQmluZGluZz0iIiBVcmxFbmNvZGU9IkZhbHNlIiBVc2VUb0dyb3VwUmVzdWx0cz0iRmFsc2UiIC8+DQogICAgICAgIDxRdWVyeVN0cmluZ1BhcmFtZXRlciBOYW1lPSIiIFZhbHVlPSIyZDIzLjMxNTczNTIwMzkwOTg2NyIgUmVjb3JkZWRWYWx1ZT0iMmQyMy4zMTU3MzUyMDM5MDk4NjciIENvcnJlbGF0aW9uQmluZGluZz0iIiBVcmxFbmNvZGU9IkZhbHNlIiBVc2VUb0dyb3VwUmVzdWx0cz0iRmFsc2UiIC8+DQogICAgICAgIDxRdWVyeVN0cmluZ1BhcmFtZXRlciBOYW1lPSIiIFZhbHVlPSIybTIiIFJlY29yZGVkVmFsdWU9IjJtMiIgQ29ycmVsYXRpb25CaW5kaW5nPSIiIFVybEVuY29kZT0iRmFsc2UiIFVzZVRvR3JvdXBSZXN1bHRzPSJGYWxzZSIgLz4NCiAgICAgICAgPFF1ZXJ5U3RyaW5nUGFyYW1ldGVyIE5hbWU9IiIgVmFsdWU9IjFkNDIuNjU0MTMwNDE5MzM3NDIiIFJlY29yZGVkVmFsdWU9IjFkNDIuNjU0MTMwNDE5MzM3NDIiIENvcnJlbGF0aW9uQmluZGluZz0iIiBVcmxFbmNvZGU9IkZhbHNlIiBVc2VUb0dyb3VwUmVzdWx0cz0iRmFsc2UiIC8+DQogICAgICAgIDxRdWVyeVN0cmluZ1BhcmFtZXRlciBOYW1lPSIiIFZhbHVlPSIyZDIzLjM4MzkxODE3NTE0MDkzNCIgUmVjb3JkZWRWYWx1ZT0iMmQyMy4zODM5MTgxNzUxNDA5MzQiIENvcnJlbGF0aW9uQmluZGluZz0iIiBVcmxFbmNvZGU9IkZhbHNlIiBVc2VUb0dyb3VwUmVzdWx0cz0iRmFsc2UiIC8+DQogICAgICAgIDxRdWVyeVN0cmluZ1BhcmFtZXRlciBOYW1lPSIiIFZhbHVlPSIydTE2IiBSZWNvcmRlZFZhbHVlPSIydTE2IiBDb3JyZWxhdGlvbkJpbmRpbmc9IiIgVXJsRW5jb2RlPSJGYWxzZSIgVXNlVG9Hcm91cFJlc3VsdHM9IkZhbHNlIiAvPg0KICAgICAgICA8UXVlcnlTdHJpbmdQYXJhbWV0ZXIgTmFtZT0iIiBWYWx1ZT0iNHNlbi1VUyIgUmVjb3JkZWRWYWx1ZT0iNHNlbi1VUyIgQ29ycmVsYXRpb25CaW5kaW5nPSIiIFVybEVuY29kZT0iRmFsc2UiIFVzZVRvR3JvdXBSZXN1bHRzPSJGYWxzZSIgLz4NCiAgICAgICAgPFF1ZXJ5U3RyaW5nUGFyYW1ldGVyIE5hbWU9IiIgVmFsdWU9IjVlMCIgUmVjb3JkZWRWYWx1ZT0iNWUwIiBDb3JyZWxhdGlvbkJpbmRpbmc9IiIgVXJsRW5jb2RlPSJGYWxzZSIgVXNlVG9Hcm91cFJlc3VsdHM9IkZhbHNlIiAvPg0KICAgICAgICA8UXVlcnlTdHJpbmdQYXJhbWV0ZXIgTmFtZT0iIiBWYWx1ZT0iNnNtJTQwNDM0MDAwMDAwIiBSZWNvcmRlZFZhbHVlPSI2c20lNDA0MzQwMDAwMDAiIENvcnJlbGF0aW9uQmluZGluZz0iIiBVcmxFbmNvZGU9IkZhbHNlIiBVc2VUb0dyb3VwUmVzdWx0cz0iRmFsc2UiIC8+DQogICAgICAgIDxRdWVyeVN0cmluZ1BhcmFtZXRlciBOYW1lPSIiIFZhbHVlPSI3YjAiIFJlY29yZGVkVmFsdWU9IjdiMCIgQ29ycmVsYXRpb25CaW5kaW5nPSIiIFVybEVuY29kZT0iRmFsc2UiIFVzZVRvR3JvdXBSZXN1bHRzPSJGYWxzZSIgLz4NCiAgICAgICAgPFF1ZXJ5U3RyaW5nUGFyYW1ldGVyIE5hbWU9IiIgVmFsdWU9IjhlMCIgUmVjb3JkZWRWYWx1ZT0iOGUwIiBDb3JyZWxhdGlvbkJpbmRpbmc9IiIgVXJsRW5jb2RlPSJGYWxzZSIgVXNlVG9Hcm91cFJlc3VsdHM9IkZhbHNlIiAvPg0KICAgICAgICA8UXVlcnlTdHJpbmdQYXJhbWV0ZXIgTmFtZT0iIiBWYWx1ZT0iMTFlMjg5IiBSZWNvcmRlZFZhbHVlPSIxMWUyODkiIENvcnJlbGF0aW9uQmluZGluZz0iIiBVcmxFbmNvZGU9IkZhbHNlIiBVc2VUb0dyb3VwUmVzdWx0cz0iRmFsc2UiIC8+DQogICAgICAgIDxRdWVyeVN0cmluZ1BhcmFtZXRlciBOYW1lPSJjYWxsYmFjayIgVmFsdWU9Il94ZGNfLl8xbHZkOWkiIFJlY29yZGVkVmFsdWU9Il94ZGNfLl8xbHZkOWkiIENvcnJlbGF0aW9uQmluZGluZz0iIiBVcmxFbmNvZGU9IkZhbHNlIiBVc2VUb0dyb3VwUmVzdWx0cz0iRmFsc2UiIC8+DQogICAgICAgIDxRdWVyeVN0cmluZ1BhcmFtZXRlciBOYW1lPSJjbGllbnQiIFZhbHVlPSJnb29nbGUtbWFwcy1lbWJlZCIgUmVjb3JkZWRWYWx1ZT0iZ29vZ2xlLW1hcHMtZW1iZWQiIENvcnJlbGF0aW9uQmluZGluZz0ie3tRdWVyeVN0cmluZ1BhcmFtMjYwLmNsaWVudH19IiBVcmxFbmNvZGU9IkZhbHNlIiBVc2VUb0dyb3VwUmVzdWx0cz0iRmFsc2UiIC8+DQogICAgICAgIDxRdWVyeVN0cmluZ1BhcmFtZXRlciBOYW1lPSJ0b2tlbiIgVmFsdWU9IjE5MzciIFJlY29yZGVkVmFsdWU9IjE5MzciIENvcnJlbGF0aW9uQmluZGluZz0iIiBVcmxFbmNvZGU9IkZhbHNlIiBVc2VUb0dyb3VwUmVzdWx0cz0iRmFsc2UiIC8+DQogICAgICA8L1F1ZXJ5U3RyaW5nUGFyYW1ldGVycz4NCiAgICA8L1JlcXVlc3Q+DQogICAgPFJlcXVlc3QgTWV0aG9kPSJHRVQiIEd1aWQ9IjExNWQzYzY1LTYzNDUtNGE3ZS05YWVjLWRkNDA2YTZmMDQ0YyIgVmVyc2lvbj0iMS4xIiBVcmw9Imh0dHBzOi8vbWFwcy5nb29nbGVhcGlzLmNvbS9tYXBzL2FwaS9qcy9WaWV3cG9ydEluZm9TZXJ2aWNlLkdldFZpZXdwb3J0SW5mbyIgVGhpbmtUaW1lPSIwIiBUaW1lb3V0PSIzMDAiIFBhcnNlRGVwZW5kZW50UmVxdWVzdHM9IlRydWUiIEZvbGxvd1JlZGlyZWN0cz0iVHJ1ZSIgUmVjb3JkUmVzdWx0PSJUcnVlIiBDYWNoZT0iRmFsc2UiIFJlc3BvbnNlVGltZUdvYWw9IjAiIEVuY29kaW5nPSJ1dGYtOCIgRXhwZWN0ZWRIdHRwU3RhdHVzQ29kZT0iMCIgRXhwZWN0ZWRSZXNwb25zZVVybD0iIiBSZXBvcnRpbmdOYW1lPSIiIElnbm9yZUh0dHBTdGF0dXNDb2RlPSJGYWxzZSI+DQogICAgICA8SGVhZGVycz4NCiAgICAgICAgPEhlYWRlciBOYW1lPSJSZWZlcmVyIiBWYWx1ZT0iaHR0cHM6Ly93d3cuZ29vZ2xlLmNvbS9tYXBzL2VtYmVkP3BiPSExbTE4ITFtMTIhMW0zITFkMjkzNC43Mjg2NTk1MTE3NDA3ITJkMjMuMzQ3NDczOTUwODk4Mzc2ITNkNDIuNjQ1OTExOTc5MDY2NTUhMm0zITFmMCEyZjAhM2YwITNtMiExaTEwMjQhMmk3NjghNGYxMy4xITNtMyExbTIhMXMweDQwYWE4NDFmMjM0ZTZmZDElM0EweGNmMTc1MTE2MzNmZGM4YWQhMnowSjNRc05HRzBMalF2dEM5MExEUXU5QzkwTEFnMEtIUXY5Qy0wWURSZ3RDOTBMQWcwSkRRdXRDdzBMVFF0ZEM4MExqUmp5RGlnSjdRa3RDdzBZSFF1TkM3SU5DYjBMWFFzdEdCMExyUXVPS0FuQSE1ZTAhM20yITFzYmchMnNiZyE0djE0ODg0MDE1OTI0ODIiIC8+DQogICAgICA8L0hlYWRlcnM+DQogICAgICA8UXVlcnlTdHJpbmdQYXJhbWV0ZXJzPg0KICAgICAgICA8UXVlcnlTdHJpbmdQYXJhbWV0ZXIgTmFtZT0iIiBWYWx1ZT0iMW02IiBSZWNvcmRlZFZhbHVlPSIxbTYiIENvcnJlbGF0aW9uQmluZGluZz0iIiBVcmxFbmNvZGU9IkZhbHNlIiBVc2VUb0dyb3VwUmVzdWx0cz0iRmFsc2UiIC8+DQogICAgICAgIDxRdWVyeVN0cmluZ1BhcmFtZXRlciBOYW1lPSIiIFZhbHVlPSIxbTIiIFJlY29yZGVkVmFsdWU9IjFtMiIgQ29ycmVsYXRpb25CaW5kaW5nPSIiIFVybEVuY29kZT0iRmFsc2UiIFVzZVRvR3JvdXBSZXN1bHRzPSJGYWxzZSIgLz4NCiAgICAgICAgPFF1ZXJ5U3RyaW5nUGFyYW1ldGVyIE5hbWU9IiIgVmFsdWU9IjFkNDIuNjM5MzkwODI2NDgyMzIiIFJlY29yZGVkVmFsdWU9IjFkNDIuNjM5MzkwODI2NDgyMzIiIENvcnJlbGF0aW9uQmluZGluZz0iIiBVcmxFbmNvZGU9IkZhbHNlIiBVc2VUb0dyb3VwUmVzdWx0cz0iRmFsc2UiIC8+DQogICAgICAgIDxRdWVyeVN0cmluZ1BhcmFtZXRlciBOYW1lPSIiIFZhbHVlPSIyZDIzLjMzOTY3ODI1NzIyODc5NyIgUmVjb3JkZWRWYWx1ZT0iMmQyMy4zMzk2NzgyNTcyMjg3OTciIENvcnJlbGF0aW9uQmluZGluZz0iIiBVcmxFbmNvZGU9IkZhbHNlIiBVc2VUb0dyb3VwUmVzdWx0cz0iRmFsc2UiIC8+DQogICAgICAgIDxRdWVyeVN0cmluZ1BhcmFtZXRlciBOYW1lPSIiIFZhbHVlPSIybTIiIFJlY29yZGVkVmFsdWU9IjJtMiIgQ29ycmVsYXRpb25CaW5kaW5nPSIiIFVybEVuY29kZT0iRmFsc2UiIFVzZVRvR3JvdXBSZXN1bHRzPSJGYWxzZSIgLz4NCiAgICAgICAgPFF1ZXJ5U3RyaW5nUGFyYW1ldGVyIE5hbWU9IiIgVmFsdWU9IjFkNDIuNjU0MjY0ODA5NDE5MDQiIFJlY29yZGVkVmFsdWU9IjFkNDIuNjU0MjY0ODA5NDE5MDQiIENvcnJlbGF0aW9uQmluZGluZz0iIiBVcmxFbmNvZGU9IkZhbHNlIiBVc2VUb0dyb3VwUmVzdWx0cz0iRmFsc2UiIC8+DQogICAgICAgIDxRdWVyeVN0cmluZ1BhcmFtZXRlciBOYW1lPSIiIFZhbHVlPSIyZDIzLjM1OTgzMDEwNTA3ODU3MiIgUmVjb3JkZWRWYWx1ZT0iMmQyMy4zNTk4MzAxMDUwNzg1NzIiIENvcnJlbGF0aW9uQmluZGluZz0iIiBVcmxFbmNvZGU9IkZhbHNlIiBVc2VUb0dyb3VwUmVzdWx0cz0iRmFsc2UiIC8+DQogICAgICAgIDxRdWVyeVN0cmluZ1BhcmFtZXRlciBOYW1lPSIiIFZhbHVlPSIydTEzIiBSZWNvcmRlZFZhbHVlPSIydTEzIiBDb3JyZWxhdGlvbkJpbmRpbmc9IiIgVXJsRW5jb2RlPSJGYWxzZSIgVXNlVG9Hcm91cFJlc3VsdHM9IkZhbHNlIiAvPg0KICAgICAgICA8UXVlcnlTdHJpbmdQYXJhbWV0ZXIgTmFtZT0iIiBWYWx1ZT0iNHNlbi1VUyIgUmVjb3JkZWRWYWx1ZT0iNHNlbi1VUyIgQ29ycmVsYXRpb25CaW5kaW5nPSIiIFVybEVuY29kZT0iRmFsc2UiIFVzZVRvR3JvdXBSZXN1bHRzPSJGYWxzZSIgLz4NCiAgICAgICAgPFF1ZXJ5U3RyaW5nUGFyYW1ldGVyIE5hbWU9IiIgVmFsdWU9IjVlMiIgUmVjb3JkZWRWYWx1ZT0iNWUyIiBDb3JyZWxhdGlvbkJpbmRpbmc9IiIgVXJsRW5jb2RlPSJGYWxzZSIgVXNlVG9Hcm91cFJlc3VsdHM9IkZhbHNlIiAvPg0KICAgICAgICA8UXVlcnlTdHJpbmdQYXJhbWV0ZXIgTmFtZT0iIiBWYWx1ZT0iN2IwIiBSZWNvcmRlZFZhbHVlPSI3YjAiIENvcnJlbGF0aW9uQmluZGluZz0iIiBVcmxFbmNvZGU9IkZhbHNlIiBVc2VUb0dyb3VwUmVzdWx0cz0iRmFsc2UiIC8+DQogICAgICAgIDxRdWVyeVN0cmluZ1BhcmFtZXRlciBOYW1lPSIiIFZhbHVlPSI4ZTAiIFJlY29yZGVkVmFsdWU9IjhlMCIgQ29ycmVsYXRpb25CaW5kaW5nPSIiIFVybEVuY29kZT0iRmFsc2UiIFVzZVRvR3JvdXBSZXN1bHRzPSJGYWxzZSIgLz4NCiAgICAgICAgPFF1ZXJ5U3RyaW5nUGFyYW1ldGVyIE5hbWU9IiIgVmFsdWU9IjExZTI4OSIgUmVjb3JkZWRWYWx1ZT0iMTFlMjg5IiBDb3JyZWxhdGlvbkJpbmRpbmc9IiIgVXJsRW5jb2RlPSJGYWxzZSIgVXNlVG9Hcm91cFJlc3VsdHM9IkZhbHNlIiAvPg0KICAgICAgICA8UXVlcnlTdHJpbmdQYXJhbWV0ZXIgTmFtZT0iY2FsbGJhY2siIFZhbHVlPSJfeGRjXy5fZnFwdjExIiBSZWNvcmRlZFZhbHVlPSJfeGRjXy5fZnFwdjExIiBDb3JyZWxhdGlvbkJpbmRpbmc9IiIgVXJsRW5jb2RlPSJGYWxzZSIgVXNlVG9Hcm91cFJlc3VsdHM9IkZhbHNlIiAvPg0KICAgICAgICA8UXVlcnlTdHJpbmdQYXJhbWV0ZXIgTmFtZT0iY2xpZW50IiBWYWx1ZT0iZ29vZ2xlLW1hcHMtZW1iZWQiIFJlY29yZGVkVmFsdWU9Imdvb2dsZS1tYXBzLWVtYmVkIiBDb3JyZWxhdGlvbkJpbmRpbmc9Int7UXVlcnlTdHJpbmdQYXJhbTc4OC5jbGllbnR9fSIgVXJsRW5jb2RlPSJGYWxzZSIgVXNlVG9Hcm91cFJlc3VsdHM9IkZhbHNlIiAvPg0KICAgICAgICA8UXVlcnlTdHJpbmdQYXJhbWV0ZXIgTmFtZT0idG9rZW4iIFZhbHVlPSIxMDIxMzEiIFJlY29yZGVkVmFsdWU9IjEwMjEzMSIgQ29ycmVsYXRpb25CaW5kaW5nPSIiIFVybEVuY29kZT0iRmFsc2UiIFVzZVRvR3JvdXBSZXN1bHRzPSJGYWxzZSIgLz4NCiAgICAgIDwvUXVlcnlTdHJpbmdQYXJhbWV0ZXJzPg0KICAgIDwvUmVxdWVzdD4NCiAgICA8UmVxdWVzdCBNZXRob2Q9IkdFVCIgR3VpZD0iNmFkNzZkMGUtZWJjOS00OTBmLWIwMmMtNTg4Zjc4MDU3ZDRhIiBWZXJzaW9uPSIxLjEiIFVybD0iaHR0cDovL2lsaXlhbm5idS0wMDEtc2l0ZTEuZHRlbXB1cmwuY29tL0hvbWUvQWJvdXRQYXJ0aWFsIiBUaGlua1RpbWU9IjgiIFRpbWVvdXQ9IjMwMCIgUGFyc2VEZXBlbmRlbnRSZXF1ZXN0cz0iVHJ1ZSIgRm9sbG93UmVkaXJlY3RzPSJUcnVlIiBSZWNvcmRSZXN1bHQ9IlRydWUiIENhY2hlPSJGYWxzZSIgUmVzcG9uc2VUaW1lR29hbD0iMCIgRW5jb2Rpbmc9InV0Zi04IiBFeHBlY3RlZEh0dHBTdGF0dXNDb2RlPSIwIiBFeHBlY3RlZFJlc3BvbnNlVXJsPSIiIFJlcG9ydGluZ05hbWU9IiIgSWdub3JlSHR0cFN0YXR1c0NvZGU9IkZhbHNlIj4NCiAgICAgIDxIZWFkZXJzPg0KICAgICAgICA8SGVhZGVyIE5hbWU9IkFjY2VwdCIgVmFsdWU9IiovKiIgLz4NCiAgICAgICAgPEhlYWRlciBOYW1lPSJYLVJlcXVlc3RlZC1XaXRoIiBWYWx1ZT0iWE1MSHR0cFJlcXVlc3QiIC8+DQogICAgICAgIDxIZWFkZXIgTmFtZT0iUmVmZXJlciIgVmFsdWU9Imh0dHA6Ly9pbGl5YW5uYnUtMDAxLXNpdGUxLmR0ZW1wdXJsLmNvbS9Ib21lL0NvbnRhY3QiIC8+DQogICAgICA8L0hlYWRlcnM+DQogICAgPC9SZXF1ZXN0Pg0KICAgIDxSZXF1ZXN0IE1ldGhvZD0iUE9TVCIgR3VpZD0iYWI1MDY5ZjEtYzRhYS00M2JiLThlYmItNzUzZDkxYjRmOWFhIiBWZXJzaW9uPSIxLjEiIFVybD0iaHR0cDovL2lsaXlhbm5idS0wMDEtc2l0ZTEuZHRlbXB1cmwuY29tL1Byb2R1Y3RzL1NlYXJjaFBhcnRpYWwiIFRoaW5rVGltZT0iMyIgVGltZW91dD0iMzAwIiBQYXJzZURlcGVuZGVudFJlcXVlc3RzPSJUcnVlIiBGb2xsb3dSZWRpcmVjdHM9IlRydWUiIFJlY29yZFJlc3VsdD0iVHJ1ZSIgQ2FjaGU9IkZhbHNlIiBSZXNwb25zZVRpbWVHb2FsPSIwIiBFbmNvZGluZz0idXRmLTgiIEV4cGVjdGVkSHR0cFN0YXR1c0NvZGU9IjAiIEV4cGVjdGVkUmVzcG9uc2VVcmw9IiIgUmVwb3J0aW5nTmFtZT0iIiBJZ25vcmVIdHRwU3RhdHVzQ29kZT0iRmFsc2UiPg0KICAgICAgPEhlYWRlcnM+DQogICAgICAgIDxIZWFkZXIgTmFtZT0iQWNjZXB0IiBWYWx1ZT0iKi8qIiAvPg0KICAgICAgICA8SGVhZGVyIE5hbWU9IlgtUmVxdWVzdGVkLVdpdGgiIFZhbHVlPSJYTUxIdHRwUmVxdWVzdCIgLz4NCiAgICAgICAgPEhlYWRlciBOYW1lPSJSZWZlcmVyIiBWYWx1ZT0iaHR0cDovL2lsaXlhbm5idS0wMDEtc2l0ZTEuZHRlbXB1cmwuY29tL0hvbWUvQWJvdXQiIC8+DQogICAgICA8L0hlYWRlcnM+DQogICAgICA8Q29ycmVsYXRpb25FeHRyYWN0aW9uUnVsZXM+DQogICAgICAgIDxFeHRyYWN0aW9uUnVsZSBDbGFzc25hbWU9Ik1pY3Jvc29mdC5WaXN1YWxTdHVkaW8uVGVzdFRvb2xzLldlYlRlc3RpbmcuUnVsZXMuRXh0cmFjdFRleHQsIE1pY3Jvc29mdC5WaXN1YWxTdHVkaW8uUXVhbGl0eVRvb2xzLldlYlRlc3RGcmFtZXdvcmssIFZlcnNpb249MTAuMC4wLjAsIEN1bHR1cmU9bmV1dHJhbCwgUHVibGljS2V5VG9rZW49YjAzZjVmN2YxMWQ1MGEzYSIgVmFyaWFibGVOYW1lPSJGb3JtUG9zdFBhcmFtMjMucHJvZHVjdElkIiBEaXNwbGF5TmFtZT0iIiBEZXNjcmlwdGlvbj0iIj4NCiAgICAgICAgICA8UnVsZVBhcmFtZXRlcnM+DQogICAgICAgICAgICA8UnVsZVBhcmFtZXRlciBOYW1lPSJTdGFydHNXaXRoIiBWYWx1ZT0iIGlkPSZxdW90OyIgLz4NCiAgICAgICAgICAgIDxSdWxlUGFyYW1ldGVyIE5hbWU9IkVuZHNXaXRoIiBWYWx1ZT0iJnF1b3Q7IGhyZSIgLz4NCiAgICAgICAgICAgIDxSdWxlUGFyYW1ldGVyIE5hbWU9IkluZGV4IiBWYWx1ZT0iNCIgLz4NCiAgICAgICAgICAgIDxSdWxlUGFyYW1ldGVyIE5hbWU9Iklnbm9yZUNhc2UiIFZhbHVlPSJGYWxzZSIgLz4NCiAgICAgICAgICAgIDxSdWxlUGFyYW1ldGVyIE5hbWU9IlVzZVJlZ3VsYXJFeHByZXNzaW9uIiBWYWx1ZT0iRmFsc2UiIC8+DQogICAgICAgICAgICA8UnVsZVBhcmFtZXRlciBOYW1lPSJIdG1sRGVjb2RlIiBWYWx1ZT0iVHJ1ZSIgLz4NCiAgICAgICAgICAgIDxSdWxlUGFyYW1ldGVyIE5hbWU9IlJlcXVpcmVkIiBWYWx1ZT0iRmFsc2UiIC8+DQogICAgICAgICAgPC9SdWxlUGFyYW1ldGVycz4NCiAgICAgICAgPC9FeHRyYWN0aW9uUnVsZT4NCiAgICAgICAgPEV4dHJhY3Rpb25SdWxlIENsYXNzbmFtZT0iTWljcm9zb2Z0LlZpc3VhbFN0dWRpby5UZXN0VG9vbHMuV2ViVGVzdGluZy5SdWxlcy5FeHRyYWN0VGV4dCwgTWljcm9zb2Z0LlZpc3VhbFN0dWRpby5RdWFsaXR5VG9vbHMuV2ViVGVzdEZyYW1ld29yaywgVmVyc2lvbj0xMC4wLjAuMCwgQ3VsdHVyZT1uZXV0cmFsLCBQdWJsaWNLZXlUb2tlbj1iMDNmNWY3ZjExZDUwYTNhIiBWYXJpYWJsZU5hbWU9IkZvcm1Qb3N0UGFyYW0yNC5wcm9kdWN0SWQiIERpc3BsYXlOYW1lPSIiIERlc2NyaXB0aW9uPSIiPg0KICAgICAgICAgIDxSdWxlUGFyYW1ldGVycz4NCiAgICAgICAgICAgIDxSdWxlUGFyYW1ldGVyIE5hbWU9IlN0YXJ0c1dpdGgiIFZhbHVlPSIgaWQ9JnF1b3Q7IiAvPg0KICAgICAgICAgICAgPFJ1bGVQYXJhbWV0ZXIgTmFtZT0iRW5kc1dpdGgiIFZhbHVlPSImcXVvdDsgaHJlIiAvPg0KICAgICAgICAgICAgPFJ1bGVQYXJhbWV0ZXIgTmFtZT0iSW5kZXgiIFZhbHVlPSI0IiAvPg0KICAgICAgICAgICAgPFJ1bGVQYXJhbWV0ZXIgTmFtZT0iSWdub3JlQ2FzZSIgVmFsdWU9IkZhbHNlIiAvPg0KICAgICAgICAgICAgPFJ1bGVQYXJhbWV0ZXIgTmFtZT0iVXNlUmVndWxhckV4cHJlc3Npb24iIFZhbHVlPSJGYWxzZSIgLz4NCiAgICAgICAgICAgIDxSdWxlUGFyYW1ldGVyIE5hbWU9Ikh0bWxEZWNvZGUiIFZhbHVlPSJUcnVlIiAvPg0KICAgICAgICAgICAgPFJ1bGVQYXJhbWV0ZXIgTmFtZT0iUmVxdWlyZWQiIFZhbHVlPSJGYWxzZSIgLz4NCiAgICAgICAgICA8L1J1bGVQYXJhbWV0ZXJzPg0KICAgICAgICA8L0V4dHJhY3Rpb25SdWxlPg0KICAgICAgICA8RXh0cmFjdGlvblJ1bGUgQ2xhc3NuYW1lPSJNaWNyb3NvZnQuVmlzdWFsU3R1ZGlvLlRlc3RUb29scy5XZWJUZXN0aW5nLlJ1bGVzLkV4dHJhY3RUZXh0LCBNaWNyb3NvZnQuVmlzdWFsU3R1ZGlvLlF1YWxpdHlUb29scy5XZWJUZXN0RnJhbWV3b3JrLCBWZXJzaW9uPTEwLjAuMC4wLCBDdWx0dXJlPW5ldXRyYWwsIFB1YmxpY0tleVRva2VuPWIwM2Y1ZjdmMTFkNTBhM2EiIFZhcmlhYmxlTmFtZT0iRm9ybVBvc3RQYXJhbTI1LnByb2R1Y3RJZCIgRGlzcGxheU5hbWU9IiIgRGVzY3JpcHRpb249IiI+DQogICAgICAgICAgPFJ1bGVQYXJhbWV0ZXJzPg0KICAgICAgICAgICAgPFJ1bGVQYXJhbWV0ZXIgTmFtZT0iU3RhcnRzV2l0aCIgVmFsdWU9IiBpZD0mcXVvdDsiIC8+DQogICAgICAgICAgICA8UnVsZVBhcmFtZXRlciBOYW1lPSJFbmRzV2l0aCIgVmFsdWU9IiZxdW90OyBocmUiIC8+DQogICAgICAgICAgICA8UnVsZVBhcmFtZXRlciBOYW1lPSJJbmRleCIgVmFsdWU9IjQiIC8+DQogICAgICAgICAgICA8UnVsZVBhcmFtZXRlciBOYW1lPSJJZ25vcmVDYXNlIiBWYWx1ZT0iRmFsc2UiIC8+DQogICAgICAgICAgICA8UnVsZVBhcmFtZXRlciBOYW1lPSJVc2VSZWd1bGFyRXhwcmVzc2lvbiIgVmFsdWU9IkZhbHNlIiAvPg0KICAgICAgICAgICAgPFJ1bGVQYXJhbWV0ZXIgTmFtZT0iSHRtbERlY29kZSIgVmFsdWU9IlRydWUiIC8+DQogICAgICAgICAgICA8UnVsZVBhcmFtZXRlciBOYW1lPSJSZXF1aXJlZCIgVmFsdWU9IkZhbHNlIiAvPg0KICAgICAgICAgIDwvUnVsZVBhcmFtZXRlcnM+DQogICAgICAgIDwvRXh0cmFjdGlvblJ1bGU+DQogICAgICAgIDxFeHRyYWN0aW9uUnVsZSBDbGFzc25hbWU9Ik1pY3Jvc29mdC5WaXN1YWxTdHVkaW8uVGVzdFRvb2xzLldlYlRlc3RpbmcuUnVsZXMuRXh0cmFjdFRleHQsIE1pY3Jvc29mdC5WaXN1YWxTdHVkaW8uUXVhbGl0eVRvb2xzLldlYlRlc3RGcmFtZXdvcmssIFZlcnNpb249MTAuMC4wLjAsIEN1bHR1cmU9bmV1dHJhbCwgUHVibGljS2V5VG9rZW49YjAzZjVmN2YxMWQ1MGEzYSIgVmFyaWFibGVOYW1lPSJGb3JtUG9zdFBhcmFtMjYucHJvZHVjdElkIiBEaXNwbGF5TmFtZT0iIiBEZXNjcmlwdGlvbj0iIj4NCiAgICAgICAgICA8UnVsZVBhcmFtZXRlcnM+DQogICAgICAgICAgICA8UnVsZVBhcmFtZXRlciBOYW1lPSJTdGFydHNXaXRoIiBWYWx1ZT0iIGlkPSZxdW90OyIgLz4NCiAgICAgICAgICAgIDxSdWxlUGFyYW1ldGVyIE5hbWU9IkVuZHNXaXRoIiBWYWx1ZT0iJnF1b3Q7IGhyZSIgLz4NCiAgICAgICAgICAgIDxSdWxlUGFyYW1ldGVyIE5hbWU9IkluZGV4IiBWYWx1ZT0iNCIgLz4NCiAgICAgICAgICAgIDxSdWxlUGFyYW1ldGVyIE5hbWU9Iklnbm9yZUNhc2UiIFZhbHVlPSJGYWxzZSIgLz4NCiAgICAgICAgICAgIDxSdWxlUGFyYW1ldGVyIE5hbWU9IlVzZVJlZ3VsYXJFeHByZXNzaW9uIiBWYWx1ZT0iRmFsc2UiIC8+DQogICAgICAgICAgICA8UnVsZVBhcmFtZXRlciBOYW1lPSJIdG1sRGVjb2RlIiBWYWx1ZT0iVHJ1ZSIgLz4NCiAgICAgICAgICAgIDxSdWxlUGFyYW1ldGVyIE5hbWU9IlJlcXVpcmVkIiBWYWx1ZT0iRmFsc2UiIC8+DQogICAgICAgICAgPC9SdWxlUGFyYW1ldGVycz4NCiAgICAgICAgPC9FeHRyYWN0aW9uUnVsZT4NCiAgICAgICAgPEV4dHJhY3Rpb25SdWxlIENsYXNzbmFtZT0iTWljcm9zb2Z0LlZpc3VhbFN0dWRpby5UZXN0VG9vbHMuV2ViVGVzdGluZy5SdWxlcy5FeHRyYWN0VGV4dCwgTWljcm9zb2Z0LlZpc3VhbFN0dWRpby5RdWFsaXR5VG9vbHMuV2ViVGVzdEZyYW1ld29yaywgVmVyc2lvbj0xMC4wLjAuMCwgQ3VsdHVyZT1uZXV0cmFsLCBQdWJsaWNLZXlUb2tlbj1iMDNmNWY3ZjExZDUwYTNhIiBWYXJpYWJsZU5hbWU9IkZvcm1Qb3N0UGFyYW0yNy5wcm9kdWN0SWQiIERpc3BsYXlOYW1lPSIiIERlc2NyaXB0aW9uPSIiPg0KICAgICAgICAgIDxSdWxlUGFyYW1ldGVycz4NCiAgICAgICAgICAgIDxSdWxlUGFyYW1ldGVyIE5hbWU9IlN0YXJ0c1dpdGgiIFZhbHVlPSIgaWQ9JnF1b3Q7IiAvPg0KICAgICAgICAgICAgPFJ1bGVQYXJhbWV0ZXIgTmFtZT0iRW5kc1dpdGgiIFZhbHVlPSImcXVvdDsgaHJlIiAvPg0KICAgICAgICAgICAgPFJ1bGVQYXJhbWV0ZXIgTmFtZT0iSW5kZXgiIFZhbHVlPSI0IiAvPg0KICAgICAgICAgICAgPFJ1bGVQYXJhbWV0ZXIgTmFtZT0iSWdub3JlQ2FzZSIgVmFsdWU9IkZhbHNlIiAvPg0KICAgICAgICAgICAgPFJ1bGVQYXJhbWV0ZXIgTmFtZT0iVXNlUmVndWxhckV4cHJlc3Npb24iIFZhbHVlPSJGYWxzZSIgLz4NCiAgICAgICAgICAgIDxSdWxlUGFyYW1ldGVyIE5hbWU9Ikh0bWxEZWNvZGUiIFZhbHVlPSJUcnVlIiAvPg0KICAgICAgICAgICAgPFJ1bGVQYXJhbWV0ZXIgTmFtZT0iUmVxdWlyZWQiIFZhbHVlPSJGYWxzZSIgLz4NCiAgICAgICAgICA8L1J1bGVQYXJhbWV0ZXJzPg0KICAgICAgICA8L0V4dHJhY3Rpb25SdWxlPg0KICAgICAgICA8RXh0cmFjdGlvblJ1bGUgQ2xhc3NuYW1lPSJNaWNyb3NvZnQuVmlzdWFsU3R1ZGlvLlRlc3RUb29scy5XZWJUZXN0aW5nLlJ1bGVzLkV4dHJhY3RUZXh0LCBNaWNyb3NvZnQuVmlzdWFsU3R1ZGlvLlF1YWxpdHlUb29scy5XZWJUZXN0RnJhbWV3b3JrLCBWZXJzaW9uPTEwLjAuMC4wLCBDdWx0dXJlPW5ldXRyYWwsIFB1YmxpY0tleVRva2VuPWIwM2Y1ZjdmMTFkNTBhM2EiIFZhcmlhYmxlTmFtZT0iRm9ybVBvc3RQYXJhbTI4LnByb2R1Y3RJZCIgRGlzcGxheU5hbWU9IiIgRGVzY3JpcHRpb249IiI+DQogICAgICAgICAgPFJ1bGVQYXJhbWV0ZXJzPg0KICAgICAgICAgICAgPFJ1bGVQYXJhbWV0ZXIgTmFtZT0iU3RhcnRzV2l0aCIgVmFsdWU9IiBpZD0mcXVvdDsiIC8+DQogICAgICAgICAgICA8UnVsZVBhcmFtZXRlciBOYW1lPSJFbmRzV2l0aCIgVmFsdWU9IiZxdW90OyBocmUiIC8+DQogICAgICAgICAgICA8UnVsZVBhcmFtZXRlciBOYW1lPSJJbmRleCIgVmFsdWU9IjciIC8+DQogICAgICAgICAgICA8UnVsZVBhcmFtZXRlciBOYW1lPSJJZ25vcmVDYXNlIiBWYWx1ZT0iRmFsc2UiIC8+DQogICAgICAgICAgICA8UnVsZVBhcmFtZXRlciBOYW1lPSJVc2VSZWd1bGFyRXhwcmVzc2lvbiIgVmFsdWU9IkZhbHNlIiAvPg0KICAgICAgICAgICAgPFJ1bGVQYXJhbWV0ZXIgTmFtZT0iSHRtbERlY29kZSIgVmFsdWU9IlRydWUiIC8+DQogICAgICAgICAgICA8UnVsZVBhcmFtZXRlciBOYW1lPSJSZXF1aXJlZCIgVmFsdWU9IkZhbHNlIiAvPg0KICAgICAgICAgIDwvUnVsZVBhcmFtZXRlcnM+DQogICAgICAgIDwvRXh0cmFjdGlvblJ1bGU+DQogICAgICAgIDxFeHRyYWN0aW9uUnVsZSBDbGFzc25hbWU9Ik1pY3Jvc29mdC5WaXN1YWxTdHVkaW8uVGVzdFRvb2xzLldlYlRlc3RpbmcuUnVsZXMuRXh0cmFjdFRleHQsIE1pY3Jvc29mdC5WaXN1YWxTdHVkaW8uUXVhbGl0eVRvb2xzLldlYlRlc3RGcmFtZXdvcmssIFZlcnNpb249MTAuMC4wLjAsIEN1bHR1cmU9bmV1dHJhbCwgUHVibGljS2V5VG9rZW49YjAzZjVmN2YxMWQ1MGEzYSIgVmFyaWFibGVOYW1lPSJGb3JtUG9zdFBhcmFtMjkucHJvZHVjdElkIiBEaXNwbGF5TmFtZT0iIiBEZXNjcmlwdGlvbj0iIj4NCiAgICAgICAgICA8UnVsZVBhcmFtZXRlcnM+DQogICAgICAgICAgICA8UnVsZVBhcmFtZXRlciBOYW1lPSJTdGFydHNXaXRoIiBWYWx1ZT0iIGlkPSZxdW90OyIgLz4NCiAgICAgICAgICAgIDxSdWxlUGFyYW1ldGVyIE5hbWU9IkVuZHNXaXRoIiBWYWx1ZT0iJnF1b3Q7IGhyZSIgLz4NCiAgICAgICAgICAgIDxSdWxlUGFyYW1ldGVyIE5hbWU9IkluZGV4IiBWYWx1ZT0iNyIgLz4NCiAgICAgICAgICAgIDxSdWxlUGFyYW1ldGVyIE5hbWU9Iklnbm9yZUNhc2UiIFZhbHVlPSJGYWxzZSIgLz4NCiAgICAgICAgICAgIDxSdWxlUGFyYW1ldGVyIE5hbWU9IlVzZVJlZ3VsYXJFeHByZXNzaW9uIiBWYWx1ZT0iRmFsc2UiIC8+DQogICAgICAgICAgICA8UnVsZVBhcmFtZXRlciBOYW1lPSJIdG1sRGVjb2RlIiBWYWx1ZT0iVHJ1ZSIgLz4NCiAgICAgICAgICAgIDxSdWxlUGFyYW1ldGVyIE5hbWU9IlJlcXVpcmVkIiBWYWx1ZT0iRmFsc2UiIC8+DQogICAgICAgICAgPC9SdWxlUGFyYW1ldGVycz4NCiAgICAgICAgPC9FeHRyYWN0aW9uUnVsZT4NCiAgICAgIDwvQ29ycmVsYXRpb25FeHRyYWN0aW9uUnVsZXM+DQogICAgICA8Rm9ybVBvc3RIdHRwQm9keT4NCiAgICAgICAgPEZvcm1Qb3N0UGFyYW1ldGVyIE5hbWU9InNlYXJjaCIgVmFsdWU9InBybyIgUmVjb3JkZWRWYWx1ZT0icHJvIiBDb3JyZWxhdGlvbkJpbmRpbmc9IiIgVXJsRW5jb2RlPSJUcnVlIiAvPg0KICAgICAgICA8Rm9ybVBvc3RQYXJhbWV0ZXIgTmFtZT0icHJpY2VGcm9tIiBWYWx1ZT0iIiBSZWNvcmRlZFZhbHVlPSIiIENvcnJlbGF0aW9uQmluZGluZz0iIiBVcmxFbmNvZGU9IlRydWUiIC8+DQogICAgICAgIDxGb3JtUG9zdFBhcmFtZXRlciBOYW1lPSJwcmljZVRvIiBWYWx1ZT0iIiBSZWNvcmRlZFZhbHVlPSIiIENvcnJlbGF0aW9uQmluZGluZz0iIiBVcmxFbmNvZGU9IlRydWUiIC8+DQogICAgICA8L0Zvcm1Qb3N0SHR0cEJvZHk+DQogICAgPC9SZXF1ZXN0Pg0KICAgIDxSZXF1ZXN0IE1ldGhvZD0iUE9TVCIgR3VpZD0iYzA3YTMzOTUtYzE4Yy00MzNiLTg1OWEtYTA2NjJmMGY5YjFjIiBWZXJzaW9uPSIxLjEiIFVybD0iaHR0cDovL2lsaXlhbm5idS0wMDEtc2l0ZTEuZHRlbXB1cmwuY29tL1Byb2R1Y3RzL1Byb2R1Y3RQYXJ0aWFsIiBUaGlua1RpbWU9IjAiIFRpbWVvdXQ9IjMwMCIgUGFyc2VEZXBlbmRlbnRSZXF1ZXN0cz0iVHJ1ZSIgRm9sbG93UmVkaXJlY3RzPSJUcnVlIiBSZWNvcmRSZXN1bHQ9IlRydWUiIENhY2hlPSJGYWxzZSIgUmVzcG9uc2VUaW1lR29hbD0iMCIgRW5jb2Rpbmc9InV0Zi04IiBFeHBlY3RlZEh0dHBTdGF0dXNDb2RlPSIwIiBFeHBlY3RlZFJlc3BvbnNlVXJsPSIiIFJlcG9ydGluZ05hbWU9IiIgSWdub3JlSHR0cFN0YXR1c0NvZGU9IkZhbHNlIj4NCiAgICAgIDxIZWFkZXJzPg0KICAgICAgICA8SGVhZGVyIE5hbWU9IkFjY2VwdCIgVmFsdWU9InRleHQvaHRtbCwgKi8qOyBxPTAuMDEiIC8+DQogICAgICAgIDxIZWFkZXIgTmFtZT0iWC1SZXF1ZXN0ZWQtV2l0aCIgVmFsdWU9IlhNTEh0dHBSZXF1ZXN0IiAvPg0KICAgICAgICA8SGVhZGVyIE5hbWU9IlJlZmVyZXIiIFZhbHVlPSJodHRwOi8vaWxpeWFubmJ1LTAwMS1zaXRlMS5kdGVtcHVybC5jb20vUHJvZHVjdHMvU2VhcmNoP3NlYXJjaD1wcm8mYW1wO3ByaWNlRnJvbT0wJmFtcDtwcmljZVRvPSIgLz4NCiAgICAgIDwvSGVhZGVycz4NCiAgICAgIDxGb3JtUG9zdEh0dHBCb2R5Pg0KICAgICAgICA8Rm9ybVBvc3RQYXJhbWV0ZXIgTmFtZT0icHJvZHVjdElkIiBWYWx1ZT0iMTEiIFJlY29yZGVkVmFsdWU9IjExIiBDb3JyZWxhdGlvbkJpbmRpbmc9Int7Rm9ybVBvc3RQYXJhbTIzLnByb2R1Y3RJZH19IiBVcmxFbmNvZGU9IlRydWUiIC8+DQogICAgICA8L0Zvcm1Qb3N0SHR0cEJvZHk+DQogICAgPC9SZXF1ZXN0Pg0KICAgIDxSZXF1ZXN0IE1ldGhvZD0iUE9TVCIgR3VpZD0iNDJkOTQyNGQtMTI5MS00Yjk0LWJkNzctM2JjODkzYzJlMDJkIiBWZXJzaW9uPSIxLjEiIFVybD0iaHR0cDovL2lsaXlhbm5idS0wMDEtc2l0ZTEuZHRlbXB1cmwuY29tL1Byb2R1Y3RzL0dldE1heUxpa2VQcm9kdWN0cyIgVGhpbmtUaW1lPSIwIiBUaW1lb3V0PSIzMDAiIFBhcnNlRGVwZW5kZW50UmVxdWVzdHM9IlRydWUiIEZvbGxvd1JlZGlyZWN0cz0iVHJ1ZSIgUmVjb3JkUmVzdWx0PSJUcnVlIiBDYWNoZT0iRmFsc2UiIFJlc3BvbnNlVGltZUdvYWw9IjAiIEVuY29kaW5nPSJ1dGYtOCIgRXhwZWN0ZWRIdHRwU3RhdHVzQ29kZT0iMCIgRXhwZWN0ZWRSZXNwb25zZVVybD0iIiBSZXBvcnRpbmdOYW1lPSIiIElnbm9yZUh0dHBTdGF0dXNDb2RlPSJGYWxzZSI+DQogICAgICA8SGVhZGVycz4NCiAgICAgICAgPEhlYWRlciBOYW1lPSJBY2NlcHQiIFZhbHVlPSIqLyoiIC8+DQogICAgICAgIDxIZWFkZXIgTmFtZT0iWC1SZXF1ZXN0ZWQtV2l0aCIgVmFsdWU9IlhNTEh0dHBSZXF1ZXN0IiAvPg0KICAgICAgICA8SGVhZGVyIE5hbWU9IlJlZmVyZXIiIFZhbHVlPSJodHRwOi8vaWxpeWFubmJ1LTAwMS1zaXRlMS5kdGVtcHVybC5jb20vUHJvZHVjdHMvUHJvZHVjdC8xMSIgLz4NCiAgICAgIDwvSGVhZGVycz4NCiAgICAgIDxGb3JtUG9zdEh0dHBCb2R5Pg0KICAgICAgICA8Rm9ybVBvc3RQYXJhbWV0ZXIgTmFtZT0icHJvZHVjdElkIiBWYWx1ZT0iMTEiIFJlY29yZGVkVmFsdWU9IjExIiBDb3JyZWxhdGlvbkJpbmRpbmc9Int7Rm9ybVBvc3RQYXJhbTI0LnByb2R1Y3RJZH19IiBVcmxFbmNvZGU9IlRydWUiIC8+DQogICAgICA8L0Zvcm1Qb3N0SHR0cEJvZHk+DQogICAgPC9SZXF1ZXN0Pg0KICAgIDxSZXF1ZXN0IE1ldGhvZD0iUE9TVCIgR3VpZD0iNmEwOTM4MTgtNmMwOS00Mzk4LTlkN2UtZGQzMzU3MmJiM2ViIiBWZXJzaW9uPSIxLjEiIFVybD0iaHR0cDovL2lsaXlhbm5idS0wMDEtc2l0ZTEuZHRlbXB1cmwuY29tL1Byb2R1Y3RzL0NoZWNrUHJvZHVjdEZhdm9yaXRlcyIgVGhpbmtUaW1lPSIwIiBUaW1lb3V0PSIzMDAiIFBhcnNlRGVwZW5kZW50UmVxdWVzdHM9IlRydWUiIEZvbGxvd1JlZGlyZWN0cz0iVHJ1ZSIgUmVjb3JkUmVzdWx0PSJUcnVlIiBDYWNoZT0iRmFsc2UiIFJlc3BvbnNlVGltZUdvYWw9IjAiIEVuY29kaW5nPSJ1dGYtOCIgRXhwZWN0ZWRIdHRwU3RhdHVzQ29kZT0iMCIgRXhwZWN0ZWRSZXNwb25zZVVybD0iIiBSZXBvcnRpbmdOYW1lPSIiIElnbm9yZUh0dHBTdGF0dXNDb2RlPSJGYWxzZSI+DQogICAgICA8SGVhZGVycz4NCiAgICAgICAgPEhlYWRlciBOYW1lPSJBY2NlcHQiIFZhbHVlPSIqLyoiIC8+DQogICAgICAgIDxIZWFkZXIgTmFtZT0iWC1SZXF1ZXN0ZWQtV2l0aCIgVmFsdWU9IlhNTEh0dHBSZXF1ZXN0IiAvPg0KICAgICAgICA8SGVhZGVyIE5hbWU9IlJlZmVyZXIiIFZhbHVlPSJodHRwOi8vaWxpeWFubmJ1LTAwMS1zaXRlMS5kdGVtcHVybC5jb20vUHJvZHVjdHMvUHJvZHVjdC8xMSIgLz4NCiAgICAgIDwvSGVhZGVycz4NCiAgICAgIDxGb3JtUG9zdEh0dHBCb2R5Pg0KICAgICAgICA8Rm9ybVBvc3RQYXJhbWV0ZXIgTmFtZT0icHJvZHVjdElkIiBWYWx1ZT0iMTEiIFJlY29yZGVkVmFsdWU9IjExIiBDb3JyZWxhdGlvbkJpbmRpbmc9Int7Rm9ybVBvc3RQYXJhbTI1LnByb2R1Y3RJZH19IiBVcmxFbmNvZGU9IlRydWUiIC8+DQogICAgICA8L0Zvcm1Qb3N0SHR0cEJvZHk+DQogICAgPC9SZXF1ZXN0Pg0KICAgIDxSZXF1ZXN0IE1ldGhvZD0iUE9TVCIgR3VpZD0iZWMwNDA5ZDItOGY3Yy00ZGNlLWJjMzYtZDljZTcwNjkxZDg3IiBWZXJzaW9uPSIxLjEiIFVybD0iaHR0cDovL2lsaXlhbm5idS0wMDEtc2l0ZTEuZHRlbXB1cmwuY29tL1Byb2R1Y3RzL0dldFJhdGluZ3MiIFRoaW5rVGltZT0iMCIgVGltZW91dD0iMzAwIiBQYXJzZURlcGVuZGVudFJlcXVlc3RzPSJUcnVlIiBGb2xsb3dSZWRpcmVjdHM9IlRydWUiIFJlY29yZFJlc3VsdD0iVHJ1ZSIgQ2FjaGU9IkZhbHNlIiBSZXNwb25zZVRpbWVHb2FsPSIwIiBFbmNvZGluZz0idXRmLTgiIEV4cGVjdGVkSHR0cFN0YXR1c0NvZGU9IjAiIEV4cGVjdGVkUmVzcG9uc2VVcmw9IiIgUmVwb3J0aW5nTmFtZT0iIiBJZ25vcmVIdHRwU3RhdHVzQ29kZT0iRmFsc2UiPg0KICAgICAgPEhlYWRlcnM+DQogICAgICAgIDxIZWFkZXIgTmFtZT0iQWNjZXB0IiBWYWx1ZT0iKi8qIiAvPg0KICAgICAgICA8SGVhZGVyIE5hbWU9IlgtUmVxdWVzdGVkLVdpdGgiIFZhbHVlPSJYTUxIdHRwUmVxdWVzdCIgLz4NCiAgICAgICAgPEhlYWRlciBOYW1lPSJSZWZlcmVyIiBWYWx1ZT0iaHR0cDovL2lsaXlhbm5idS0wMDEtc2l0ZTEuZHRlbXB1cmwuY29tL1Byb2R1Y3RzL1Byb2R1Y3QvMTEiIC8+DQogICAgICA8L0hlYWRlcnM+DQogICAgICA8Rm9ybVBvc3RIdHRwQm9keT4NCiAgICAgICAgPEZvcm1Qb3N0UGFyYW1ldGVyIE5hbWU9InByb2R1Y3RJZCIgVmFsdWU9IjExIiBSZWNvcmRlZFZhbHVlPSIxMSIgQ29ycmVsYXRpb25CaW5kaW5nPSJ7e0Zvcm1Qb3N0UGFyYW0yNi5wcm9kdWN0SWR9fSIgVXJsRW5jb2RlPSJUcnVlIiAvPg0KICAgICAgPC9Gb3JtUG9zdEh0dHBCb2R5Pg0KICAgIDwvUmVxdWVzdD4NCiAgICA8UmVxdWVzdCBNZXRob2Q9IlBPU1QiIEd1aWQ9ImVlYmM3N2E0LTJlNTEtNDY3ZC04OGQ4LWVkM2IxNTc1YjRkOSIgVmVyc2lvbj0iMS4xIiBVcmw9Imh0dHA6Ly9pbGl5YW5uYnUtMDAxLXNpdGUxLmR0ZW1wdXJsLmNvbS9Qcm9kdWN0cy9HZXRDb21tZW50cyIgVGhpbmtUaW1lPSIwIiBUaW1lb3V0PSIzMDAiIFBhcnNlRGVwZW5kZW50UmVxdWVzdHM9IlRydWUiIEZvbGxvd1JlZGlyZWN0cz0iVHJ1ZSIgUmVjb3JkUmVzdWx0PSJUcnVlIiBDYWNoZT0iRmFsc2UiIFJlc3BvbnNlVGltZUdvYWw9IjAiIEVuY29kaW5nPSJ1dGYtOCIgRXhwZWN0ZWRIdHRwU3RhdHVzQ29kZT0iMCIgRXhwZWN0ZWRSZXNwb25zZVVybD0iIiBSZXBvcnRpbmdOYW1lPSIiIElnbm9yZUh0dHBTdGF0dXNDb2RlPSJGYWxzZSI+DQogICAgICA8SGVhZGVycz4NCiAgICAgICAgPEhlYWRlciBOYW1lPSJBY2NlcHQiIFZhbHVlPSIqLyoiIC8+DQogICAgICAgIDxIZWFkZXIgTmFtZT0iWC1SZXF1ZXN0ZWQtV2l0aCIgVmFsdWU9IlhNTEh0dHBSZXF1ZXN0IiAvPg0KICAgICAgICA8SGVhZGVyIE5hbWU9IlJlZmVyZXIiIFZhbHVlPSJodHRwOi8vaWxpeWFubmJ1LTAwMS1zaXRlMS5kdGVtcHVybC5jb20vUHJvZHVjdHMvUHJvZHVjdC8xMSIgLz4NCiAgICAgIDwvSGVhZGVycz4NCiAgICAgIDxGb3JtUG9zdEh0dHBCb2R5Pg0KICAgICAgICA8Rm9ybVBvc3RQYXJhbWV0ZXIgTmFtZT0icHJvZHVjdElkIiBWYWx1ZT0iMTEiIFJlY29yZGVkVmFsdWU9IjExIiBDb3JyZWxhdGlvbkJpbmRpbmc9Int7Rm9ybVBvc3RQYXJhbTI3LnByb2R1Y3RJZH19IiBVcmxFbmNvZGU9IlRydWUiIC8+DQogICAgICA8L0Zvcm1Qb3N0SHR0cEJvZHk+DQogICAgPC9SZXF1ZXN0Pg0KICAgIDxSZXF1ZXN0IE1ldGhvZD0iUE9TVCIgR3VpZD0iYjA3NjVjM2YtNDFkMS00NDE5LTk2MDEtMGMxNTA2Yzg3ZTMzIiBWZXJzaW9uPSIxLjEiIFVybD0iaHR0cDovL2lsaXlhbm5idS0wMDEtc2l0ZTEuZHRlbXB1cmwuY29tL1Byb2R1Y3RzL1VzZXJzIiBUaGlua1RpbWU9IjMiIFRpbWVvdXQ9IjMwMCIgUGFyc2VEZXBlbmRlbnRSZXF1ZXN0cz0iVHJ1ZSIgRm9sbG93UmVkaXJlY3RzPSJUcnVlIiBSZWNvcmRSZXN1bHQ9IlRydWUiIENhY2hlPSJGYWxzZSIgUmVzcG9uc2VUaW1lR29hbD0iMCIgRW5jb2Rpbmc9InV0Zi04IiBFeHBlY3RlZEh0dHBTdGF0dXNDb2RlPSIwIiBFeHBlY3RlZFJlc3BvbnNlVXJsPSIiIFJlcG9ydGluZ05hbWU9IiIgSWdub3JlSHR0cFN0YXR1c0NvZGU9IkZhbHNlIj4NCiAgICAgIDxIZWFkZXJzPg0KICAgICAgICA8SGVhZGVyIE5hbWU9IkFjY2VwdCIgVmFsdWU9IiovKiIgLz4NCiAgICAgICAgPEhlYWRlciBOYW1lPSJYLVJlcXVlc3RlZC1XaXRoIiBWYWx1ZT0iWE1MSHR0cFJlcXVlc3QiIC8+DQogICAgICAgIDxIZWFkZXIgTmFtZT0iUmVmZXJlciIgVmFsdWU9Imh0dHA6Ly9pbGl5YW5uYnUtMDAxLXNpdGUxLmR0ZW1wdXJsLmNvbS9Qcm9kdWN0cy9Qcm9kdWN0LzExIiAvPg0KICAgICAgPC9IZWFkZXJzPg0KICAgICAgPFN0cmluZ0h0dHBCb2R5IENvbnRlbnRUeXBlPSIiIEluc2VydEJ5dGVPcmRlck1hcms9IkZhbHNlIj4NCiAgICAgIDwvU3RyaW5nSHR0cEJvZHk+DQogICAgPC9SZXF1ZXN0Pg0KICAgIDxSZXF1ZXN0IE1ldGhvZD0iUE9TVCIgR3VpZD0iOTM0NTYyOGUtMjQ5Ny00YmVhLTgyMTEtMDI1NjZlNzI4NWY3IiBWZXJzaW9uPSIxLjEiIFVybD0iaHR0cDovL2lsaXlhbm5idS0wMDEtc2l0ZTEuZHRlbXB1cmwuY29tL0hvbWUvUmVtb3ZlUHJvZHVjdEZyb21DYXJ0IiBUaGlua1RpbWU9IjMiIFRpbWVvdXQ9IjMwMCIgUGFyc2VEZXBlbmRlbnRSZXF1ZXN0cz0iVHJ1ZSIgRm9sbG93UmVkaXJlY3RzPSJUcnVlIiBSZWNvcmRSZXN1bHQ9IlRydWUiIENhY2hlPSJGYWxzZSIgUmVzcG9uc2VUaW1lR29hbD0iMCIgRW5jb2Rpbmc9InV0Zi04IiBFeHBlY3RlZEh0dHBTdGF0dXNDb2RlPSIwIiBFeHBlY3RlZFJlc3BvbnNlVXJsPSIiIFJlcG9ydGluZ05hbWU9IiIgSWdub3JlSHR0cFN0YXR1c0NvZGU9IkZhbHNlIj4NCiAgICAgIDxIZWFkZXJzPg0KICAgICAgICA8SGVhZGVyIE5hbWU9IkFjY2VwdCIgVmFsdWU9ImFwcGxpY2F0aW9uL2pzb24sIHRleHQvamF2YXNjcmlwdCwgKi8qOyBxPTAuMDEiIC8+DQogICAgICAgIDxIZWFkZXIgTmFtZT0iWC1SZXF1ZXN0ZWQtV2l0aCIgVmFsdWU9IlhNTEh0dHBSZXF1ZXN0IiAvPg0KICAgICAgICA8SGVhZGVyIE5hbWU9IlJlZmVyZXIiIFZhbHVlPSJodHRwOi8vaWxpeWFubmJ1LTAwMS1zaXRlMS5kdGVtcHVybC5jb20vUHJvZHVjdHMvUHJvZHVjdC8xMSIgLz4NCiAgICAgIDwvSGVhZGVycz4NCiAgICAgIDxTdHJpbmdIdHRwQm9keSBDb250ZW50VHlwZT0iYXBwbGljYXRpb24vanNvbjsgY2hhcnNldD11dGYtOCIgSW5zZXJ0Qnl0ZU9yZGVyTWFyaz0iRmFsc2UiPmV3QWdBSEFBY2dCdkFHUUFkUUJqQUhRQVNRQmtBRG9BT0FCOUFBPT08L1N0cmluZ0h0dHBCb2R5Pg0KICAgIDwvUmVxdWVzdD4NCiAgICA8UmVxdWVzdCBNZXRob2Q9IlBPU1QiIEd1aWQ9ImE3NmRjMzVhLWQ4OWEtNDQ1NC1iNTQ5LTYxNGI2Y2Y1ODgzNiIgVmVyc2lvbj0iMS4xIiBVcmw9Imh0dHA6Ly9pbGl5YW5uYnUtMDAxLXNpdGUxLmR0ZW1wdXJsLmNvbS9Qcm9kdWN0cy9SZW1vdmVQcm9kdWN0RmF2b3JpdGVzIiBUaGlua1RpbWU9IjAiIFRpbWVvdXQ9IjMwMCIgUGFyc2VEZXBlbmRlbnRSZXF1ZXN0cz0iVHJ1ZSIgRm9sbG93UmVkaXJlY3RzPSJUcnVlIiBSZWNvcmRSZXN1bHQ9IlRydWUiIENhY2hlPSJGYWxzZSIgUmVzcG9uc2VUaW1lR29hbD0iMCIgRW5jb2Rpbmc9InV0Zi04IiBFeHBlY3RlZEh0dHBTdGF0dXNDb2RlPSIwIiBFeHBlY3RlZFJlc3BvbnNlVXJsPSIiIFJlcG9ydGluZ05hbWU9IiIgSWdub3JlSHR0cFN0YXR1c0NvZGU9IkZhbHNlIj4NCiAgICAgIDxIZWFkZXJzPg0KICAgICAgICA8SGVhZGVyIE5hbWU9IkFjY2VwdCIgVmFsdWU9IiovKiIgLz4NCiAgICAgICAgPEhlYWRlciBOYW1lPSJYLVJlcXVlc3RlZC1XaXRoIiBWYWx1ZT0iWE1MSHR0cFJlcXVlc3QiIC8+DQogICAgICAgIDxIZWFkZXIgTmFtZT0iUmVmZXJlciIgVmFsdWU9Imh0dHA6Ly9pbGl5YW5uYnUtMDAxLXNpdGUxLmR0ZW1wdXJsLmNvbS9Qcm9kdWN0cy9Qcm9kdWN0LzExIiAvPg0KICAgICAgPC9IZWFkZXJzPg0KICAgICAgPEZvcm1Qb3N0SHR0cEJvZHk+DQogICAgICAgIDxGb3JtUG9zdFBhcmFtZXRlciBOYW1lPSJwcm9kdWN0SWQiIFZhbHVlPSI4IiBSZWNvcmRlZFZhbHVlPSI4IiBDb3JyZWxhdGlvbkJpbmRpbmc9Int7Rm9ybVBvc3RQYXJhbTI4LnByb2R1Y3RJZH19IiBVcmxFbmNvZGU9IlRydWUiIC8+DQogICAgICA8L0Zvcm1Qb3N0SHR0cEJvZHk+DQogICAgPC9SZXF1ZXN0Pg0KICAgIDxSZXF1ZXN0IE1ldGhvZD0iR0VUIiBHdWlkPSIwMTI2Mzk2Mi1mMDY4LTRmODUtYWVkZS05NjU0YjJlZTU1MjEiIFZlcnNpb249IjEuMSIgVXJsPSJodHRwOi8vaWxpeWFubmJ1LTAwMS1zaXRlMS5kdGVtcHVybC5jb20vUHJvZHVjdHMvR2V0RmF2b3JpdGVzQ291bnQiIFRoaW5rVGltZT0iMCIgVGltZW91dD0iMzAwIiBQYXJzZURlcGVuZGVudFJlcXVlc3RzPSJUcnVlIiBGb2xsb3dSZWRpcmVjdHM9IlRydWUiIFJlY29yZFJlc3VsdD0iVHJ1ZSIgQ2FjaGU9IkZhbHNlIiBSZXNwb25zZVRpbWVHb2FsPSIwIiBFbmNvZGluZz0idXRmLTgiIEV4cGVjdGVkSHR0cFN0YXR1c0NvZGU9IjAiIEV4cGVjdGVkUmVzcG9uc2VVcmw9IiIgUmVwb3J0aW5nTmFtZT0iIiBJZ25vcmVIdHRwU3RhdHVzQ29kZT0iRmFsc2UiPg0KICAgICAgPEhlYWRlcnM+DQogICAgICAgIDxIZWFkZXIgTmFtZT0iQWNjZXB0IiBWYWx1ZT0iKi8qIiAvPg0KICAgICAgICA8SGVhZGVyIE5hbWU9IlgtUmVxdWVzdGVkLVdpdGgiIFZhbHVlPSJYTUxIdHRwUmVxdWVzdCIgLz4NCiAgICAgICAgPEhlYWRlciBOYW1lPSJSZWZlcmVyIiBWYWx1ZT0iaHR0cDovL2lsaXlhbm5idS0wMDEtc2l0ZTEuZHRlbXB1cmwuY29tL1Byb2R1Y3RzL1Byb2R1Y3QvMTEiIC8+DQogICAgICA8L0hlYWRlcnM+DQogICAgPC9SZXF1ZXN0Pg0KICAgIDxSZXF1ZXN0IE1ldGhvZD0iUE9TVCIgR3VpZD0iYTBlMTRiNTctNWZmZi00YzE5LTgxYmYtMDYzZjkyYmY1YmJhIiBWZXJzaW9uPSIxLjEiIFVybD0iaHR0cDovL2lsaXlhbm5idS0wMDEtc2l0ZTEuZHRlbXB1cmwuY29tL1Byb2R1Y3RzL0NoZWNrUHJvZHVjdEZhdm9yaXRlcyIgVGhpbmtUaW1lPSIwIiBUaW1lb3V0PSIzMDAiIFBhcnNlRGVwZW5kZW50UmVxdWVzdHM9IlRydWUiIEZvbGxvd1JlZGlyZWN0cz0iVHJ1ZSIgUmVjb3JkUmVzdWx0PSJUcnVlIiBDYWNoZT0iRmFsc2UiIFJlc3BvbnNlVGltZUdvYWw9IjAiIEVuY29kaW5nPSJ1dGYtOCIgRXhwZWN0ZWRIdHRwU3RhdHVzQ29kZT0iMCIgRXhwZWN0ZWRSZXNwb25zZVVybD0iIiBSZXBvcnRpbmdOYW1lPSIiIElnbm9yZUh0dHBTdGF0dXNDb2RlPSJGYWxzZSI+DQogICAgICA8SGVhZGVycz4NCiAgICAgICAgPEhlYWRlciBOYW1lPSJBY2NlcHQiIFZhbHVlPSIqLyoiIC8+DQogICAgICAgIDxIZWFkZXIgTmFtZT0iWC1SZXF1ZXN0ZWQtV2l0aCIgVmFsdWU9IlhNTEh0dHBSZXF1ZXN0IiAvPg0KICAgICAgICA8SGVhZGVyIE5hbWU9IlJlZmVyZXIiIFZhbHVlPSJodHRwOi8vaWxpeWFubmJ1LTAwMS1zaXRlMS5kdGVtcHVybC5jb20vUHJvZHVjdHMvUHJvZHVjdC8xMSIgLz4NCiAgICAgIDwvSGVhZGVycz4NCiAgICAgIDxGb3JtUG9zdEh0dHBCb2R5Pg0KICAgICAgICA8Rm9ybVBvc3RQYXJhbWV0ZXIgTmFtZT0icHJvZHVjdElkIiBWYWx1ZT0iOCIgUmVjb3JkZWRWYWx1ZT0iOCIgQ29ycmVsYXRpb25CaW5kaW5nPSJ7e0Zvcm1Qb3N0UGFyYW0yOS5wcm9kdWN0SWR9fSIgVXJsRW5jb2RlPSJUcnVlIiAvPg0KICAgICAgPC9Gb3JtUG9zdEh0dHBCb2R5Pg0KICAgIDwvUmVxdWVzdD4NCiAgPC9JdGVtcz4NCiAgPFZhbGlkYXRpb25SdWxlcz4NCiAgICA8VmFsaWRhdGlvblJ1bGUgQ2xhc3NuYW1lPSJNaWNyb3NvZnQuVmlzdWFsU3R1ZGlvLlRlc3RUb29scy5XZWJUZXN0aW5nLlJ1bGVzLlZhbGlkYXRlUmVzcG9uc2VVcmwsIE1pY3Jvc29mdC5WaXN1YWxTdHVkaW8uUXVhbGl0eVRvb2xzLldlYlRlc3RGcmFtZXdvcmssIFZlcnNpb249MTAuMC4wLjAsIEN1bHR1cmU9bmV1dHJhbCwgUHVibGljS2V5VG9rZW49YjAzZjVmN2YxMWQ1MGEzYSIgRGlzcGxheU5hbWU9IlJlc3BvbnNlIFVSTCIgRGVzY3JpcHRpb249IlZhbGlkYXRlcyB0aGF0IHRoZSByZXNwb25zZSBVUkwgYWZ0ZXIgcmVkaXJlY3RzIGFyZSBmb2xsb3dlZCBpcyB0aGUgc2FtZSBhcyB0aGUgcmVjb3JkZWQgcmVzcG9uc2UgVVJMLiAgUXVlcnlTdHJpbmcgcGFyYW1ldGVycyBhcmUgaWdub3JlZC4iIExldmVsPSJMb3ciIEV4ZWN0dWlvbk9yZGVyPSJCZWZvcmVEZXBlbmRlbnRzIiAvPg0KICAgIDxWYWxpZGF0aW9uUnVsZSBDbGFzc25hbWU9Ik1pY3Jvc29mdC5WaXN1YWxTdHVkaW8uVGVzdFRvb2xzLldlYlRlc3RpbmcuUnVsZXMuVmFsaWRhdGlvblJ1bGVSZXNwb25zZVRpbWVHb2FsLCBNaWNyb3NvZnQuVmlzdWFsU3R1ZGlvLlF1YWxpdHlUb29scy5XZWJUZXN0RnJhbWV3b3JrLCBWZXJzaW9uPTEwLjAuMC4wLCBDdWx0dXJlPW5ldXRyYWwsIFB1YmxpY0tleVRva2VuPWIwM2Y1ZjdmMTFkNTBhM2EiIERpc3BsYXlOYW1lPSJSZXNwb25zZSBUaW1lIEdvYWwiIERlc2NyaXB0aW9uPSJWYWxpZGF0ZXMgdGhhdCB0aGUgcmVzcG9uc2UgdGltZSBmb3IgdGhlIHJlcXVlc3QgaXMgbGVzcyB0aGFuIG9yIGVxdWFsIHRvIHRoZSByZXNwb25zZSB0aW1lIGdvYWwgYXMgc3BlY2lmaWVkIG9uIHRoZSByZXF1ZXN0LiAgUmVzcG9uc2UgdGltZSBnb2FscyBvZiB6ZXJvIHdpbGwgYmUgaWdub3JlZC4iIExldmVsPSJMb3ciIEV4ZWN0dWlvbk9yZGVyPSJBZnRlckRlcGVuZGVudHMiPg0KICAgICAgPFJ1bGVQYXJhbWV0ZXJzPg0KICAgICAgICA8UnVsZVBhcmFtZXRlciBOYW1lPSJUb2xlcmFuY2UiIFZhbHVlPSIwIiAvPg0KICAgICAgPC9SdWxlUGFyYW1ldGVycz4NCiAgICA8L1ZhbGlkYXRpb25SdWxlPg0KICA8L1ZhbGlkYXRpb25SdWxlcz4NCjwvV2ViVGVzdD4=">
      <Execution id="697da72f-336a-49ee-9c4b-e92c6a0b104a" />
    </WebTest>
  </TestDefinitions>
  <TestLists>
    <TestList name="Results Not in a List" id="8c84fa94-04c1-424b-9868-57a2d4851a1d" />
    <TestList name="All Loaded Results" id="19431567-8539-422a-85d7-44ee4e166bda" />
  </TestLists>
  <TestEntries>
    <TestEntry isTransparent="false" testId="3d742aef-e631-4067-bde6-e0ea927e6537" executionId="697da72f-336a-49ee-9c4b-e92c6a0b104a" testListId="8c84fa94-04c1-424b-9868-57a2d4851a1d" />
  </TestEntries>
  <Results>
    <WebTestResult executionId="697da72f-336a-49ee-9c4b-e92c6a0b104a" testId="3d742aef-e631-4067-bde6-e0ea927e6537" testName="WebTest2" computerName="ILIYAN" duration="00:00:10.5387386" startTime="2018-09-06T13:18:35.7543420+03:00" endTime="2018-09-06T13:18:56.9492529+03:00" testType="4e7599fa-5ecb-43e9-a887-cd63cf72d207" outcome="Failed" testListId="8c84fa94-04c1-424b-9868-57a2d4851a1d" relativeResultsDirectory="697da72f-336a-49ee-9c4b-e92c6a0b104a">
      <Output>
        <ErrorInfo>
          <Message>6 primary requests, 0 dependant requests and 0 conditional rules failed</Message>
        </ErrorInfo>
      </Output>
      <ResultFiles>
        <ResultFile path="WebTest2.webtestResult" />
      </ResultFiles>
      <TestSettings name="Local" id="71777822-dd7c-4c22-8564-916f74d40ac4">
        <Description>These are default test settings for a local test run.</Description>
        <Deployment runDeploymentRoot="Iliyan_ILIYAN 2018-09-06 13_18_34">
          <DeploymentItem filename="F:\favorita\c#\Visual Studio 2015\MVC-Projects\OnlineShoeKing\OnlineShoeKing\bin\OnlineShoeKing.dll" />
        </Deployment>
        <Execution hostProcessPlatform="MSIL">
          <TestTypeSpecific>
            <UnitTestRunConfig testTypeId="13cdc9d9-ddb5-4fa4-a97d-d965ccfc6d4b">
              <AssemblyResolution>
                <TestDirectory useLoadContext="true" />
              </AssemblyResolution>
            </UnitTestRunConfig>
            <WebTestRunConfiguration testTypeId="4e7599fa-5ecb-43e9-a887-cd63cf72d207">
              <Browser name="Internet Explorer 9.0" MaxConnections="6">
                <Headers>
                  <Header name="User-Agent" value="Mozilla/5.0 (compatible; MSIE 9.0; Windows NT 6.1; Trident/5.0)" />
                  <Header name="Accept" value="*/*" />
                  <Header name="Accept-Language" value="{{$IEAcceptLanguage}}" />
                  <Header name="Accept-Encoding" value="GZIP" />
                </Headers>
              </Browser>
            </WebTestRunConfiguration>
          </TestTypeSpecific>
          <AgentRule name="LocalMachineDefaultRole">
          </AgentRule>
        </Execution>
        <Properties>
          <Property name="TestSettingsUIType" value="UnitTest" />
        </Properties>
      </TestSettings>
      <WebTestResultFilePath>Iliyan_ILIYAN 2018-09-06 13_18_34\In\697da72f-336a-49ee-9c4b-e92c6a0b104a\WebTest2.webtestResult</WebTestResultFilePath>
    </WebTestResult>
  </Results>
</TestRun>